[0.006s] Invoking command in '/home/catherine-maglione/yolo_backup/build/nuturtlebot_msgs': CMAKE_PREFIX_PATH=${CMAKE_PREFIX_PATH}:/home/catherine-maglione/yolo_home/src/me495_yolo/install/me495_yolo:/opt/ros/jazzy /usr/bin/cmake /home/catherine-maglione/yolo_backup/nuturtlebot_msgs -DCMAKE_INSTALL_PREFIX=/home/catherine-maglione/yolo_backup/install/nuturtlebot_msgs
[0.121s] -- The C compiler identification is GNU 13.2.0
[0.212s] -- The CXX compiler identification is GNU 13.2.0
[0.233s] -- Detecting C compiler ABI info
[0.340s] -- Detecting C compiler ABI info - done
[0.351s] -- Check for working C compiler: /usr/bin/cc - skipped
[0.352s] -- Detecting C compile features
[0.352s] -- Detecting C compile features - done
[0.365s] -- Detecting CXX compiler ABI info
[0.485s] -- Detecting CXX compiler ABI info - done
[0.497s] -- Check for working CXX compiler: /usr/bin/c++ - skipped
[0.497s] -- Detecting CXX compile features
[0.498s] -- Detecting CXX compile features - done
[0.506s] -- Found ament_cmake: 2.5.2 (/opt/ros/jazzy/share/ament_cmake/cmake)
[0.637s] -- Found Python3: /usr/bin/python3 (found version "3.12.3") found components: Interpreter 
[0.739s] -- Found builtin_interfaces: 2.0.2 (/opt/ros/jazzy/share/builtin_interfaces/cmake)
[0.771s] -- Found rosidl_generator_c: 4.6.3 (/opt/ros/jazzy/share/rosidl_generator_c/cmake)
[0.781s] -- Found rosidl_generator_cpp: 4.6.3 (/opt/ros/jazzy/share/rosidl_generator_cpp/cmake)
[0.795s] -- Using all available rosidl_typesupport_c: rosidl_typesupport_fastrtps_c;rosidl_typesupport_introspection_c
[0.808s] -- Using all available rosidl_typesupport_cpp: rosidl_typesupport_fastrtps_cpp;rosidl_typesupport_introspection_cpp
[0.820s] -- Found rosidl_default_generators: 1.6.0 (/opt/ros/jazzy/share/rosidl_default_generators/cmake)
[0.832s] -- Found rosidl_adapter: 4.6.3 (/opt/ros/jazzy/share/rosidl_adapter/cmake)
[1.295s] -- Found ament_cmake_ros: 0.12.0 (/opt/ros/jazzy/share/ament_cmake_ros/cmake)
[1.992s] -- Using all available rosidl_typesupport_c: rosidl_typesupport_fastrtps_c;rosidl_typesupport_introspection_c
[2.214s] -- Using all available rosidl_typesupport_cpp: rosidl_typesupport_fastrtps_cpp;rosidl_typesupport_introspection_cpp
[2.219s] -- Found python_cmake_module: 0.11.1 (/opt/ros/jazzy/share/python_cmake_module/cmake)
[2.352s] -- Found PythonExtra: /usr/bin/python3  
[2.660s] -- Found Python3: /usr/bin/python3 (found version "3.12.3") found components: Interpreter Development NumPy Development.Module Development.Embed 
[2.698s] -- Configuring done (2.7s)
[2.713s] -- Generating done (0.0s)
[2.714s] -- Build files have been written to: /home/catherine-maglione/yolo_backup/build/nuturtlebot_msgs
[2.718s] Invoked command in '/home/catherine-maglione/yolo_backup/build/nuturtlebot_msgs' returned '0': CMAKE_PREFIX_PATH=${CMAKE_PREFIX_PATH}:/home/catherine-maglione/yolo_home/src/me495_yolo/install/me495_yolo:/opt/ros/jazzy /usr/bin/cmake /home/catherine-maglione/yolo_backup/nuturtlebot_msgs -DCMAKE_INSTALL_PREFIX=/home/catherine-maglione/yolo_backup/install/nuturtlebot_msgs
[2.718s] Invoking command in '/home/catherine-maglione/yolo_backup/build/nuturtlebot_msgs': CMAKE_PREFIX_PATH=${CMAKE_PREFIX_PATH}:/home/catherine-maglione/yolo_home/src/me495_yolo/install/me495_yolo:/opt/ros/jazzy /usr/bin/cmake --build /home/catherine-maglione/yolo_backup/build/nuturtlebot_msgs -- -j32 -l32
[2.775s] [  2%] [34m[1mGenerating type hashes for ROS interfaces[0m
[2.778s] [  2%] Built target ament_cmake_python_copy_nuturtlebot_msgs
[2.909s] running egg_info
[2.910s] creating nuturtlebot_msgs.egg-info
[2.918s] [  2%] Built target nuturtlebot_msgs__rosidl_generator_type_description
[2.922s] writing nuturtlebot_msgs.egg-info/PKG-INFO
[2.922s] writing dependency_links to nuturtlebot_msgs.egg-info/dependency_links.txt
[2.922s] writing top-level names to nuturtlebot_msgs.egg-info/top_level.txt
[2.922s] writing manifest file 'nuturtlebot_msgs.egg-info/SOURCES.txt'
[2.926s] [  4%] [34m[1mGenerating C code for ROS interfaces[0m
[2.933s] [  6%] [34m[1mGenerating C++ code for ROS interfaces[0m
[2.958s] reading manifest file 'nuturtlebot_msgs.egg-info/SOURCES.txt'
[2.958s] writing manifest file 'nuturtlebot_msgs.egg-info/SOURCES.txt'
[2.975s] [  6%] Built target ament_cmake_python_build_nuturtlebot_msgs_egg
[3.104s] [  6%] Built target nuturtlebot_msgs__cpp
[3.119s] [  9%] [32mBuilding C object CMakeFiles/nuturtlebot_msgs__rosidl_generator_c.dir/rosidl_generator_c/nuturtlebot_msgs/msg/detail/sensor_data__description.c.o[0m
[3.119s] [ 11%] [32mBuilding C object CMakeFiles/nuturtlebot_msgs__rosidl_generator_c.dir/rosidl_generator_c/nuturtlebot_msgs/msg/detail/sensor_data__functions.c.o[0m
[3.119s] [ 13%] [32mBuilding C object CMakeFiles/nuturtlebot_msgs__rosidl_generator_c.dir/rosidl_generator_c/nuturtlebot_msgs/msg/detail/sensor_data__type_support.c.o[0m
[3.119s] [ 15%] [32mBuilding C object CMakeFiles/nuturtlebot_msgs__rosidl_generator_c.dir/rosidl_generator_c/nuturtlebot_msgs/msg/detail/wheel_commands__description.c.o[0m
[3.120s] [ 20%] [32mBuilding C object CMakeFiles/nuturtlebot_msgs__rosidl_generator_c.dir/rosidl_generator_c/nuturtlebot_msgs/msg/detail/wheel_commands__type_support.c.o[0m
[3.120s] [ 20%] [32mBuilding C object CMakeFiles/nuturtlebot_msgs__rosidl_generator_c.dir/rosidl_generator_c/nuturtlebot_msgs/msg/detail/wheel_commands__functions.c.o[0m
[3.158s] [ 22%] [32m[1mLinking C shared library libnuturtlebot_msgs__rosidl_generator_c.so[0m
[3.190s] [ 22%] Built target nuturtlebot_msgs__rosidl_generator_c
[3.201s] [ 25%] [34m[1mGenerating C++ introspection for ROS interfaces[0m
[3.201s] [ 27%] [34m[1mGenerating C introspection for ROS interfaces[0m
[3.202s] [ 29%] [34m[1mGenerating C++ type support dispatch for ROS interfaces[0m
[3.204s] [ 31%] [34m[1mGenerating C type support dispatch for ROS interfaces[0m
[3.205s] [ 34%] [34m[1mGenerating C type support for eProsima Fast-RTPS[0m
[3.205s] [ 36%] [34m[1mGenerating C++ type support for eProsima Fast-RTPS[0m
[3.377s] [ 40%] [32mBuilding CXX object CMakeFiles/nuturtlebot_msgs__rosidl_typesupport_c.dir/rosidl_typesupport_c/nuturtlebot_msgs/msg/sensor_data__type_support.cpp.o[0m
[3.377s] [ 40%] [32mBuilding CXX object CMakeFiles/nuturtlebot_msgs__rosidl_typesupport_c.dir/rosidl_typesupport_c/nuturtlebot_msgs/msg/wheel_commands__type_support.cpp.o[0m
[3.377s] [ 43%] [32mBuilding CXX object CMakeFiles/nuturtlebot_msgs__rosidl_typesupport_cpp.dir/rosidl_typesupport_cpp/nuturtlebot_msgs/msg/wheel_commands__type_support.cpp.o[0m
[3.377s] [ 45%] [32mBuilding CXX object CMakeFiles/nuturtlebot_msgs__rosidl_typesupport_cpp.dir/rosidl_typesupport_cpp/nuturtlebot_msgs/msg/sensor_data__type_support.cpp.o[0m
[3.384s] [ 52%] [32mBuilding C object CMakeFiles/nuturtlebot_msgs__rosidl_typesupport_introspection_c.dir/rosidl_typesupport_introspection_c/nuturtlebot_msgs/msg/detail/sensor_data__type_support.c.o[0m
[3.384s] [ 52%] [32mBuilding CXX object CMakeFiles/nuturtlebot_msgs__rosidl_typesupport_introspection_cpp.dir/rosidl_typesupport_introspection_cpp/nuturtlebot_msgs/msg/detail/wheel_commands__type_support.cpp.o[0m
[3.384s] [ 52%] [32mBuilding C object CMakeFiles/nuturtlebot_msgs__rosidl_typesupport_introspection_c.dir/rosidl_typesupport_introspection_c/nuturtlebot_msgs/msg/detail/wheel_commands__type_support.c.o[0m
[3.385s] [ 54%] [32mBuilding CXX object CMakeFiles/nuturtlebot_msgs__rosidl_typesupport_introspection_cpp.dir/rosidl_typesupport_introspection_cpp/nuturtlebot_msgs/msg/detail/sensor_data__type_support.cpp.o[0m
[3.405s] [ 56%] [32m[1mLinking CXX shared library libnuturtlebot_msgs__rosidl_typesupport_c.so[0m
[3.406s] [ 59%] [32mBuilding CXX object CMakeFiles/nuturtlebot_msgs__rosidl_typesupport_fastrtps_c.dir/rosidl_typesupport_fastrtps_c/nuturtlebot_msgs/msg/detail/wheel_commands__type_support_c.cpp.o[0m
[3.406s] [ 61%] [32mBuilding CXX object CMakeFiles/nuturtlebot_msgs__rosidl_typesupport_fastrtps_c.dir/rosidl_typesupport_fastrtps_c/nuturtlebot_msgs/msg/detail/sensor_data__type_support_c.cpp.o[0m
[3.406s] [ 63%] [32mBuilding CXX object CMakeFiles/nuturtlebot_msgs__rosidl_typesupport_fastrtps_cpp.dir/rosidl_typesupport_fastrtps_cpp/nuturtlebot_msgs/msg/detail/dds_fastrtps/sensor_data__type_support.cpp.o[0m
[3.406s] [ 65%] [32mBuilding CXX object CMakeFiles/nuturtlebot_msgs__rosidl_typesupport_fastrtps_cpp.dir/rosidl_typesupport_fastrtps_cpp/nuturtlebot_msgs/msg/detail/dds_fastrtps/wheel_commands__type_support.cpp.o[0m
[3.407s] [ 68%] [32m[1mLinking C shared library libnuturtlebot_msgs__rosidl_typesupport_introspection_c.so[0m
[3.431s] [ 68%] Built target nuturtlebot_msgs__rosidl_typesupport_introspection_c
[3.435s] [ 68%] Built target nuturtlebot_msgs__rosidl_typesupport_c
[3.567s] [ 70%] [32m[1mLinking CXX shared library libnuturtlebot_msgs__rosidl_typesupport_introspection_cpp.so[0m
[3.567s] [ 72%] [32m[1mLinking CXX shared library libnuturtlebot_msgs__rosidl_typesupport_cpp.so[0m
[3.596s] [ 72%] Built target nuturtlebot_msgs__rosidl_typesupport_cpp
[3.610s] [ 72%] Built target nuturtlebot_msgs__rosidl_typesupport_introspection_cpp
[3.661s] [ 75%] [32m[1mLinking CXX shared library libnuturtlebot_msgs__rosidl_typesupport_fastrtps_c.so[0m
[3.663s] [ 77%] [32m[1mLinking CXX shared library libnuturtlebot_msgs__rosidl_typesupport_fastrtps_cpp.so[0m
[3.687s] [ 77%] Built target nuturtlebot_msgs__rosidl_typesupport_fastrtps_c
[3.694s] [ 77%] Built target nuturtlebot_msgs__rosidl_typesupport_fastrtps_cpp
[3.719s] [ 77%] Built target nuturtlebot_msgs
[3.742s] [ 79%] [34m[1mGenerating Python code for ROS interfaces[0m
[3.997s] [ 79%] Built target nuturtlebot_msgs__py
[4.014s] [ 81%] [32mBuilding C object CMakeFiles/nuturtlebot_msgs__rosidl_generator_py.dir/rosidl_generator_py/nuturtlebot_msgs/msg/_sensor_data_s.c.o[0m
[4.014s] [ 84%] [32mBuilding C object CMakeFiles/nuturtlebot_msgs__rosidl_generator_py.dir/rosidl_generator_py/nuturtlebot_msgs/msg/_wheel_commands_s.c.o[0m
[4.099s] [ 86%] [32m[1mLinking C shared library libnuturtlebot_msgs__rosidl_generator_py.so[0m
[4.136s] [ 86%] Built target nuturtlebot_msgs__rosidl_generator_py
[4.156s] [ 88%] [32mBuilding C object CMakeFiles/nuturtlebot_msgs_s__rosidl_typesupport_fastrtps_c.dir/rosidl_generator_py/nuturtlebot_msgs/_nuturtlebot_msgs_s.ep.rosidl_typesupport_fastrtps_c.c.o[0m
[4.156s] [ 90%] [32mBuilding C object CMakeFiles/nuturtlebot_msgs_s__rosidl_typesupport_c.dir/rosidl_generator_py/nuturtlebot_msgs/_nuturtlebot_msgs_s.ep.rosidl_typesupport_c.c.o[0m
[4.157s] [ 93%] [32mBuilding C object CMakeFiles/nuturtlebot_msgs_s__rosidl_typesupport_introspection_c.dir/rosidl_generator_py/nuturtlebot_msgs/_nuturtlebot_msgs_s.ep.rosidl_typesupport_introspection_c.c.o[0m
[4.211s] [ 95%] [32m[1mLinking C shared module rosidl_generator_py/nuturtlebot_msgs/nuturtlebot_msgs_s__rosidl_typesupport_c.so[0m
[4.211s] [ 97%] [32m[1mLinking C shared module rosidl_generator_py/nuturtlebot_msgs/nuturtlebot_msgs_s__rosidl_typesupport_fastrtps_c.so[0m
[4.212s] [100%] [32m[1mLinking C shared module rosidl_generator_py/nuturtlebot_msgs/nuturtlebot_msgs_s__rosidl_typesupport_introspection_c.so[0m
[4.232s] [100%] Built target nuturtlebot_msgs_s__rosidl_typesupport_fastrtps_c
[4.234s] [100%] Built target nuturtlebot_msgs_s__rosidl_typesupport_c
[4.240s] [100%] Built target nuturtlebot_msgs_s__rosidl_typesupport_introspection_c
[4.252s] Invoked command in '/home/catherine-maglione/yolo_backup/build/nuturtlebot_msgs' returned '0': CMAKE_PREFIX_PATH=${CMAKE_PREFIX_PATH}:/home/catherine-maglione/yolo_home/src/me495_yolo/install/me495_yolo:/opt/ros/jazzy /usr/bin/cmake --build /home/catherine-maglione/yolo_backup/build/nuturtlebot_msgs -- -j32 -l32
[4.391s] Invoking command in '/home/catherine-maglione/yolo_backup/build/nuturtlebot_msgs': CMAKE_PREFIX_PATH=${CMAKE_PREFIX_PATH}:/home/catherine-maglione/yolo_home/src/me495_yolo/install/me495_yolo:/opt/ros/jazzy /usr/bin/cmake --install /home/catherine-maglione/yolo_backup/build/nuturtlebot_msgs
[4.402s] -- Install configuration: ""
[4.402s] -- Installing: /home/catherine-maglione/yolo_backup/install/nuturtlebot_msgs/share/ament_index/resource_index/rosidl_interfaces/nuturtlebot_msgs
[4.402s] -- Installing: /home/catherine-maglione/yolo_backup/install/nuturtlebot_msgs/share/nuturtlebot_msgs/msg/SensorData.json
[4.402s] -- Installing: /home/catherine-maglione/yolo_backup/install/nuturtlebot_msgs/share/nuturtlebot_msgs/msg/WheelCommands.json
[4.402s] -- Installing: /home/catherine-maglione/yolo_backup/install/nuturtlebot_msgs/include/nuturtlebot_msgs/nuturtlebot_msgs
[4.403s] -- Installing: /home/catherine-maglione/yolo_backup/install/nuturtlebot_msgs/include/nuturtlebot_msgs/nuturtlebot_msgs/msg
[4.403s] -- Installing: /home/catherine-maglione/yolo_backup/install/nuturtlebot_msgs/include/nuturtlebot_msgs/nuturtlebot_msgs/msg/rosidl_generator_c__visibility_control.h
[4.403s] -- Installing: /home/catherine-maglione/yolo_backup/install/nuturtlebot_msgs/include/nuturtlebot_msgs/nuturtlebot_msgs/msg/detail
[4.403s] -- Installing: /home/catherine-maglione/yolo_backup/install/nuturtlebot_msgs/include/nuturtlebot_msgs/nuturtlebot_msgs/msg/detail/sensor_data__type_support.c
[4.403s] -- Installing: /home/catherine-maglione/yolo_backup/install/nuturtlebot_msgs/include/nuturtlebot_msgs/nuturtlebot_msgs/msg/detail/sensor_data__struct.h
[4.403s] -- Installing: /home/catherine-maglione/yolo_backup/install/nuturtlebot_msgs/include/nuturtlebot_msgs/nuturtlebot_msgs/msg/detail/sensor_data__description.c
[4.403s] -- Installing: /home/catherine-maglione/yolo_backup/install/nuturtlebot_msgs/include/nuturtlebot_msgs/nuturtlebot_msgs/msg/detail/wheel_commands__type_support.c
[4.403s] -- Installing: /home/catherine-maglione/yolo_backup/install/nuturtlebot_msgs/include/nuturtlebot_msgs/nuturtlebot_msgs/msg/detail/sensor_data__functions.c
[4.403s] -- Installing: /home/catherine-maglione/yolo_backup/install/nuturtlebot_msgs/include/nuturtlebot_msgs/nuturtlebot_msgs/msg/detail/wheel_commands__functions.h
[4.403s] -- Installing: /home/catherine-maglione/yolo_backup/install/nuturtlebot_msgs/include/nuturtlebot_msgs/nuturtlebot_msgs/msg/detail/sensor_data__functions.h
[4.403s] -- Installing: /home/catherine-maglione/yolo_backup/install/nuturtlebot_msgs/include/nuturtlebot_msgs/nuturtlebot_msgs/msg/detail/wheel_commands__description.c
[4.404s] -- Installing: /home/catherine-maglione/yolo_backup/install/nuturtlebot_msgs/include/nuturtlebot_msgs/nuturtlebot_msgs/msg/detail/wheel_commands__struct.h
[4.404s] -- Installing: /home/catherine-maglione/yolo_backup/install/nuturtlebot_msgs/include/nuturtlebot_msgs/nuturtlebot_msgs/msg/detail/sensor_data__type_support.h
[4.404s] -- Installing: /home/catherine-maglione/yolo_backup/install/nuturtlebot_msgs/include/nuturtlebot_msgs/nuturtlebot_msgs/msg/detail/wheel_commands__type_support.h
[4.404s] -- Installing: /home/catherine-maglione/yolo_backup/install/nuturtlebot_msgs/include/nuturtlebot_msgs/nuturtlebot_msgs/msg/detail/wheel_commands__functions.c
[4.404s] -- Installing: /home/catherine-maglione/yolo_backup/install/nuturtlebot_msgs/include/nuturtlebot_msgs/nuturtlebot_msgs/msg/sensor_data.h
[4.404s] -- Installing: /home/catherine-maglione/yolo_backup/install/nuturtlebot_msgs/include/nuturtlebot_msgs/nuturtlebot_msgs/msg/wheel_commands.h
[4.404s] -- Installing: /home/catherine-maglione/yolo_backup/install/nuturtlebot_msgs/share/nuturtlebot_msgs/environment/library_path.sh
[4.404s] -- Installing: /home/catherine-maglione/yolo_backup/install/nuturtlebot_msgs/share/nuturtlebot_msgs/environment/library_path.dsv
[4.404s] -- Installing: /home/catherine-maglione/yolo_backup/install/nuturtlebot_msgs/lib/libnuturtlebot_msgs__rosidl_generator_c.so
[4.404s] -- Set non-toolchain portion of runtime path of "/home/catherine-maglione/yolo_backup/install/nuturtlebot_msgs/lib/libnuturtlebot_msgs__rosidl_generator_c.so" to ""
[4.404s] -- Up-to-date: /home/catherine-maglione/yolo_backup/install/nuturtlebot_msgs/include/nuturtlebot_msgs/nuturtlebot_msgs
[4.405s] -- Up-to-date: /home/catherine-maglione/yolo_backup/install/nuturtlebot_msgs/include/nuturtlebot_msgs/nuturtlebot_msgs/msg
[4.405s] -- Up-to-date: /home/catherine-maglione/yolo_backup/install/nuturtlebot_msgs/include/nuturtlebot_msgs/nuturtlebot_msgs/msg/detail
[4.405s] -- Installing: /home/catherine-maglione/yolo_backup/install/nuturtlebot_msgs/include/nuturtlebot_msgs/nuturtlebot_msgs/msg/detail/wheel_commands__rosidl_typesupport_fastrtps_c.h
[4.405s] -- Installing: /home/catherine-maglione/yolo_backup/install/nuturtlebot_msgs/include/nuturtlebot_msgs/nuturtlebot_msgs/msg/detail/sensor_data__rosidl_typesupport_fastrtps_c.h
[4.405s] -- Installing: /home/catherine-maglione/yolo_backup/install/nuturtlebot_msgs/include/nuturtlebot_msgs/nuturtlebot_msgs/msg/rosidl_typesupport_fastrtps_c__visibility_control.h
[4.405s] -- Installing: /home/catherine-maglione/yolo_backup/install/nuturtlebot_msgs/lib/libnuturtlebot_msgs__rosidl_typesupport_fastrtps_c.so
[4.405s] -- Set non-toolchain portion of runtime path of "/home/catherine-maglione/yolo_backup/install/nuturtlebot_msgs/lib/libnuturtlebot_msgs__rosidl_typesupport_fastrtps_c.so" to ""
[4.405s] -- Up-to-date: /home/catherine-maglione/yolo_backup/install/nuturtlebot_msgs/include/nuturtlebot_msgs/nuturtlebot_msgs
[4.405s] -- Up-to-date: /home/catherine-maglione/yolo_backup/install/nuturtlebot_msgs/include/nuturtlebot_msgs/nuturtlebot_msgs/msg
[4.405s] -- Up-to-date: /home/catherine-maglione/yolo_backup/install/nuturtlebot_msgs/include/nuturtlebot_msgs/nuturtlebot_msgs/msg/detail
[4.405s] -- Installing: /home/catherine-maglione/yolo_backup/install/nuturtlebot_msgs/include/nuturtlebot_msgs/nuturtlebot_msgs/msg/detail/wheel_commands__type_support.hpp
[4.405s] -- Installing: /home/catherine-maglione/yolo_backup/install/nuturtlebot_msgs/include/nuturtlebot_msgs/nuturtlebot_msgs/msg/detail/wheel_commands__builder.hpp
[4.405s] -- Installing: /home/catherine-maglione/yolo_backup/install/nuturtlebot_msgs/include/nuturtlebot_msgs/nuturtlebot_msgs/msg/detail/sensor_data__traits.hpp
[4.405s] -- Installing: /home/catherine-maglione/yolo_backup/install/nuturtlebot_msgs/include/nuturtlebot_msgs/nuturtlebot_msgs/msg/detail/sensor_data__type_support.hpp
[4.406s] -- Installing: /home/catherine-maglione/yolo_backup/install/nuturtlebot_msgs/include/nuturtlebot_msgs/nuturtlebot_msgs/msg/detail/wheel_commands__struct.hpp
[4.406s] -- Installing: /home/catherine-maglione/yolo_backup/install/nuturtlebot_msgs/include/nuturtlebot_msgs/nuturtlebot_msgs/msg/detail/wheel_commands__traits.hpp
[4.406s] -- Installing: /home/catherine-maglione/yolo_backup/install/nuturtlebot_msgs/include/nuturtlebot_msgs/nuturtlebot_msgs/msg/detail/sensor_data__struct.hpp
[4.406s] -- Installing: /home/catherine-maglione/yolo_backup/install/nuturtlebot_msgs/include/nuturtlebot_msgs/nuturtlebot_msgs/msg/detail/sensor_data__builder.hpp
[4.406s] -- Installing: /home/catherine-maglione/yolo_backup/install/nuturtlebot_msgs/include/nuturtlebot_msgs/nuturtlebot_msgs/msg/rosidl_generator_cpp__visibility_control.hpp
[4.406s] -- Installing: /home/catherine-maglione/yolo_backup/install/nuturtlebot_msgs/include/nuturtlebot_msgs/nuturtlebot_msgs/msg/wheel_commands.hpp
[4.406s] -- Installing: /home/catherine-maglione/yolo_backup/install/nuturtlebot_msgs/include/nuturtlebot_msgs/nuturtlebot_msgs/msg/sensor_data.hpp
[4.406s] -- Up-to-date: /home/catherine-maglione/yolo_backup/install/nuturtlebot_msgs/include/nuturtlebot_msgs/nuturtlebot_msgs
[4.406s] -- Up-to-date: /home/catherine-maglione/yolo_backup/install/nuturtlebot_msgs/include/nuturtlebot_msgs/nuturtlebot_msgs/msg
[4.406s] -- Up-to-date: /home/catherine-maglione/yolo_backup/install/nuturtlebot_msgs/include/nuturtlebot_msgs/nuturtlebot_msgs/msg/detail
[4.406s] -- Installing: /home/catherine-maglione/yolo_backup/install/nuturtlebot_msgs/include/nuturtlebot_msgs/nuturtlebot_msgs/msg/detail/dds_fastrtps
[4.406s] -- Installing: /home/catherine-maglione/yolo_backup/install/nuturtlebot_msgs/include/nuturtlebot_msgs/nuturtlebot_msgs/msg/detail/wheel_commands__rosidl_typesupport_fastrtps_cpp.hpp
[4.407s] -- Installing: /home/catherine-maglione/yolo_backup/install/nuturtlebot_msgs/include/nuturtlebot_msgs/nuturtlebot_msgs/msg/detail/sensor_data__rosidl_typesupport_fastrtps_cpp.hpp
[4.407s] -- Installing: /home/catherine-maglione/yolo_backup/install/nuturtlebot_msgs/include/nuturtlebot_msgs/nuturtlebot_msgs/msg/rosidl_typesupport_fastrtps_cpp__visibility_control.h
[4.407s] -- Installing: /home/catherine-maglione/yolo_backup/install/nuturtlebot_msgs/lib/libnuturtlebot_msgs__rosidl_typesupport_fastrtps_cpp.so
[4.407s] -- Set non-toolchain portion of runtime path of "/home/catherine-maglione/yolo_backup/install/nuturtlebot_msgs/lib/libnuturtlebot_msgs__rosidl_typesupport_fastrtps_cpp.so" to ""
[4.407s] -- Up-to-date: /home/catherine-maglione/yolo_backup/install/nuturtlebot_msgs/include/nuturtlebot_msgs/nuturtlebot_msgs
[4.407s] -- Up-to-date: /home/catherine-maglione/yolo_backup/install/nuturtlebot_msgs/include/nuturtlebot_msgs/nuturtlebot_msgs/msg
[4.407s] -- Up-to-date: /home/catherine-maglione/yolo_backup/install/nuturtlebot_msgs/include/nuturtlebot_msgs/nuturtlebot_msgs/msg/detail
[4.407s] -- Installing: /home/catherine-maglione/yolo_backup/install/nuturtlebot_msgs/include/nuturtlebot_msgs/nuturtlebot_msgs/msg/detail/sensor_data__type_support.c
[4.407s] -- Installing: /home/catherine-maglione/yolo_backup/install/nuturtlebot_msgs/include/nuturtlebot_msgs/nuturtlebot_msgs/msg/detail/wheel_commands__type_support.c
[4.407s] -- Installing: /home/catherine-maglione/yolo_backup/install/nuturtlebot_msgs/include/nuturtlebot_msgs/nuturtlebot_msgs/msg/detail/sensor_data__rosidl_typesupport_introspection_c.h
[4.407s] -- Installing: /home/catherine-maglione/yolo_backup/install/nuturtlebot_msgs/include/nuturtlebot_msgs/nuturtlebot_msgs/msg/detail/wheel_commands__rosidl_typesupport_introspection_c.h
[4.407s] -- Installing: /home/catherine-maglione/yolo_backup/install/nuturtlebot_msgs/include/nuturtlebot_msgs/nuturtlebot_msgs/msg/rosidl_typesupport_introspection_c__visibility_control.h
[4.407s] -- Installing: /home/catherine-maglione/yolo_backup/install/nuturtlebot_msgs/lib/libnuturtlebot_msgs__rosidl_typesupport_introspection_c.so
[4.408s] -- Set non-toolchain portion of runtime path of "/home/catherine-maglione/yolo_backup/install/nuturtlebot_msgs/lib/libnuturtlebot_msgs__rosidl_typesupport_introspection_c.so" to ""
[4.408s] -- Installing: /home/catherine-maglione/yolo_backup/install/nuturtlebot_msgs/lib/libnuturtlebot_msgs__rosidl_typesupport_c.so
[4.408s] -- Set non-toolchain portion of runtime path of "/home/catherine-maglione/yolo_backup/install/nuturtlebot_msgs/lib/libnuturtlebot_msgs__rosidl_typesupport_c.so" to ""
[4.408s] -- Up-to-date: /home/catherine-maglione/yolo_backup/install/nuturtlebot_msgs/include/nuturtlebot_msgs/nuturtlebot_msgs
[4.408s] -- Up-to-date: /home/catherine-maglione/yolo_backup/install/nuturtlebot_msgs/include/nuturtlebot_msgs/nuturtlebot_msgs/msg
[4.408s] -- Up-to-date: /home/catherine-maglione/yolo_backup/install/nuturtlebot_msgs/include/nuturtlebot_msgs/nuturtlebot_msgs/msg/detail
[4.408s] -- Installing: /home/catherine-maglione/yolo_backup/install/nuturtlebot_msgs/include/nuturtlebot_msgs/nuturtlebot_msgs/msg/detail/wheel_commands__type_support.cpp
[4.408s] -- Installing: /home/catherine-maglione/yolo_backup/install/nuturtlebot_msgs/include/nuturtlebot_msgs/nuturtlebot_msgs/msg/detail/sensor_data__rosidl_typesupport_introspection_cpp.hpp
[4.408s] -- Installing: /home/catherine-maglione/yolo_backup/install/nuturtlebot_msgs/include/nuturtlebot_msgs/nuturtlebot_msgs/msg/detail/wheel_commands__rosidl_typesupport_introspection_cpp.hpp
[4.408s] -- Installing: /home/catherine-maglione/yolo_backup/install/nuturtlebot_msgs/include/nuturtlebot_msgs/nuturtlebot_msgs/msg/detail/sensor_data__type_support.cpp
[4.408s] -- Installing: /home/catherine-maglione/yolo_backup/install/nuturtlebot_msgs/lib/libnuturtlebot_msgs__rosidl_typesupport_introspection_cpp.so
[4.408s] -- Set non-toolchain portion of runtime path of "/home/catherine-maglione/yolo_backup/install/nuturtlebot_msgs/lib/libnuturtlebot_msgs__rosidl_typesupport_introspection_cpp.so" to ""
[4.408s] -- Installing: /home/catherine-maglione/yolo_backup/install/nuturtlebot_msgs/lib/libnuturtlebot_msgs__rosidl_typesupport_cpp.so
[4.409s] -- Set non-toolchain portion of runtime path of "/home/catherine-maglione/yolo_backup/install/nuturtlebot_msgs/lib/libnuturtlebot_msgs__rosidl_typesupport_cpp.so" to ""
[4.409s] -- Installing: /home/catherine-maglione/yolo_backup/install/nuturtlebot_msgs/share/nuturtlebot_msgs/environment/pythonpath.sh
[4.409s] -- Installing: /home/catherine-maglione/yolo_backup/install/nuturtlebot_msgs/share/nuturtlebot_msgs/environment/pythonpath.dsv
[4.409s] -- Installing: /home/catherine-maglione/yolo_backup/install/nuturtlebot_msgs/lib/python3.12/site-packages/nuturtlebot_msgs-0.0.2-py3.12.egg-info
[4.409s] -- Installing: /home/catherine-maglione/yolo_backup/install/nuturtlebot_msgs/lib/python3.12/site-packages/nuturtlebot_msgs-0.0.2-py3.12.egg-info/SOURCES.txt
[4.409s] -- Installing: /home/catherine-maglione/yolo_backup/install/nuturtlebot_msgs/lib/python3.12/site-packages/nuturtlebot_msgs-0.0.2-py3.12.egg-info/dependency_links.txt
[4.409s] -- Installing: /home/catherine-maglione/yolo_backup/install/nuturtlebot_msgs/lib/python3.12/site-packages/nuturtlebot_msgs-0.0.2-py3.12.egg-info/PKG-INFO
[4.409s] -- Installing: /home/catherine-maglione/yolo_backup/install/nuturtlebot_msgs/lib/python3.12/site-packages/nuturtlebot_msgs-0.0.2-py3.12.egg-info/top_level.txt
[4.409s] -- Installing: /home/catherine-maglione/yolo_backup/install/nuturtlebot_msgs/lib/python3.12/site-packages/nuturtlebot_msgs
[4.409s] -- Installing: /home/catherine-maglione/yolo_backup/install/nuturtlebot_msgs/lib/python3.12/site-packages/nuturtlebot_msgs/_nuturtlebot_msgs_s.ep.rosidl_typesupport_c.c
[4.409s] -- Installing: /home/catherine-maglione/yolo_backup/install/nuturtlebot_msgs/lib/python3.12/site-packages/nuturtlebot_msgs/msg
[4.410s] -- Installing: /home/catherine-maglione/yolo_backup/install/nuturtlebot_msgs/lib/python3.12/site-packages/nuturtlebot_msgs/msg/_sensor_data.py
[4.410s] -- Installing: /home/catherine-maglione/yolo_backup/install/nuturtlebot_msgs/lib/python3.12/site-packages/nuturtlebot_msgs/msg/_wheel_commands_s.c
[4.410s] -- Installing: /home/catherine-maglione/yolo_backup/install/nuturtlebot_msgs/lib/python3.12/site-packages/nuturtlebot_msgs/msg/_wheel_commands.py
[4.410s] -- Installing: /home/catherine-maglione/yolo_backup/install/nuturtlebot_msgs/lib/python3.12/site-packages/nuturtlebot_msgs/msg/_sensor_data_s.c
[4.410s] -- Installing: /home/catherine-maglione/yolo_backup/install/nuturtlebot_msgs/lib/python3.12/site-packages/nuturtlebot_msgs/msg/__init__.py
[4.410s] -- Installing: /home/catherine-maglione/yolo_backup/install/nuturtlebot_msgs/lib/python3.12/site-packages/nuturtlebot_msgs/nuturtlebot_msgs_s__rosidl_typesupport_c.so
[4.410s] -- Installing: /home/catherine-maglione/yolo_backup/install/nuturtlebot_msgs/lib/python3.12/site-packages/nuturtlebot_msgs/nuturtlebot_msgs_s__rosidl_typesupport_introspection_c.so
[4.410s] -- Installing: /home/catherine-maglione/yolo_backup/install/nuturtlebot_msgs/lib/python3.12/site-packages/nuturtlebot_msgs/nuturtlebot_msgs_s__rosidl_typesupport_fastrtps_c.so
[4.410s] -- Installing: /home/catherine-maglione/yolo_backup/install/nuturtlebot_msgs/lib/python3.12/site-packages/nuturtlebot_msgs/_nuturtlebot_msgs_s.ep.rosidl_typesupport_introspection_c.c
[4.410s] -- Installing: /home/catherine-maglione/yolo_backup/install/nuturtlebot_msgs/lib/python3.12/site-packages/nuturtlebot_msgs/__init__.py
[4.410s] -- Installing: /home/catherine-maglione/yolo_backup/install/nuturtlebot_msgs/lib/python3.12/site-packages/nuturtlebot_msgs/_nuturtlebot_msgs_s.ep.rosidl_typesupport_fastrtps_c.c
[4.445s] Listing '/home/catherine-maglione/yolo_backup/install/nuturtlebot_msgs/lib/python3.12/site-packages/nuturtlebot_msgs'...
[4.445s] Compiling '/home/catherine-maglione/yolo_backup/install/nuturtlebot_msgs/lib/python3.12/site-packages/nuturtlebot_msgs/__init__.py'...
[4.445s] Listing '/home/catherine-maglione/yolo_backup/install/nuturtlebot_msgs/lib/python3.12/site-packages/nuturtlebot_msgs/msg'...
[4.445s] Compiling '/home/catherine-maglione/yolo_backup/install/nuturtlebot_msgs/lib/python3.12/site-packages/nuturtlebot_msgs/msg/__init__.py'...
[4.446s] Compiling '/home/catherine-maglione/yolo_backup/install/nuturtlebot_msgs/lib/python3.12/site-packages/nuturtlebot_msgs/msg/_sensor_data.py'...
[4.446s] Compiling '/home/catherine-maglione/yolo_backup/install/nuturtlebot_msgs/lib/python3.12/site-packages/nuturtlebot_msgs/msg/_wheel_commands.py'...
[4.448s] -- Installing: /home/catherine-maglione/yolo_backup/install/nuturtlebot_msgs/lib/python3.12/site-packages/nuturtlebot_msgs/nuturtlebot_msgs_s__rosidl_typesupport_fastrtps_c.so
[4.448s] -- Set non-toolchain portion of runtime path of "/home/catherine-maglione/yolo_backup/install/nuturtlebot_msgs/lib/python3.12/site-packages/nuturtlebot_msgs/nuturtlebot_msgs_s__rosidl_typesupport_fastrtps_c.so" to ""
[4.449s] -- Installing: /home/catherine-maglione/yolo_backup/install/nuturtlebot_msgs/lib/python3.12/site-packages/nuturtlebot_msgs/nuturtlebot_msgs_s__rosidl_typesupport_introspection_c.so
[4.449s] -- Set non-toolchain portion of runtime path of "/home/catherine-maglione/yolo_backup/install/nuturtlebot_msgs/lib/python3.12/site-packages/nuturtlebot_msgs/nuturtlebot_msgs_s__rosidl_typesupport_introspection_c.so" to ""
[4.449s] -- Installing: /home/catherine-maglione/yolo_backup/install/nuturtlebot_msgs/lib/python3.12/site-packages/nuturtlebot_msgs/nuturtlebot_msgs_s__rosidl_typesupport_c.so
[4.449s] -- Set non-toolchain portion of runtime path of "/home/catherine-maglione/yolo_backup/install/nuturtlebot_msgs/lib/python3.12/site-packages/nuturtlebot_msgs/nuturtlebot_msgs_s__rosidl_typesupport_c.so" to ""
[4.449s] -- Installing: /home/catherine-maglione/yolo_backup/install/nuturtlebot_msgs/lib/libnuturtlebot_msgs__rosidl_generator_py.so
[4.449s] -- Set non-toolchain portion of runtime path of "/home/catherine-maglione/yolo_backup/install/nuturtlebot_msgs/lib/libnuturtlebot_msgs__rosidl_generator_py.so" to ""
[4.449s] -- Installing: /home/catherine-maglione/yolo_backup/install/nuturtlebot_msgs/share/nuturtlebot_msgs/msg/SensorData.idl
[4.449s] -- Installing: /home/catherine-maglione/yolo_backup/install/nuturtlebot_msgs/share/nuturtlebot_msgs/msg/WheelCommands.idl
[4.449s] -- Installing: /home/catherine-maglione/yolo_backup/install/nuturtlebot_msgs/share/nuturtlebot_msgs/msg/SensorData.msg
[4.449s] -- Installing: /home/catherine-maglione/yolo_backup/install/nuturtlebot_msgs/share/nuturtlebot_msgs/msg/WheelCommands.msg
[4.449s] -- Installing: /home/catherine-maglione/yolo_backup/install/nuturtlebot_msgs/share/ament_index/resource_index/package_run_dependencies/nuturtlebot_msgs
[4.449s] -- Installing: /home/catherine-maglione/yolo_backup/install/nuturtlebot_msgs/share/ament_index/resource_index/parent_prefix_path/nuturtlebot_msgs
[4.449s] -- Installing: /home/catherine-maglione/yolo_backup/install/nuturtlebot_msgs/share/nuturtlebot_msgs/environment/ament_prefix_path.sh
[4.449s] -- Installing: /home/catherine-maglione/yolo_backup/install/nuturtlebot_msgs/share/nuturtlebot_msgs/environment/ament_prefix_path.dsv
[4.450s] -- Installing: /home/catherine-maglione/yolo_backup/install/nuturtlebot_msgs/share/nuturtlebot_msgs/environment/path.sh
[4.450s] -- Installing: /home/catherine-maglione/yolo_backup/install/nuturtlebot_msgs/share/nuturtlebot_msgs/environment/path.dsv
[4.450s] -- Installing: /home/catherine-maglione/yolo_backup/install/nuturtlebot_msgs/share/nuturtlebot_msgs/local_setup.bash
[4.450s] -- Installing: /home/catherine-maglione/yolo_backup/install/nuturtlebot_msgs/share/nuturtlebot_msgs/local_setup.sh
[4.450s] -- Installing: /home/catherine-maglione/yolo_backup/install/nuturtlebot_msgs/share/nuturtlebot_msgs/local_setup.zsh
[4.450s] -- Installing: /home/catherine-maglione/yolo_backup/install/nuturtlebot_msgs/share/nuturtlebot_msgs/local_setup.dsv
[4.450s] -- Installing: /home/catherine-maglione/yolo_backup/install/nuturtlebot_msgs/share/nuturtlebot_msgs/package.dsv
[4.450s] -- Installing: /home/catherine-maglione/yolo_backup/install/nuturtlebot_msgs/share/ament_index/resource_index/packages/nuturtlebot_msgs
[4.450s] -- Installing: /home/catherine-maglione/yolo_backup/install/nuturtlebot_msgs/share/nuturtlebot_msgs/cmake/export_nuturtlebot_msgs__rosidl_generator_cExport.cmake
[4.450s] -- Installing: /home/catherine-maglione/yolo_backup/install/nuturtlebot_msgs/share/nuturtlebot_msgs/cmake/export_nuturtlebot_msgs__rosidl_generator_cExport-noconfig.cmake
[4.450s] -- Installing: /home/catherine-maglione/yolo_backup/install/nuturtlebot_msgs/share/nuturtlebot_msgs/cmake/export_nuturtlebot_msgs__rosidl_typesupport_fastrtps_cExport.cmake
[4.450s] -- Installing: /home/catherine-maglione/yolo_backup/install/nuturtlebot_msgs/share/nuturtlebot_msgs/cmake/export_nuturtlebot_msgs__rosidl_typesupport_fastrtps_cExport-noconfig.cmake
[4.450s] -- Installing: /home/catherine-maglione/yolo_backup/install/nuturtlebot_msgs/share/nuturtlebot_msgs/cmake/export_nuturtlebot_msgs__rosidl_generator_cppExport.cmake
[4.450s] -- Installing: /home/catherine-maglione/yolo_backup/install/nuturtlebot_msgs/share/nuturtlebot_msgs/cmake/export_nuturtlebot_msgs__rosidl_typesupport_fastrtps_cppExport.cmake
[4.450s] -- Installing: /home/catherine-maglione/yolo_backup/install/nuturtlebot_msgs/share/nuturtlebot_msgs/cmake/export_nuturtlebot_msgs__rosidl_typesupport_fastrtps_cppExport-noconfig.cmake
[4.451s] -- Installing: /home/catherine-maglione/yolo_backup/install/nuturtlebot_msgs/share/nuturtlebot_msgs/cmake/nuturtlebot_msgs__rosidl_typesupport_introspection_cExport.cmake
[4.451s] -- Installing: /home/catherine-maglione/yolo_backup/install/nuturtlebot_msgs/share/nuturtlebot_msgs/cmake/nuturtlebot_msgs__rosidl_typesupport_introspection_cExport-noconfig.cmake
[4.451s] -- Installing: /home/catherine-maglione/yolo_backup/install/nuturtlebot_msgs/share/nuturtlebot_msgs/cmake/nuturtlebot_msgs__rosidl_typesupport_cExport.cmake
[4.451s] -- Installing: /home/catherine-maglione/yolo_backup/install/nuturtlebot_msgs/share/nuturtlebot_msgs/cmake/nuturtlebot_msgs__rosidl_typesupport_cExport-noconfig.cmake
[4.451s] -- Installing: /home/catherine-maglione/yolo_backup/install/nuturtlebot_msgs/share/nuturtlebot_msgs/cmake/nuturtlebot_msgs__rosidl_typesupport_introspection_cppExport.cmake
[4.451s] -- Installing: /home/catherine-maglione/yolo_backup/install/nuturtlebot_msgs/share/nuturtlebot_msgs/cmake/nuturtlebot_msgs__rosidl_typesupport_introspection_cppExport-noconfig.cmake
[4.452s] -- Installing: /home/catherine-maglione/yolo_backup/install/nuturtlebot_msgs/share/nuturtlebot_msgs/cmake/nuturtlebot_msgs__rosidl_typesupport_cppExport.cmake
[4.452s] -- Installing: /home/catherine-maglione/yolo_backup/install/nuturtlebot_msgs/share/nuturtlebot_msgs/cmake/nuturtlebot_msgs__rosidl_typesupport_cppExport-noconfig.cmake
[4.452s] -- Installing: /home/catherine-maglione/yolo_backup/install/nuturtlebot_msgs/share/nuturtlebot_msgs/cmake/export_nuturtlebot_msgs__rosidl_generator_pyExport.cmake
[4.452s] -- Installing: /home/catherine-maglione/yolo_backup/install/nuturtlebot_msgs/share/nuturtlebot_msgs/cmake/export_nuturtlebot_msgs__rosidl_generator_pyExport-noconfig.cmake
[4.452s] -- Installing: /home/catherine-maglione/yolo_backup/install/nuturtlebot_msgs/share/nuturtlebot_msgs/cmake/rosidl_cmake-extras.cmake
[4.452s] -- Installing: /home/catherine-maglione/yolo_backup/install/nuturtlebot_msgs/share/nuturtlebot_msgs/cmake/ament_cmake_export_dependencies-extras.cmake
[4.452s] -- Installing: /home/catherine-maglione/yolo_backup/install/nuturtlebot_msgs/share/nuturtlebot_msgs/cmake/ament_cmake_export_include_directories-extras.cmake
[4.452s] -- Installing: /home/catherine-maglione/yolo_backup/install/nuturtlebot_msgs/share/nuturtlebot_msgs/cmake/ament_cmake_export_libraries-extras.cmake
[4.452s] -- Installing: /home/catherine-maglione/yolo_backup/install/nuturtlebot_msgs/share/nuturtlebot_msgs/cmake/ament_cmake_export_targets-extras.cmake
[4.453s] -- Installing: /home/catherine-maglione/yolo_backup/install/nuturtlebot_msgs/share/nuturtlebot_msgs/cmake/rosidl_cmake_export_typesupport_targets-extras.cmake
[4.453s] -- Installing: /home/catherine-maglione/yolo_backup/install/nuturtlebot_msgs/share/nuturtlebot_msgs/cmake/rosidl_cmake_export_typesupport_libraries-extras.cmake
[4.453s] -- Installing: /home/catherine-maglione/yolo_backup/install/nuturtlebot_msgs/share/nuturtlebot_msgs/cmake/nuturtlebot_msgsConfig.cmake
[4.453s] -- Installing: /home/catherine-maglione/yolo_backup/install/nuturtlebot_msgs/share/nuturtlebot_msgs/cmake/nuturtlebot_msgsConfig-version.cmake
[4.453s] -- Installing: /home/catherine-maglione/yolo_backup/install/nuturtlebot_msgs/share/nuturtlebot_msgs/package.xml
[4.453s] Invoked command in '/home/catherine-maglione/yolo_backup/build/nuturtlebot_msgs' returned '0': CMAKE_PREFIX_PATH=${CMAKE_PREFIX_PATH}:/home/catherine-maglione/yolo_home/src/me495_yolo/install/me495_yolo:/opt/ros/jazzy /usr/bin/cmake --install /home/catherine-maglione/yolo_backup/build/nuturtlebot_msgs
