[0.467s] Invoking command in '/home/catherine-maglione/yolo_backup/src/me495_yolo': CMAKE_PREFIX_PATH=/home/catherine-maglione/yolo_backup/install/nuturtlebot_msgs:/home/catherine-maglione/yolo_backup/install/numsr_turtlebot:/opt/ros/jazzy/opt/gz_sim_vendor:/opt/ros/jazzy/opt/gz_sensors_vendor:/opt/ros/jazzy/opt/gz_physics_vendor:/opt/ros/jazzy/opt/sdformat_vendor:/opt/ros/jazzy/opt/gz_gui_vendor:/opt/ros/jazzy/opt/gz_transport_vendor:/opt/ros/jazzy/opt/gz_rendering_vendor:/opt/ros/jazzy/opt/gz_plugin_vendor:/opt/ros/jazzy/opt/gz_fuel_tools_vendor:/opt/ros/jazzy/opt/gz_msgs_vendor:/opt/ros/jazzy/opt/gz_common_vendor:/opt/ros/jazzy/opt/gz_math_vendor:/opt/ros/jazzy/opt/gz_utils_vendor:/opt/ros/jazzy/opt/gz_tools_vendor:/opt/ros/jazzy/opt/gz_ogre_next_vendor:/opt/ros/jazzy/opt/gz_dartsim_vendor:/opt/ros/jazzy/opt/gz_cmake_vendor PYTHONPATH=/home/catherine-maglione/yolo_backup/build/me495_yolo/prefix_override:/usr/lib/python3/dist-packages/colcon_core/task/python/colcon_distutils_commands:/home/catherine-maglione/yolo_backup/install/me495_yolo/lib/python3.12/site-packages:/home/catherine-maglione/yolo_backup/install/nuturtlebot_msgs/lib/python3.12/site-packages:/home/catherine-maglione/yolo_backup/install/me495_yolo/lib/python3.12/site-packages:/home/catherine-maglione/yolo_home/src/me495_yolo/install/me495_yolo/lib/python3.12/site-packages:/opt/ros/jazzy/lib/python3.12/site-packages /usr/bin/python3 -W ignore:setup.py install is deprecated setup.py egg_info --egg-base ../../build/me495_yolo build --build-base /home/catherine-maglione/yolo_backup/build/me495_yolo/build install --record /home/catherine-maglione/yolo_backup/build/me495_yolo/install.log --single-version-externally-managed install_data
[0.618s] running egg_info
[0.630s] writing ../../build/me495_yolo/me495_yolo.egg-info/PKG-INFO
[0.630s] writing dependency_links to ../../build/me495_yolo/me495_yolo.egg-info/dependency_links.txt
[0.630s] writing entry points to ../../build/me495_yolo/me495_yolo.egg-info/entry_points.txt
[0.630s] writing top-level names to ../../build/me495_yolo/me495_yolo.egg-info/top_level.txt
[0.654s] reading manifest file '../../build/me495_yolo/me495_yolo.egg-info/SOURCES.txt'
[0.655s] writing manifest file '../../build/me495_yolo/me495_yolo.egg-info/SOURCES.txt'
[0.655s] running build
[0.655s] running build_py
[0.655s] copying me495_yolo/waypoint.py -> /home/catherine-maglione/yolo_backup/build/me495_yolo/build/lib/me495_yolo
[0.655s] running install
[0.658s] running install_lib
[0.670s] copying /home/catherine-maglione/yolo_backup/build/me495_yolo/build/lib/me495_yolo/waypoint.py -> /home/catherine-maglione/yolo_backup/install/me495_yolo/lib/python3.12/site-packages/me495_yolo
[0.671s] byte-compiling /home/catherine-maglione/yolo_backup/install/me495_yolo/lib/python3.12/site-packages/me495_yolo/waypoint.py to waypoint.cpython-312.pyc
[0.672s] running install_data
[0.672s] running install_egg_info
[0.672s] Sorry: IndentationError: expected an indented block after function definition on line 858 (waypoint.py, line 859)
[0.684s] removing '/home/catherine-maglione/yolo_backup/install/me495_yolo/lib/python3.12/site-packages/me495_yolo-0.0.0-py3.12.egg-info' (and everything under it)
[0.684s] Copying ../../build/me495_yolo/me495_yolo.egg-info to /home/catherine-maglione/yolo_backup/install/me495_yolo/lib/python3.12/site-packages/me495_yolo-0.0.0-py3.12.egg-info
[0.685s] running install_scripts
[0.760s] Installing apriltag_detector script to /home/catherine-maglione/yolo_backup/install/me495_yolo/lib/me495_yolo
[0.760s] Installing rotate_to_90 script to /home/catherine-maglione/yolo_backup/install/me495_yolo/lib/me495_yolo
[0.761s] Installing square_motion script to /home/catherine-maglione/yolo_backup/install/me495_yolo/lib/me495_yolo
[0.761s] Installing waypoint script to /home/catherine-maglione/yolo_backup/install/me495_yolo/lib/me495_yolo
[0.761s] Installing waypoint_follower script to /home/catherine-maglione/yolo_backup/install/me495_yolo/lib/me495_yolo
[0.761s] Installing yolo script to /home/catherine-maglione/yolo_backup/install/me495_yolo/lib/me495_yolo
[0.761s] writing list of installed files to '/home/catherine-maglione/yolo_backup/build/me495_yolo/install.log'
[0.775s] Invoked command in '/home/catherine-maglione/yolo_backup/src/me495_yolo' returned '0': CMAKE_PREFIX_PATH=/home/catherine-maglione/yolo_backup/install/nuturtlebot_msgs:/home/catherine-maglione/yolo_backup/install/numsr_turtlebot:/opt/ros/jazzy/opt/gz_sim_vendor:/opt/ros/jazzy/opt/gz_sensors_vendor:/opt/ros/jazzy/opt/gz_physics_vendor:/opt/ros/jazzy/opt/sdformat_vendor:/opt/ros/jazzy/opt/gz_gui_vendor:/opt/ros/jazzy/opt/gz_transport_vendor:/opt/ros/jazzy/opt/gz_rendering_vendor:/opt/ros/jazzy/opt/gz_plugin_vendor:/opt/ros/jazzy/opt/gz_fuel_tools_vendor:/opt/ros/jazzy/opt/gz_msgs_vendor:/opt/ros/jazzy/opt/gz_common_vendor:/opt/ros/jazzy/opt/gz_math_vendor:/opt/ros/jazzy/opt/gz_utils_vendor:/opt/ros/jazzy/opt/gz_tools_vendor:/opt/ros/jazzy/opt/gz_ogre_next_vendor:/opt/ros/jazzy/opt/gz_dartsim_vendor:/opt/ros/jazzy/opt/gz_cmake_vendor PYTHONPATH=/home/catherine-maglione/yolo_backup/build/me495_yolo/prefix_override:/usr/lib/python3/dist-packages/colcon_core/task/python/colcon_distutils_commands:/home/catherine-maglione/yolo_backup/install/me495_yolo/lib/python3.12/site-packages:/home/catherine-maglione/yolo_backup/install/nuturtlebot_msgs/lib/python3.12/site-packages:/home/catherine-maglione/yolo_backup/install/me495_yolo/lib/python3.12/site-packages:/home/catherine-maglione/yolo_home/src/me495_yolo/install/me495_yolo/lib/python3.12/site-packages:/opt/ros/jazzy/lib/python3.12/site-packages /usr/bin/python3 -W ignore:setup.py install is deprecated setup.py egg_info --egg-base ../../build/me495_yolo build --build-base /home/catherine-maglione/yolo_backup/build/me495_yolo/build install --record /home/catherine-maglione/yolo_backup/build/me495_yolo/install.log --single-version-externally-managed install_data
