[0.449s] Invoking command in '/home/catherine-maglione/yolo_home/src/me495_yolo': PYTHONPATH=/home/catherine-maglione/yolo_home/src/me495_yolo/build/me495_yolo/prefix_override:/usr/lib/python3/dist-packages/colcon_core/task/python/colcon_distutils_commands:/home/catherine-maglione/yolo_home/src/me495_yolo/install/me495_yolo/lib/python3.12/site-packages:${PYTHONPATH} /usr/bin/python3 -W ignore:setup.py install is deprecated setup.py egg_info --egg-base build/me495_yolo build --build-base /home/catherine-maglione/yolo_home/src/me495_yolo/build/me495_yolo/build install --record /home/catherine-maglione/yolo_home/src/me495_yolo/build/me495_yolo/install.log --single-version-externally-managed install_data
[0.604s] running egg_info
[0.617s] writing build/me495_yolo/me495_yolo.egg-info/PKG-INFO
[0.617s] writing dependency_links to build/me495_yolo/me495_yolo.egg-info/dependency_links.txt
[0.617s] writing entry points to build/me495_yolo/me495_yolo.egg-info/entry_points.txt
[0.617s] writing top-level names to build/me495_yolo/me495_yolo.egg-info/top_level.txt
[0.643s] reading manifest file 'build/me495_yolo/me495_yolo.egg-info/SOURCES.txt'
[0.644s] writing manifest file 'build/me495_yolo/me495_yolo.egg-info/SOURCES.txt'
[0.644s] running build
[0.644s] running build_py
[0.644s] copying me495_yolo/waypoint_follower.py -> /home/catherine-maglione/yolo_home/src/me495_yolo/build/me495_yolo/build/lib/me495_yolo
[0.644s] running install
[0.648s] running install_lib
[0.660s] copying /home/catherine-maglione/yolo_home/src/me495_yolo/build/me495_yolo/build/lib/me495_yolo/waypoint_follower.py -> /home/catherine-maglione/yolo_home/src/me495_yolo/install/me495_yolo/lib/python3.12/site-packages/me495_yolo
[0.661s] byte-compiling /home/catherine-maglione/yolo_home/src/me495_yolo/install/me495_yolo/lib/python3.12/site-packages/me495_yolo/waypoint_follower.py to waypoint_follower.cpython-312.pyc
[0.662s] running install_data
[0.662s] running install_egg_info
[0.675s] removing '/home/catherine-maglione/yolo_home/src/me495_yolo/install/me495_yolo/lib/python3.12/site-packages/me495_yolo-0.0.0-py3.12.egg-info' (and everything under it)
[0.675s] Copying build/me495_yolo/me495_yolo.egg-info to /home/catherine-maglione/yolo_home/src/me495_yolo/install/me495_yolo/lib/python3.12/site-packages/me495_yolo-0.0.0-py3.12.egg-info
[0.675s] running install_scripts
[0.753s] Installing square_motion script to /home/catherine-maglione/yolo_home/src/me495_yolo/install/me495_yolo/lib/me495_yolo
[0.753s] Installing waypoint script to /home/catherine-maglione/yolo_home/src/me495_yolo/install/me495_yolo/lib/me495_yolo
[0.753s] Installing waypoint_follower script to /home/catherine-maglione/yolo_home/src/me495_yolo/install/me495_yolo/lib/me495_yolo
[0.754s] Installing yolo script to /home/catherine-maglione/yolo_home/src/me495_yolo/install/me495_yolo/lib/me495_yolo
[0.754s] writing list of installed files to '/home/catherine-maglione/yolo_home/src/me495_yolo/build/me495_yolo/install.log'
[0.768s] Invoked command in '/home/catherine-maglione/yolo_home/src/me495_yolo' returned '0': PYTHONPATH=/home/catherine-maglione/yolo_home/src/me495_yolo/build/me495_yolo/prefix_override:/usr/lib/python3/dist-packages/colcon_core/task/python/colcon_distutils_commands:/home/catherine-maglione/yolo_home/src/me495_yolo/install/me495_yolo/lib/python3.12/site-packages:${PYTHONPATH} /usr/bin/python3 -W ignore:setup.py install is deprecated setup.py egg_info --egg-base build/me495_yolo build --build-base /home/catherine-maglione/yolo_home/src/me495_yolo/build/me495_yolo/build install --record /home/catherine-maglione/yolo_home/src/me495_yolo/build/me495_yolo/install.log --single-version-externally-managed install_data
