[0.134s] Invoking command in '/home/catherine-maglione/yolo_backup/build/numsr_turtlebot': AMENT_PREFIX_PATH=/home/catherine-maglione/yolo_backup/install/nuturtlebot_msgs:${AMENT_PREFIX_PATH} CMAKE_PREFIX_PATH=/home/catherine-maglione/yolo_backup/install/nuturtlebot_msgs:/opt/ros/jazzy/opt/gz_sim_vendor:/opt/ros/jazzy/opt/gz_sensors_vendor:/opt/ros/jazzy/opt/gz_physics_vendor:/opt/ros/jazzy/opt/sdformat_vendor:/opt/ros/jazzy/opt/gz_gui_vendor:/opt/ros/jazzy/opt/gz_transport_vendor:/opt/ros/jazzy/opt/gz_rendering_vendor:/opt/ros/jazzy/opt/gz_plugin_vendor:/opt/ros/jazzy/opt/gz_fuel_tools_vendor:/opt/ros/jazzy/opt/gz_msgs_vendor:/opt/ros/jazzy/opt/gz_common_vendor:/opt/ros/jazzy/opt/gz_math_vendor:/opt/ros/jazzy/opt/gz_utils_vendor:/opt/ros/jazzy/opt/gz_tools_vendor:/opt/ros/jazzy/opt/gz_ogre_next_vendor:/opt/ros/jazzy/opt/gz_dartsim_vendor:/opt/ros/jazzy/opt/gz_cmake_vendor:/home/catherine-maglione/yolo_home/src/me495_yolo/install/me495_yolo:/opt/ros/jazzy LD_LIBRARY_PATH=/home/catherine-maglione/yolo_backup/install/nuturtlebot_msgs/lib:${LD_LIBRARY_PATH} PYTHONPATH=/home/catherine-maglione/yolo_backup/install/nuturtlebot_msgs/lib/python3.12/site-packages:${PYTHONPATH} /usr/bin/cmake /home/catherine-maglione/yolo_backup/numsr_turtlebot -DCMAKE_INSTALL_PREFIX=/home/catherine-maglione/yolo_backup/install/numsr_turtlebot
[0.171s] -- The C compiler identification is GNU 13.2.0
[0.204s] -- The CXX compiler identification is GNU 13.2.0
[0.215s] -- Detecting C compiler ABI info
[0.280s] -- Detecting C compiler ABI info - done
[0.284s] -- Check for working C compiler: /usr/bin/cc - skipped
[0.284s] -- Detecting C compile features
[0.285s] -- Detecting C compile features - done
[0.291s] -- Detecting CXX compiler ABI info
[0.361s] -- Detecting CXX compiler ABI info - done
[0.366s] -- Check for working CXX compiler: /usr/bin/c++ - skipped
[0.366s] -- Detecting CXX compile features
[0.366s] -- Detecting CXX compile features - done
[0.369s] -- Found ament_cmake: 2.5.2 (/opt/ros/jazzy/share/ament_cmake/cmake)
[0.468s] -- Found Python3: /usr/bin/python3 (found version "3.12.3") found components: Interpreter 
[0.543s] -- Found dynamixel_sdk: 3.7.40 (/opt/ros/jazzy/share/dynamixel_sdk/cmake)
[0.546s] -- Found turtlebot3_msgs: 2.2.1 (/opt/ros/jazzy/share/turtlebot3_msgs/cmake)
[0.575s] -- Found rosidl_generator_c: 4.6.3 (/opt/ros/jazzy/share/rosidl_generator_c/cmake)
[0.585s] -- Found rosidl_generator_cpp: 4.6.3 (/opt/ros/jazzy/share/rosidl_generator_cpp/cmake)
[0.595s] -- Using all available rosidl_typesupport_c: rosidl_typesupport_fastrtps_c;rosidl_typesupport_introspection_c
[0.607s] -- Using all available rosidl_typesupport_cpp: rosidl_typesupport_fastrtps_cpp;rosidl_typesupport_introspection_cpp
[0.681s] -- Found rclcpp: 28.1.3 (/opt/ros/jazzy/share/rclcpp/cmake)
[0.719s] -- Found rmw_implementation_cmake: 7.3.1 (/opt/ros/jazzy/share/rmw_implementation_cmake/cmake)
[0.722s] -- Found rmw_fastrtps_cpp: 8.4.1 (/opt/ros/jazzy/share/rmw_fastrtps_cpp/cmake)
[0.794s] -- Found OpenSSL: /usr/lib/x86_64-linux-gnu/libcrypto.so (found version "3.0.13")  
[0.819s] -- Found FastRTPS: /opt/ros/jazzy/include (Required is at least version "2.13") 
[0.846s] -- Using RMW implementation 'rmw_fastrtps_cpp' as default
[0.896s] -- Found nuturtlebot_msgs: 0.0.2 (/home/catherine-maglione/yolo_backup/install/nuturtlebot_msgs/share/nuturtlebot_msgs/cmake)
[0.905s] -- Found ament_lint_auto: 0.17.1 (/opt/ros/jazzy/share/ament_lint_auto/cmake)
[0.968s] -- Added test 'cppcheck' to perform static code analysis on C / C++ code
[0.968s] -- Configured cppcheck include dirs: /home/catherine-maglione/yolo_backup/numsr_turtlebot/include/
[0.968s] -- Configured cppcheck exclude dirs and/or files: 
[0.969s] -- Added test 'lint_cmake' to check CMake code style
[0.971s] -- Added test 'uncrustify' to check C / C++ code style
[0.971s] -- Configured uncrustify additional arguments: 
[0.971s] -- Added test 'xmllint' to check XML markup files
[0.972s] -- Configuring done (0.8s)
[0.978s] -- Generating done (0.0s)
[0.979s] -- Build files have been written to: /home/catherine-maglione/yolo_backup/build/numsr_turtlebot
[0.985s] Invoked command in '/home/catherine-maglione/yolo_backup/build/numsr_turtlebot' returned '0': AMENT_PREFIX_PATH=/home/catherine-maglione/yolo_backup/install/nuturtlebot_msgs:${AMENT_PREFIX_PATH} CMAKE_PREFIX_PATH=/home/catherine-maglione/yolo_backup/install/nuturtlebot_msgs:/opt/ros/jazzy/opt/gz_sim_vendor:/opt/ros/jazzy/opt/gz_sensors_vendor:/opt/ros/jazzy/opt/gz_physics_vendor:/opt/ros/jazzy/opt/sdformat_vendor:/opt/ros/jazzy/opt/gz_gui_vendor:/opt/ros/jazzy/opt/gz_transport_vendor:/opt/ros/jazzy/opt/gz_rendering_vendor:/opt/ros/jazzy/opt/gz_plugin_vendor:/opt/ros/jazzy/opt/gz_fuel_tools_vendor:/opt/ros/jazzy/opt/gz_msgs_vendor:/opt/ros/jazzy/opt/gz_common_vendor:/opt/ros/jazzy/opt/gz_math_vendor:/opt/ros/jazzy/opt/gz_utils_vendor:/opt/ros/jazzy/opt/gz_tools_vendor:/opt/ros/jazzy/opt/gz_ogre_next_vendor:/opt/ros/jazzy/opt/gz_dartsim_vendor:/opt/ros/jazzy/opt/gz_cmake_vendor:/home/catherine-maglione/yolo_home/src/me495_yolo/install/me495_yolo:/opt/ros/jazzy LD_LIBRARY_PATH=/home/catherine-maglione/yolo_backup/install/nuturtlebot_msgs/lib:${LD_LIBRARY_PATH} PYTHONPATH=/home/catherine-maglione/yolo_backup/install/nuturtlebot_msgs/lib/python3.12/site-packages:${PYTHONPATH} /usr/bin/cmake /home/catherine-maglione/yolo_backup/numsr_turtlebot -DCMAKE_INSTALL_PREFIX=/home/catherine-maglione/yolo_backup/install/numsr_turtlebot
[0.985s] Invoking command in '/home/catherine-maglione/yolo_backup/build/numsr_turtlebot': AMENT_PREFIX_PATH=/home/catherine-maglione/yolo_backup/install/nuturtlebot_msgs:${AMENT_PREFIX_PATH} CMAKE_PREFIX_PATH=/home/catherine-maglione/yolo_backup/install/nuturtlebot_msgs:/opt/ros/jazzy/opt/gz_sim_vendor:/opt/ros/jazzy/opt/gz_sensors_vendor:/opt/ros/jazzy/opt/gz_physics_vendor:/opt/ros/jazzy/opt/sdformat_vendor:/opt/ros/jazzy/opt/gz_gui_vendor:/opt/ros/jazzy/opt/gz_transport_vendor:/opt/ros/jazzy/opt/gz_rendering_vendor:/opt/ros/jazzy/opt/gz_plugin_vendor:/opt/ros/jazzy/opt/gz_fuel_tools_vendor:/opt/ros/jazzy/opt/gz_msgs_vendor:/opt/ros/jazzy/opt/gz_common_vendor:/opt/ros/jazzy/opt/gz_math_vendor:/opt/ros/jazzy/opt/gz_utils_vendor:/opt/ros/jazzy/opt/gz_tools_vendor:/opt/ros/jazzy/opt/gz_ogre_next_vendor:/opt/ros/jazzy/opt/gz_dartsim_vendor:/opt/ros/jazzy/opt/gz_cmake_vendor:/home/catherine-maglione/yolo_home/src/me495_yolo/install/me495_yolo:/opt/ros/jazzy LD_LIBRARY_PATH=/home/catherine-maglione/yolo_backup/install/nuturtlebot_msgs/lib:${LD_LIBRARY_PATH} PYTHONPATH=/home/catherine-maglione/yolo_backup/install/nuturtlebot_msgs/lib/python3.12/site-packages:${PYTHONPATH} /usr/bin/cmake --build /home/catherine-maglione/yolo_backup/build/numsr_turtlebot -- -j32 -l32
[1.024s] [ 33%] [32mBuilding CXX object CMakeFiles/numsr_turtlebot.dir/src/numsr_turtlebot.cpp.o[0m
[1.026s] [ 66%] [32mBuilding CXX object CMakeFiles/numsr_turtlebot.dir/src/dynamixel_sdk_wrapper.cpp.o[0m
[5.607s] [100%] [32m[1mLinking CXX executable numsr_turtlebot[0m
[5.792s] [100%] Built target numsr_turtlebot
[5.804s] Invoked command in '/home/catherine-maglione/yolo_backup/build/numsr_turtlebot' returned '0': AMENT_PREFIX_PATH=/home/catherine-maglione/yolo_backup/install/nuturtlebot_msgs:${AMENT_PREFIX_PATH} CMAKE_PREFIX_PATH=/home/catherine-maglione/yolo_backup/install/nuturtlebot_msgs:/opt/ros/jazzy/opt/gz_sim_vendor:/opt/ros/jazzy/opt/gz_sensors_vendor:/opt/ros/jazzy/opt/gz_physics_vendor:/opt/ros/jazzy/opt/sdformat_vendor:/opt/ros/jazzy/opt/gz_gui_vendor:/opt/ros/jazzy/opt/gz_transport_vendor:/opt/ros/jazzy/opt/gz_rendering_vendor:/opt/ros/jazzy/opt/gz_plugin_vendor:/opt/ros/jazzy/opt/gz_fuel_tools_vendor:/opt/ros/jazzy/opt/gz_msgs_vendor:/opt/ros/jazzy/opt/gz_common_vendor:/opt/ros/jazzy/opt/gz_math_vendor:/opt/ros/jazzy/opt/gz_utils_vendor:/opt/ros/jazzy/opt/gz_tools_vendor:/opt/ros/jazzy/opt/gz_ogre_next_vendor:/opt/ros/jazzy/opt/gz_dartsim_vendor:/opt/ros/jazzy/opt/gz_cmake_vendor:/home/catherine-maglione/yolo_home/src/me495_yolo/install/me495_yolo:/opt/ros/jazzy LD_LIBRARY_PATH=/home/catherine-maglione/yolo_backup/install/nuturtlebot_msgs/lib:${LD_LIBRARY_PATH} PYTHONPATH=/home/catherine-maglione/yolo_backup/install/nuturtlebot_msgs/lib/python3.12/site-packages:${PYTHONPATH} /usr/bin/cmake --build /home/catherine-maglione/yolo_backup/build/numsr_turtlebot -- -j32 -l32
[5.846s] Invoking command in '/home/catherine-maglione/yolo_backup/build/numsr_turtlebot': AMENT_PREFIX_PATH=/home/catherine-maglione/yolo_backup/install/nuturtlebot_msgs:${AMENT_PREFIX_PATH} CMAKE_PREFIX_PATH=/home/catherine-maglione/yolo_backup/install/nuturtlebot_msgs:/opt/ros/jazzy/opt/gz_sim_vendor:/opt/ros/jazzy/opt/gz_sensors_vendor:/opt/ros/jazzy/opt/gz_physics_vendor:/opt/ros/jazzy/opt/sdformat_vendor:/opt/ros/jazzy/opt/gz_gui_vendor:/opt/ros/jazzy/opt/gz_transport_vendor:/opt/ros/jazzy/opt/gz_rendering_vendor:/opt/ros/jazzy/opt/gz_plugin_vendor:/opt/ros/jazzy/opt/gz_fuel_tools_vendor:/opt/ros/jazzy/opt/gz_msgs_vendor:/opt/ros/jazzy/opt/gz_common_vendor:/opt/ros/jazzy/opt/gz_math_vendor:/opt/ros/jazzy/opt/gz_utils_vendor:/opt/ros/jazzy/opt/gz_tools_vendor:/opt/ros/jazzy/opt/gz_ogre_next_vendor:/opt/ros/jazzy/opt/gz_dartsim_vendor:/opt/ros/jazzy/opt/gz_cmake_vendor:/home/catherine-maglione/yolo_home/src/me495_yolo/install/me495_yolo:/opt/ros/jazzy LD_LIBRARY_PATH=/home/catherine-maglione/yolo_backup/install/nuturtlebot_msgs/lib:${LD_LIBRARY_PATH} PYTHONPATH=/home/catherine-maglione/yolo_backup/install/nuturtlebot_msgs/lib/python3.12/site-packages:${PYTHONPATH} /usr/bin/cmake --install /home/catherine-maglione/yolo_backup/build/numsr_turtlebot
[5.856s] -- Install configuration: ""
[5.856s] -- Installing: /home/catherine-maglione/yolo_backup/install/numsr_turtlebot/lib/numsr_turtlebot/numsr_turtlebot
[5.861s] -- Set non-toolchain portion of runtime path of "/home/catherine-maglione/yolo_backup/install/numsr_turtlebot/lib/numsr_turtlebot/numsr_turtlebot" to ""
[5.861s] -- Installing: /home/catherine-maglione/yolo_backup/install/numsr_turtlebot/share/ament_index/resource_index/package_run_dependencies/numsr_turtlebot
[5.861s] -- Installing: /home/catherine-maglione/yolo_backup/install/numsr_turtlebot/share/ament_index/resource_index/parent_prefix_path/numsr_turtlebot
[5.862s] -- Installing: /home/catherine-maglione/yolo_backup/install/numsr_turtlebot/share/numsr_turtlebot/environment/ament_prefix_path.sh
[5.862s] -- Installing: /home/catherine-maglione/yolo_backup/install/numsr_turtlebot/share/numsr_turtlebot/environment/ament_prefix_path.dsv
[5.862s] -- Installing: /home/catherine-maglione/yolo_backup/install/numsr_turtlebot/share/numsr_turtlebot/environment/path.sh
[5.862s] -- Installing: /home/catherine-maglione/yolo_backup/install/numsr_turtlebot/share/numsr_turtlebot/environment/path.dsv
[5.862s] -- Installing: /home/catherine-maglione/yolo_backup/install/numsr_turtlebot/share/numsr_turtlebot/local_setup.bash
[5.862s] -- Installing: /home/catherine-maglione/yolo_backup/install/numsr_turtlebot/share/numsr_turtlebot/local_setup.sh
[5.862s] -- Installing: /home/catherine-maglione/yolo_backup/install/numsr_turtlebot/share/numsr_turtlebot/local_setup.zsh
[5.863s] -- Installing: /home/catherine-maglione/yolo_backup/install/numsr_turtlebot/share/numsr_turtlebot/local_setup.dsv
[5.863s] -- Installing: /home/catherine-maglione/yolo_backup/install/numsr_turtlebot/share/numsr_turtlebot/package.dsv
[5.863s] -- Installing: /home/catherine-maglione/yolo_backup/install/numsr_turtlebot/share/ament_index/resource_index/packages/numsr_turtlebot
[5.863s] -- Installing: /home/catherine-maglione/yolo_backup/install/numsr_turtlebot/share/numsr_turtlebot/cmake/numsr_turtlebotConfig.cmake
[5.863s] -- Installing: /home/catherine-maglione/yolo_backup/install/numsr_turtlebot/share/numsr_turtlebot/cmake/numsr_turtlebotConfig-version.cmake
[5.863s] -- Installing: /home/catherine-maglione/yolo_backup/install/numsr_turtlebot/share/numsr_turtlebot/package.xml
[5.865s] Invoked command in '/home/catherine-maglione/yolo_backup/build/numsr_turtlebot' returned '0': AMENT_PREFIX_PATH=/home/catherine-maglione/yolo_backup/install/nuturtlebot_msgs:${AMENT_PREFIX_PATH} CMAKE_PREFIX_PATH=/home/catherine-maglione/yolo_backup/install/nuturtlebot_msgs:/opt/ros/jazzy/opt/gz_sim_vendor:/opt/ros/jazzy/opt/gz_sensors_vendor:/opt/ros/jazzy/opt/gz_physics_vendor:/opt/ros/jazzy/opt/sdformat_vendor:/opt/ros/jazzy/opt/gz_gui_vendor:/opt/ros/jazzy/opt/gz_transport_vendor:/opt/ros/jazzy/opt/gz_rendering_vendor:/opt/ros/jazzy/opt/gz_plugin_vendor:/opt/ros/jazzy/opt/gz_fuel_tools_vendor:/opt/ros/jazzy/opt/gz_msgs_vendor:/opt/ros/jazzy/opt/gz_common_vendor:/opt/ros/jazzy/opt/gz_math_vendor:/opt/ros/jazzy/opt/gz_utils_vendor:/opt/ros/jazzy/opt/gz_tools_vendor:/opt/ros/jazzy/opt/gz_ogre_next_vendor:/opt/ros/jazzy/opt/gz_dartsim_vendor:/opt/ros/jazzy/opt/gz_cmake_vendor:/home/catherine-maglione/yolo_home/src/me495_yolo/install/me495_yolo:/opt/ros/jazzy LD_LIBRARY_PATH=/home/catherine-maglione/yolo_backup/install/nuturtlebot_msgs/lib:${LD_LIBRARY_PATH} PYTHONPATH=/home/catherine-maglione/yolo_backup/install/nuturtlebot_msgs/lib/python3.12/site-packages:${PYTHONPATH} /usr/bin/cmake --install /home/catherine-maglione/yolo_backup/build/numsr_turtlebot
