[0.476s] Invoking command in '/home/catherine-maglione/yolo_backup/src/me495_yolo': CMAKE_PREFIX_PATH=/home/catherine-maglione/yolo_backup/install/nuturtlebot_msgs:/home/catherine-maglione/yolo_backup/install/numsr_turtlebot:/opt/ros/jazzy/opt/gz_sim_vendor:/opt/ros/jazzy/opt/gz_sensors_vendor:/opt/ros/jazzy/opt/gz_physics_vendor:/opt/ros/jazzy/opt/sdformat_vendor:/opt/ros/jazzy/opt/gz_gui_vendor:/opt/ros/jazzy/opt/gz_transport_vendor:/opt/ros/jazzy/opt/gz_rendering_vendor:/opt/ros/jazzy/opt/gz_plugin_vendor:/opt/ros/jazzy/opt/gz_fuel_tools_vendor:/opt/ros/jazzy/opt/gz_msgs_vendor:/opt/ros/jazzy/opt/gz_common_vendor:/opt/ros/jazzy/opt/gz_math_vendor:/opt/ros/jazzy/opt/gz_utils_vendor:/opt/ros/jazzy/opt/gz_tools_vendor:/opt/ros/jazzy/opt/gz_ogre_next_vendor:/opt/ros/jazzy/opt/gz_dartsim_vendor:/opt/ros/jazzy/opt/gz_cmake_vendor PYTHONPATH=/home/catherine-maglione/yolo_backup/build/me495_yolo/prefix_override:/usr/lib/python3/dist-packages/colcon_core/task/python/colcon_distutils_commands:/home/catherine-maglione/yolo_backup/install/me495_yolo/lib/python3.12/site-packages:/home/catherine-maglione/yolo_backup/install/nuturtlebot_msgs/lib/python3.12/site-packages:/home/catherine-maglione/yolo_backup/install/me495_yolo/lib/python3.12/site-packages:/opt/ros/jazzy/lib/python3.12/site-packages /usr/bin/python3 -W ignore:setup.py install is deprecated setup.py egg_info --egg-base ../../build/me495_yolo build --build-base /home/catherine-maglione/yolo_backup/build/me495_yolo/build install --record /home/catherine-maglione/yolo_backup/build/me495_yolo/install.log --single-version-externally-managed install_data
[0.662s] running egg_info
[0.675s] writing ../../build/me495_yolo/me495_yolo.egg-info/PKG-INFO
[0.675s] writing dependency_links to ../../build/me495_yolo/me495_yolo.egg-info/dependency_links.txt
[0.675s] writing entry points to ../../build/me495_yolo/me495_yolo.egg-info/entry_points.txt
[0.676s] writing top-level names to ../../build/me495_yolo/me495_yolo.egg-info/top_level.txt
[0.702s] reading manifest file '../../build/me495_yolo/me495_yolo.egg-info/SOURCES.txt'
[0.702s] writing manifest file '../../build/me495_yolo/me495_yolo.egg-info/SOURCES.txt'
[0.702s] running build
[0.702s] running build_py
[0.702s] copying me495_yolo/waypoint_april.py -> /home/catherine-maglione/yolo_backup/build/me495_yolo/build/lib/me495_yolo
[0.703s] running install
[0.706s] running install_lib
[0.719s] copying /home/catherine-maglione/yolo_backup/build/me495_yolo/build/lib/me495_yolo/waypoint_april.py -> /home/catherine-maglione/yolo_backup/install/me495_yolo/lib/python3.12/site-packages/me495_yolo
[0.719s] byte-compiling /home/catherine-maglione/yolo_backup/install/me495_yolo/lib/python3.12/site-packages/me495_yolo/waypoint_april.py to waypoint_april.cpython-312.pyc
[0.720s] byte-compiling /home/catherine-maglione/yolo_backup/install/me495_yolo/lib/python3.12/site-packages/me495_yolo/square_mover.py to square_mover.cpython-312.pyc
[0.720s] running install_data
[0.720s]   File "/home/catherine-maglione/yolo_backup/install/me495_yolo/lib/python3.12/site-packages/me495_yolo/square_mover.py", line 142
[0.720s]     waypoints_world = [
[0.720s]                       ^
[0.721s] SyntaxError: '[' was never closed
[0.721s] 
[0.721s] running install_egg_info
[0.733s] removing '/home/catherine-maglione/yolo_backup/install/me495_yolo/lib/python3.12/site-packages/me495_yolo-0.0.0-py3.12.egg-info' (and everything under it)
[0.734s] Copying ../../build/me495_yolo/me495_yolo.egg-info to /home/catherine-maglione/yolo_backup/install/me495_yolo/lib/python3.12/site-packages/me495_yolo-0.0.0-py3.12.egg-info
[0.734s] running install_scripts
[0.831s] Installing apriltag_detector script to /home/catherine-maglione/yolo_backup/install/me495_yolo/lib/me495_yolo
[0.831s] Installing color_tracking script to /home/catherine-maglione/yolo_backup/install/me495_yolo/lib/me495_yolo
[0.831s] Installing good_square script to /home/catherine-maglione/yolo_backup/install/me495_yolo/lib/me495_yolo
[0.831s] Installing hsv_tuner script to /home/catherine-maglione/yolo_backup/install/me495_yolo/lib/me495_yolo
[0.831s] Installing rotate_to_90 script to /home/catherine-maglione/yolo_backup/install/me495_yolo/lib/me495_yolo
[0.831s] Installing square_motion script to /home/catherine-maglione/yolo_backup/install/me495_yolo/lib/me495_yolo
[0.831s] Installing square_mover script to /home/catherine-maglione/yolo_backup/install/me495_yolo/lib/me495_yolo
[0.831s] Installing waypoint script to /home/catherine-maglione/yolo_backup/install/me495_yolo/lib/me495_yolo
[0.831s] Installing waypoint_april script to /home/catherine-maglione/yolo_backup/install/me495_yolo/lib/me495_yolo
[0.831s] Installing waypoint_follower script to /home/catherine-maglione/yolo_backup/install/me495_yolo/lib/me495_yolo
[0.832s] Installing yolo script to /home/catherine-maglione/yolo_backup/install/me495_yolo/lib/me495_yolo
[0.832s] writing list of installed files to '/home/catherine-maglione/yolo_backup/build/me495_yolo/install.log'
[0.851s] Invoked command in '/home/catherine-maglione/yolo_backup/src/me495_yolo' returned '0': CMAKE_PREFIX_PATH=/home/catherine-maglione/yolo_backup/install/nuturtlebot_msgs:/home/catherine-maglione/yolo_backup/install/numsr_turtlebot:/opt/ros/jazzy/opt/gz_sim_vendor:/opt/ros/jazzy/opt/gz_sensors_vendor:/opt/ros/jazzy/opt/gz_physics_vendor:/opt/ros/jazzy/opt/sdformat_vendor:/opt/ros/jazzy/opt/gz_gui_vendor:/opt/ros/jazzy/opt/gz_transport_vendor:/opt/ros/jazzy/opt/gz_rendering_vendor:/opt/ros/jazzy/opt/gz_plugin_vendor:/opt/ros/jazzy/opt/gz_fuel_tools_vendor:/opt/ros/jazzy/opt/gz_msgs_vendor:/opt/ros/jazzy/opt/gz_common_vendor:/opt/ros/jazzy/opt/gz_math_vendor:/opt/ros/jazzy/opt/gz_utils_vendor:/opt/ros/jazzy/opt/gz_tools_vendor:/opt/ros/jazzy/opt/gz_ogre_next_vendor:/opt/ros/jazzy/opt/gz_dartsim_vendor:/opt/ros/jazzy/opt/gz_cmake_vendor PYTHONPATH=/home/catherine-maglione/yolo_backup/build/me495_yolo/prefix_override:/usr/lib/python3/dist-packages/colcon_core/task/python/colcon_distutils_commands:/home/catherine-maglione/yolo_backup/install/me495_yolo/lib/python3.12/site-packages:/home/catherine-maglione/yolo_backup/install/nuturtlebot_msgs/lib/python3.12/site-packages:/home/catherine-maglione/yolo_backup/install/me495_yolo/lib/python3.12/site-packages:/opt/ros/jazzy/lib/python3.12/site-packages /usr/bin/python3 -W ignore:setup.py install is deprecated setup.py egg_info --egg-base ../../build/me495_yolo build --build-base /home/catherine-maglione/yolo_backup/build/me495_yolo/build install --record /home/catherine-maglione/yolo_backup/build/me495_yolo/install.log --single-version-externally-managed install_data
