[0.456s] Invoking command in '/home/catherine-maglione/yolo_home/src/me495_yolo': PYTHONPATH=/home/catherine-maglione/yolo_home/src/me495_yolo/build/me495_yolo/prefix_override:/usr/lib/python3/dist-packages/colcon_core/task/python/colcon_distutils_commands:/home/catherine-maglione/yolo_home/src/me495_yolo/install/me495_yolo/lib/python3.12/site-packages:${PYTHONPATH} /usr/bin/python3 -W ignore:setup.py install is deprecated setup.py egg_info --egg-base build/me495_yolo build --build-base /home/catherine-maglione/yolo_home/src/me495_yolo/build/me495_yolo/build install --record /home/catherine-maglione/yolo_home/src/me495_yolo/build/me495_yolo/install.log --single-version-externally-managed install_data
[0.619s] running egg_info
[0.633s] writing build/me495_yolo/me495_yolo.egg-info/PKG-INFO
[0.633s] writing dependency_links to build/me495_yolo/me495_yolo.egg-info/dependency_links.txt
[0.633s] writing entry points to build/me495_yolo/me495_yolo.egg-info/entry_points.txt
[0.633s] writing top-level names to build/me495_yolo/me495_yolo.egg-info/top_level.txt
[0.658s] reading manifest file 'build/me495_yolo/me495_yolo.egg-info/SOURCES.txt'
[0.658s] writing manifest file 'build/me495_yolo/me495_yolo.egg-info/SOURCES.txt'
[0.659s] running build
[0.659s] running build_py
[0.659s] running install
[0.662s] running install_lib
[0.675s] running install_data
[0.675s] running install_egg_info
[0.688s] removing '/home/catherine-maglione/yolo_home/src/me495_yolo/install/me495_yolo/lib/python3.12/site-packages/me495_yolo-0.0.0-py3.12.egg-info' (and everything under it)
[0.689s] Copying build/me495_yolo/me495_yolo.egg-info to /home/catherine-maglione/yolo_home/src/me495_yolo/install/me495_yolo/lib/python3.12/site-packages/me495_yolo-0.0.0-py3.12.egg-info
[0.689s] running install_scripts
[0.768s] Installing square_motion script to /home/catherine-maglione/yolo_home/src/me495_yolo/install/me495_yolo/lib/me495_yolo
[0.768s] Installing waypoint script to /home/catherine-maglione/yolo_home/src/me495_yolo/install/me495_yolo/lib/me495_yolo
[0.768s] Installing waypoint_follower script to /home/catherine-maglione/yolo_home/src/me495_yolo/install/me495_yolo/lib/me495_yolo
[0.768s] Installing yolo script to /home/catherine-maglione/yolo_home/src/me495_yolo/install/me495_yolo/lib/me495_yolo
[0.769s] writing list of installed files to '/home/catherine-maglione/yolo_home/src/me495_yolo/build/me495_yolo/install.log'
[0.783s] Invoked command in '/home/catherine-maglione/yolo_home/src/me495_yolo' returned '0': PYTHONPATH=/home/catherine-maglione/yolo_home/src/me495_yolo/build/me495_yolo/prefix_override:/usr/lib/python3/dist-packages/colcon_core/task/python/colcon_distutils_commands:/home/catherine-maglione/yolo_home/src/me495_yolo/install/me495_yolo/lib/python3.12/site-packages:${PYTHONPATH} /usr/bin/python3 -W ignore:setup.py install is deprecated setup.py egg_info --egg-base build/me495_yolo build --build-base /home/catherine-maglione/yolo_home/src/me495_yolo/build/me495_yolo/build install --record /home/catherine-maglione/yolo_home/src/me495_yolo/build/me495_yolo/install.log --single-version-externally-managed install_data
