running egg_info
creating build/me495_yolo/me495_yolo.egg-info
writing build/me495_yolo/me495_yolo.egg-info/PKG-INFO
writing dependency_links to build/me495_yolo/me495_yolo.egg-info/dependency_links.txt
writing entry points to build/me495_yolo/me495_yolo.egg-info/entry_points.txt
writing top-level names to build/me495_yolo/me495_yolo.egg-info/top_level.txt
writing manifest file 'build/me495_yolo/me495_yolo.egg-info/SOURCES.txt'
reading manifest file 'build/me495_yolo/me495_yolo.egg-info/SOURCES.txt'
writing manifest file 'build/me495_yolo/me495_yolo.egg-info/SOURCES.txt'
running build
running build_py
creating /home/catherine-maglione/yolo_home/src/me495_yolo/build/me495_yolo/build
creating /home/catherine-maglione/yolo_home/src/me495_yolo/build/me495_yolo/build/lib
creating /home/catherine-maglione/yolo_home/src/me495_yolo/build/me495_yolo/build/lib/me495_yolo
copying me495_yolo/waypoint_follower_old.py -> /home/catherine-maglione/yolo_home/src/me495_yolo/build/me495_yolo/build/lib/me495_yolo
copying me495_yolo/waypoint_follower.py -> /home/catherine-maglione/yolo_home/src/me495_yolo/build/me495_yolo/build/lib/me495_yolo
copying me495_yolo/yolo.py -> /home/catherine-maglione/yolo_home/src/me495_yolo/build/me495_yolo/build/lib/me495_yolo
copying me495_yolo/square_motion.py -> /home/catherine-maglione/yolo_home/src/me495_yolo/build/me495_yolo/build/lib/me495_yolo
copying me495_yolo/__init__.py -> /home/catherine-maglione/yolo_home/src/me495_yolo/build/me495_yolo/build/lib/me495_yolo
copying me495_yolo/waypoint.py -> /home/catherine-maglione/yolo_home/src/me495_yolo/build/me495_yolo/build/lib/me495_yolo
copying me495_yolo/local_waypoint_follower.py -> /home/catherine-maglione/yolo_home/src/me495_yolo/build/me495_yolo/build/lib/me495_yolo
running install
running install_lib
creating /home/catherine-maglione/yolo_home/src/me495_yolo/install/me495_yolo/lib/python3.12/site-packages/me495_yolo
copying /home/catherine-maglione/yolo_home/src/me495_yolo/build/me495_yolo/build/lib/me495_yolo/waypoint_follower_old.py -> /home/catherine-maglione/yolo_home/src/me495_yolo/install/me495_yolo/lib/python3.12/site-packages/me495_yolo
copying /home/catherine-maglione/yolo_home/src/me495_yolo/build/me495_yolo/build/lib/me495_yolo/waypoint_follower.py -> /home/catherine-maglione/yolo_home/src/me495_yolo/install/me495_yolo/lib/python3.12/site-packages/me495_yolo
copying /home/catherine-maglione/yolo_home/src/me495_yolo/build/me495_yolo/build/lib/me495_yolo/yolo.py -> /home/catherine-maglione/yolo_home/src/me495_yolo/install/me495_yolo/lib/python3.12/site-packages/me495_yolo
copying /home/catherine-maglione/yolo_home/src/me495_yolo/build/me495_yolo/build/lib/me495_yolo/square_motion.py -> /home/catherine-maglione/yolo_home/src/me495_yolo/install/me495_yolo/lib/python3.12/site-packages/me495_yolo
copying /home/catherine-maglione/yolo_home/src/me495_yolo/build/me495_yolo/build/lib/me495_yolo/__init__.py -> /home/catherine-maglione/yolo_home/src/me495_yolo/install/me495_yolo/lib/python3.12/site-packages/me495_yolo
copying /home/catherine-maglione/yolo_home/src/me495_yolo/build/me495_yolo/build/lib/me495_yolo/waypoint.py -> /home/catherine-maglione/yolo_home/src/me495_yolo/install/me495_yolo/lib/python3.12/site-packages/me495_yolo
copying /home/catherine-maglione/yolo_home/src/me495_yolo/build/me495_yolo/build/lib/me495_yolo/local_waypoint_follower.py -> /home/catherine-maglione/yolo_home/src/me495_yolo/install/me495_yolo/lib/python3.12/site-packages/me495_yolo
byte-compiling /home/catherine-maglione/yolo_home/src/me495_yolo/install/me495_yolo/lib/python3.12/site-packages/me495_yolo/waypoint_follower_old.py to waypoint_follower_old.cpython-312.pyc
byte-compiling /home/catherine-maglione/yolo_home/src/me495_yolo/install/me495_yolo/lib/python3.12/site-packages/me495_yolo/waypoint_follower.py to waypoint_follower.cpython-312.pyc
byte-compiling /home/catherine-maglione/yolo_home/src/me495_yolo/install/me495_yolo/lib/python3.12/site-packages/me495_yolo/yolo.py to yolo.cpython-312.pyc
byte-compiling /home/catherine-maglione/yolo_home/src/me495_yolo/install/me495_yolo/lib/python3.12/site-packages/me495_yolo/square_motion.py to square_motion.cpython-312.pyc
byte-compiling /home/catherine-maglione/yolo_home/src/me495_yolo/install/me495_yolo/lib/python3.12/site-packages/me495_yolo/__init__.py to __init__.cpython-312.pyc
byte-compiling /home/catherine-maglione/yolo_home/src/me495_yolo/install/me495_yolo/lib/python3.12/site-packages/me495_yolo/waypoint.py to waypoint.cpython-312.pyc
byte-compiling /home/catherine-maglione/yolo_home/src/me495_yolo/install/me495_yolo/lib/python3.12/site-packages/me495_yolo/local_waypoint_follower.py to local_waypoint_follower.cpython-312.pyc
running install_data
creating /home/catherine-maglione/yolo_home/src/me495_yolo/install/me495_yolo/share/ament_index
creating /home/catherine-maglione/yolo_home/src/me495_yolo/install/me495_yolo/share/ament_index/resource_index
creating /home/catherine-maglione/yolo_home/src/me495_yolo/install/me495_yolo/share/ament_index/resource_index/packages
copying resource/me495_yolo -> /home/catherine-maglione/yolo_home/src/me495_yolo/install/me495_yolo/share/ament_index/resource_index/packages
copying package.xml -> /home/catherine-maglione/yolo_home/src/me495_yolo/install/me495_yolo/share/me495_yolo
running install_egg_info
Copying build/me495_yolo/me495_yolo.egg-info to /home/catherine-maglione/yolo_home/src/me495_yolo/install/me495_yolo/lib/python3.12/site-packages/me495_yolo-0.0.0-py3.12.egg-info
running install_scripts
Installing square_motion script to /home/catherine-maglione/yolo_home/src/me495_yolo/install/me495_yolo/lib/me495_yolo
Installing waypoint script to /home/catherine-maglione/yolo_home/src/me495_yolo/install/me495_yolo/lib/me495_yolo
Installing waypoint_follower script to /home/catherine-maglione/yolo_home/src/me495_yolo/install/me495_yolo/lib/me495_yolo
Installing yolo script to /home/catherine-maglione/yolo_home/src/me495_yolo/install/me495_yolo/lib/me495_yolo
writing list of installed files to '/home/catherine-maglione/yolo_home/src/me495_yolo/build/me495_yolo/install.log'
