-- The C compiler identification is GNU 13.2.0
-- The CXX compiler identification is GNU 13.2.0
-- Detecting C compiler ABI info
-- Detecting C compiler ABI info - done
-- Check for working C compiler: /usr/bin/cc - skipped
-- Detecting C compile features
-- Detecting C compile features - done
-- Detecting CXX compiler ABI info
-- Detecting CXX compiler ABI info - done
-- Check for working CXX compiler: /usr/bin/c++ - skipped
-- Detecting CXX compile features
-- Detecting CXX compile features - done
-- Found ament_cmake: 2.5.2 (/opt/ros/jazzy/share/ament_cmake/cmake)
-- Found Python3: /usr/bin/python3 (found version "3.12.3") found components: Interpreter 
-- Found dynamixel_sdk: 3.7.40 (/opt/ros/jazzy/share/dynamixel_sdk/cmake)
-- Found turtlebot3_msgs: 2.2.1 (/opt/ros/jazzy/share/turtlebot3_msgs/cmake)
-- Found rosidl_generator_c: 4.6.3 (/opt/ros/jazzy/share/rosidl_generator_c/cmake)
-- Found rosidl_generator_cpp: 4.6.3 (/opt/ros/jazzy/share/rosidl_generator_cpp/cmake)
-- Using all available rosidl_typesupport_c: rosidl_typesupport_fastrtps_c;rosidl_typesupport_introspection_c
-- Using all available rosidl_typesupport_cpp: rosidl_typesupport_fastrtps_cpp;rosidl_typesupport_introspection_cpp
-- Found rclcpp: 28.1.3 (/opt/ros/jazzy/share/rclcpp/cmake)
-- Found rmw_implementation_cmake: 7.3.1 (/opt/ros/jazzy/share/rmw_implementation_cmake/cmake)
-- Found rmw_fastrtps_cpp: 8.4.1 (/opt/ros/jazzy/share/rmw_fastrtps_cpp/cmake)
-- Found OpenSSL: /usr/lib/x86_64-linux-gnu/libcrypto.so (found version "3.0.13")  
-- Found FastRTPS: /opt/ros/jazzy/include (Required is at least version "2.13") 
-- Using RMW implementation 'rmw_fastrtps_cpp' as default
-- Found nuturtlebot_msgs: 0.0.2 (/home/catherine-maglione/yolo_backup/install/nuturtlebot_msgs/share/nuturtlebot_msgs/cmake)
-- Found ament_lint_auto: 0.17.1 (/opt/ros/jazzy/share/ament_lint_auto/cmake)
-- Added test 'cppcheck' to perform static code analysis on C / C++ code
-- Configured cppcheck include dirs: /home/catherine-maglione/yolo_backup/src/numsr_turtlebot/include/
-- Configured cppcheck exclude dirs and/or files: 
-- Added test 'lint_cmake' to check CMake code style
-- Added test 'uncrustify' to check C / C++ code style
-- Configured uncrustify additional arguments: 
-- Added test 'xmllint' to check XML markup files
-- Configuring done (0.8s)
-- Generating done (0.0s)
-- Build files have been written to: /home/catherine-maglione/yolo_backup/build/numsr_turtlebot
[ 33%] [32mBuilding CXX object CMakeFiles/numsr_turtlebot.dir/src/numsr_turtlebot.cpp.o[0m
[ 66%] [32mBuilding CXX object CMakeFiles/numsr_turtlebot.dir/src/dynamixel_sdk_wrapper.cpp.o[0m
[100%] [32m[1mLinking CXX executable numsr_turtlebot[0m
[100%] Built target numsr_turtlebot
-- Install configuration: ""
-- Installing: /home/catherine-maglione/yolo_backup/install/numsr_turtlebot/lib/numsr_turtlebot/numsr_turtlebot
-- Set non-toolchain portion of runtime path of "/home/catherine-maglione/yolo_backup/install/numsr_turtlebot/lib/numsr_turtlebot/numsr_turtlebot" to ""
-- Installing: /home/catherine-maglione/yolo_backup/install/numsr_turtlebot/share/ament_index/resource_index/package_run_dependencies/numsr_turtlebot
-- Installing: /home/catherine-maglione/yolo_backup/install/numsr_turtlebot/share/ament_index/resource_index/parent_prefix_path/numsr_turtlebot
-- Installing: /home/catherine-maglione/yolo_backup/install/numsr_turtlebot/share/numsr_turtlebot/environment/ament_prefix_path.sh
-- Installing: /home/catherine-maglione/yolo_backup/install/numsr_turtlebot/share/numsr_turtlebot/environment/ament_prefix_path.dsv
-- Installing: /home/catherine-maglione/yolo_backup/install/numsr_turtlebot/share/numsr_turtlebot/environment/path.sh
-- Installing: /home/catherine-maglione/yolo_backup/install/numsr_turtlebot/share/numsr_turtlebot/environment/path.dsv
-- Installing: /home/catherine-maglione/yolo_backup/install/numsr_turtlebot/share/numsr_turtlebot/local_setup.bash
-- Installing: /home/catherine-maglione/yolo_backup/install/numsr_turtlebot/share/numsr_turtlebot/local_setup.sh
-- Installing: /home/catherine-maglione/yolo_backup/install/numsr_turtlebot/share/numsr_turtlebot/local_setup.zsh
-- Installing: /home/catherine-maglione/yolo_backup/install/numsr_turtlebot/share/numsr_turtlebot/local_setup.dsv
-- Installing: /home/catherine-maglione/yolo_backup/install/numsr_turtlebot/share/numsr_turtlebot/package.dsv
-- Installing: /home/catherine-maglione/yolo_backup/install/numsr_turtlebot/share/ament_index/resource_index/packages/numsr_turtlebot
-- Installing: /home/catherine-maglione/yolo_backup/install/numsr_turtlebot/share/numsr_turtlebot/cmake/numsr_turtlebotConfig.cmake
-- Installing: /home/catherine-maglione/yolo_backup/install/numsr_turtlebot/share/numsr_turtlebot/cmake/numsr_turtlebotConfig-version.cmake
-- Installing: /home/catherine-maglione/yolo_backup/install/numsr_turtlebot/share/numsr_turtlebot/package.xml
