/home/catherine-maglione/yolo_home/src/me495_yolo/install/me495_yolo/lib/python3.12/site-packages/me495_yolo/waypoint_follower_old.py
/home/catherine-maglione/yolo_home/src/me495_yolo/install/me495_yolo/lib/python3.12/site-packages/me495_yolo/waypoint_follower.py
/home/catherine-maglione/yolo_home/src/me495_yolo/install/me495_yolo/lib/python3.12/site-packages/me495_yolo/yolo.py
/home/catherine-maglione/yolo_home/src/me495_yolo/install/me495_yolo/lib/python3.12/site-packages/me495_yolo/square_motion.py
/home/catherine-maglione/yolo_home/src/me495_yolo/install/me495_yolo/lib/python3.12/site-packages/me495_yolo/waypoint_hw.py
/home/catherine-maglione/yolo_home/src/me495_yolo/install/me495_yolo/lib/python3.12/site-packages/me495_yolo/__init__.py
/home/catherine-maglione/yolo_home/src/me495_yolo/install/me495_yolo/lib/python3.12/site-packages/me495_yolo/waypoint.py
/home/catherine-maglione/yolo_home/src/me495_yolo/install/me495_yolo/lib/python3.12/site-packages/me495_yolo/odom_yaw_monitor.py
/home/catherine-maglione/yolo_home/src/me495_yolo/install/me495_yolo/lib/python3.12/site-packages/me495_yolo/local_waypoint_follower.py
/home/catherine-maglione/yolo_home/src/me495_yolo/install/me495_yolo/lib/python3.12/site-packages/me495_yolo/__pycache__/waypoint_follower_old.cpython-312.pyc
/home/catherine-maglione/yolo_home/src/me495_yolo/install/me495_yolo/lib/python3.12/site-packages/me495_yolo/__pycache__/waypoint_follower.cpython-312.pyc
/home/catherine-maglione/yolo_home/src/me495_yolo/install/me495_yolo/lib/python3.12/site-packages/me495_yolo/__pycache__/yolo.cpython-312.pyc
/home/catherine-maglione/yolo_home/src/me495_yolo/install/me495_yolo/lib/python3.12/site-packages/me495_yolo/__pycache__/square_motion.cpython-312.pyc
/home/catherine-maglione/yolo_home/src/me495_yolo/install/me495_yolo/lib/python3.12/site-packages/me495_yolo/__pycache__/waypoint_hw.cpython-312.pyc
/home/catherine-maglione/yolo_home/src/me495_yolo/install/me495_yolo/lib/python3.12/site-packages/me495_yolo/__pycache__/__init__.cpython-312.pyc
/home/catherine-maglione/yolo_home/src/me495_yolo/install/me495_yolo/lib/python3.12/site-packages/me495_yolo/__pycache__/waypoint.cpython-312.pyc
/home/catherine-maglione/yolo_home/src/me495_yolo/install/me495_yolo/lib/python3.12/site-packages/me495_yolo/__pycache__/odom_yaw_monitor.cpython-312.pyc
/home/catherine-maglione/yolo_home/src/me495_yolo/install/me495_yolo/lib/python3.12/site-packages/me495_yolo/__pycache__/local_waypoint_follower.cpython-312.pyc
/home/catherine-maglione/yolo_home/src/me495_yolo/install/me495_yolo/share/ament_index/resource_index/packages/me495_yolo
/home/catherine-maglione/yolo_home/src/me495_yolo/install/me495_yolo/share/me495_yolo/package.xml
/home/catherine-maglione/yolo_home/src/me495_yolo/install/me495_yolo/lib/python3.12/site-packages/me495_yolo-0.0.0-py3.12.egg-info/SOURCES.txt
/home/catherine-maglione/yolo_home/src/me495_yolo/install/me495_yolo/lib/python3.12/site-packages/me495_yolo-0.0.0-py3.12.egg-info/zip-safe
/home/catherine-maglione/yolo_home/src/me495_yolo/install/me495_yolo/lib/python3.12/site-packages/me495_yolo-0.0.0-py3.12.egg-info/dependency_links.txt
/home/catherine-maglione/yolo_home/src/me495_yolo/install/me495_yolo/lib/python3.12/site-packages/me495_yolo-0.0.0-py3.12.egg-info/PKG-INFO
/home/catherine-maglione/yolo_home/src/me495_yolo/install/me495_yolo/lib/python3.12/site-packages/me495_yolo-0.0.0-py3.12.egg-info/top_level.txt
/home/catherine-maglione/yolo_home/src/me495_yolo/install/me495_yolo/lib/python3.12/site-packages/me495_yolo-0.0.0-py3.12.egg-info/entry_points.txt
/home/catherine-maglione/yolo_home/src/me495_yolo/install/me495_yolo/lib/me495_yolo/odom_yaw_monitor
/home/catherine-maglione/yolo_home/src/me495_yolo/install/me495_yolo/lib/me495_yolo/square_motion
/home/catherine-maglione/yolo_home/src/me495_yolo/install/me495_yolo/lib/me495_yolo/waypoint
/home/catherine-maglione/yolo_home/src/me495_yolo/install/me495_yolo/lib/me495_yolo/waypoint_follower
/home/catherine-maglione/yolo_home/src/me495_yolo/install/me495_yolo/lib/me495_yolo/yolo
