[0.008s] Invoking command in '/home/catherine-maglione/yolo_backup/build/nuturtlebot_msgs': CMAKE_PREFIX_PATH=${CMAKE_PREFIX_PATH}:/home/catherine-maglione/yolo_backup/install/me495_yolo:/home/catherine-maglione/yolo_home/src/me495_yolo/install/me495_yolo:/opt/ros/jazzy PS1=\[\e]0;\u@\h: \w\a\]${debian_chroot:+($debian_chroot)}\[\033[1;34m\]\u\[\033[00m\]@\[\033[1;32m\]\h\[\033[00m\]:\[\033[1;33m\]\w\[\033[00m\] \[\033[1;36m\]$(parse_git_branch)\[\033[00m\]\$ /usr/bin/cmake --build /home/catherine-maglione/yolo_backup/build/nuturtlebot_msgs -- -j32 -l32
[0.059s] [  2%] Built target nuturtlebot_msgs__rosidl_generator_type_description
[0.072s] [  2%] Built target ament_cmake_python_copy_nuturtlebot_msgs
[0.086s] [  4%] Built target nuturtlebot_msgs__cpp
[0.087s] [ 22%] Built target nuturtlebot_msgs__rosidl_generator_c
[0.108s] [ 31%] Built target nuturtlebot_msgs__rosidl_typesupport_introspection_c
[0.110s] [ 40%] Built target nuturtlebot_msgs__rosidl_typesupport_cpp
[0.110s] [ 50%] Built target nuturtlebot_msgs__rosidl_typesupport_fastrtps_c
[0.110s] [ 59%] Built target nuturtlebot_msgs__rosidl_typesupport_introspection_cpp
[0.111s] [ 68%] Built target nuturtlebot_msgs__rosidl_typesupport_fastrtps_cpp
[0.111s] [ 77%] Built target nuturtlebot_msgs__rosidl_typesupport_c
[0.127s] [ 77%] Built target nuturtlebot_msgs
[0.145s] [ 79%] Built target nuturtlebot_msgs__py
[0.164s] [ 86%] Built target nuturtlebot_msgs__rosidl_generator_py
[0.182s] [ 90%] Built target nuturtlebot_msgs_s__rosidl_typesupport_c
[0.183s] [100%] Built target nuturtlebot_msgs_s__rosidl_typesupport_fastrtps_c
[0.183s] [100%] Built target nuturtlebot_msgs_s__rosidl_typesupport_introspection_c
[0.254s] running egg_info
[0.270s] writing nuturtlebot_msgs.egg-info/PKG-INFO
[0.270s] writing dependency_links to nuturtlebot_msgs.egg-info/dependency_links.txt
[0.271s] writing top-level names to nuturtlebot_msgs.egg-info/top_level.txt
[0.318s] reading manifest file 'nuturtlebot_msgs.egg-info/SOURCES.txt'
[0.319s] writing manifest file 'nuturtlebot_msgs.egg-info/SOURCES.txt'
[0.339s] [100%] Built target ament_cmake_python_build_nuturtlebot_msgs_egg
[0.349s] Invoked command in '/home/catherine-maglione/yolo_backup/build/nuturtlebot_msgs' returned '0': CMAKE_PREFIX_PATH=${CMAKE_PREFIX_PATH}:/home/catherine-maglione/yolo_backup/install/me495_yolo:/home/catherine-maglione/yolo_home/src/me495_yolo/install/me495_yolo:/opt/ros/jazzy PS1=\[\e]0;\u@\h: \w\a\]${debian_chroot:+($debian_chroot)}\[\033[1;34m\]\u\[\033[00m\]@\[\033[1;32m\]\h\[\033[00m\]:\[\033[1;33m\]\w\[\033[00m\] \[\033[1;36m\]$(parse_git_branch)\[\033[00m\]\$ /usr/bin/cmake --build /home/catherine-maglione/yolo_backup/build/nuturtlebot_msgs -- -j32 -l32
[0.456s] Invoking command in '/home/catherine-maglione/yolo_backup/build/nuturtlebot_msgs': CMAKE_PREFIX_PATH=${CMAKE_PREFIX_PATH}:/home/catherine-maglione/yolo_backup/install/me495_yolo:/home/catherine-maglione/yolo_home/src/me495_yolo/install/me495_yolo:/opt/ros/jazzy PS1=\[\e]0;\u@\h: \w\a\]${debian_chroot:+($debian_chroot)}\[\033[1;34m\]\u\[\033[00m\]@\[\033[1;32m\]\h\[\033[00m\]:\[\033[1;33m\]\w\[\033[00m\] \[\033[1;36m\]$(parse_git_branch)\[\033[00m\]\$ /usr/bin/cmake --install /home/catherine-maglione/yolo_backup/build/nuturtlebot_msgs
[0.462s] -- Install configuration: ""
[0.462s] -- Up-to-date: /home/catherine-maglione/yolo_backup/install/nuturtlebot_msgs/share/ament_index/resource_index/rosidl_interfaces/nuturtlebot_msgs
[0.462s] -- Up-to-date: /home/catherine-maglione/yolo_backup/install/nuturtlebot_msgs/share/nuturtlebot_msgs/msg/SensorData.json
[0.462s] -- Up-to-date: /home/catherine-maglione/yolo_backup/install/nuturtlebot_msgs/share/nuturtlebot_msgs/msg/WheelCommands.json
[0.462s] -- Up-to-date: /home/catherine-maglione/yolo_backup/install/nuturtlebot_msgs/include/nuturtlebot_msgs/nuturtlebot_msgs
[0.462s] -- Up-to-date: /home/catherine-maglione/yolo_backup/install/nuturtlebot_msgs/include/nuturtlebot_msgs/nuturtlebot_msgs/msg
[0.462s] -- Up-to-date: /home/catherine-maglione/yolo_backup/install/nuturtlebot_msgs/include/nuturtlebot_msgs/nuturtlebot_msgs/msg/rosidl_generator_c__visibility_control.h
[0.462s] -- Up-to-date: /home/catherine-maglione/yolo_backup/install/nuturtlebot_msgs/include/nuturtlebot_msgs/nuturtlebot_msgs/msg/detail
[0.462s] -- Up-to-date: /home/catherine-maglione/yolo_backup/install/nuturtlebot_msgs/include/nuturtlebot_msgs/nuturtlebot_msgs/msg/detail/sensor_data__type_support.c
[0.463s] -- Up-to-date: /home/catherine-maglione/yolo_backup/install/nuturtlebot_msgs/include/nuturtlebot_msgs/nuturtlebot_msgs/msg/detail/sensor_data__struct.h
[0.463s] -- Up-to-date: /home/catherine-maglione/yolo_backup/install/nuturtlebot_msgs/include/nuturtlebot_msgs/nuturtlebot_msgs/msg/detail/sensor_data__description.c
[0.463s] -- Up-to-date: /home/catherine-maglione/yolo_backup/install/nuturtlebot_msgs/include/nuturtlebot_msgs/nuturtlebot_msgs/msg/detail/wheel_commands__type_support.c
[0.463s] -- Up-to-date: /home/catherine-maglione/yolo_backup/install/nuturtlebot_msgs/include/nuturtlebot_msgs/nuturtlebot_msgs/msg/detail/sensor_data__functions.c
[0.463s] -- Up-to-date: /home/catherine-maglione/yolo_backup/install/nuturtlebot_msgs/include/nuturtlebot_msgs/nuturtlebot_msgs/msg/detail/wheel_commands__functions.h
[0.463s] -- Up-to-date: /home/catherine-maglione/yolo_backup/install/nuturtlebot_msgs/include/nuturtlebot_msgs/nuturtlebot_msgs/msg/detail/sensor_data__functions.h
[0.463s] -- Up-to-date: /home/catherine-maglione/yolo_backup/install/nuturtlebot_msgs/include/nuturtlebot_msgs/nuturtlebot_msgs/msg/detail/wheel_commands__description.c
[0.463s] -- Up-to-date: /home/catherine-maglione/yolo_backup/install/nuturtlebot_msgs/include/nuturtlebot_msgs/nuturtlebot_msgs/msg/detail/wheel_commands__struct.h
[0.463s] -- Up-to-date: /home/catherine-maglione/yolo_backup/install/nuturtlebot_msgs/include/nuturtlebot_msgs/nuturtlebot_msgs/msg/detail/sensor_data__type_support.h
[0.463s] -- Up-to-date: /home/catherine-maglione/yolo_backup/install/nuturtlebot_msgs/include/nuturtlebot_msgs/nuturtlebot_msgs/msg/detail/wheel_commands__type_support.h
[0.463s] -- Up-to-date: /home/catherine-maglione/yolo_backup/install/nuturtlebot_msgs/include/nuturtlebot_msgs/nuturtlebot_msgs/msg/detail/wheel_commands__functions.c
[0.463s] -- Up-to-date: /home/catherine-maglione/yolo_backup/install/nuturtlebot_msgs/include/nuturtlebot_msgs/nuturtlebot_msgs/msg/sensor_data.h
[0.463s] -- Up-to-date: /home/catherine-maglione/yolo_backup/install/nuturtlebot_msgs/include/nuturtlebot_msgs/nuturtlebot_msgs/msg/wheel_commands.h
[0.463s] -- Up-to-date: /home/catherine-maglione/yolo_backup/install/nuturtlebot_msgs/share/nuturtlebot_msgs/environment/library_path.sh
[0.463s] -- Up-to-date: /home/catherine-maglione/yolo_backup/install/nuturtlebot_msgs/share/nuturtlebot_msgs/environment/library_path.dsv
[0.464s] -- Up-to-date: /home/catherine-maglione/yolo_backup/install/nuturtlebot_msgs/lib/libnuturtlebot_msgs__rosidl_generator_c.so
[0.464s] -- Up-to-date: /home/catherine-maglione/yolo_backup/install/nuturtlebot_msgs/include/nuturtlebot_msgs/nuturtlebot_msgs
[0.464s] -- Up-to-date: /home/catherine-maglione/yolo_backup/install/nuturtlebot_msgs/include/nuturtlebot_msgs/nuturtlebot_msgs/msg
[0.464s] -- Up-to-date: /home/catherine-maglione/yolo_backup/install/nuturtlebot_msgs/include/nuturtlebot_msgs/nuturtlebot_msgs/msg/detail
[0.464s] -- Up-to-date: /home/catherine-maglione/yolo_backup/install/nuturtlebot_msgs/include/nuturtlebot_msgs/nuturtlebot_msgs/msg/detail/wheel_commands__rosidl_typesupport_fastrtps_c.h
[0.464s] -- Up-to-date: /home/catherine-maglione/yolo_backup/install/nuturtlebot_msgs/include/nuturtlebot_msgs/nuturtlebot_msgs/msg/detail/sensor_data__rosidl_typesupport_fastrtps_c.h
[0.464s] -- Up-to-date: /home/catherine-maglione/yolo_backup/install/nuturtlebot_msgs/include/nuturtlebot_msgs/nuturtlebot_msgs/msg/rosidl_typesupport_fastrtps_c__visibility_control.h
[0.464s] -- Up-to-date: /home/catherine-maglione/yolo_backup/install/nuturtlebot_msgs/lib/libnuturtlebot_msgs__rosidl_typesupport_fastrtps_c.so
[0.464s] -- Up-to-date: /home/catherine-maglione/yolo_backup/install/nuturtlebot_msgs/include/nuturtlebot_msgs/nuturtlebot_msgs
[0.464s] -- Up-to-date: /home/catherine-maglione/yolo_backup/install/nuturtlebot_msgs/include/nuturtlebot_msgs/nuturtlebot_msgs/msg
[0.464s] -- Up-to-date: /home/catherine-maglione/yolo_backup/install/nuturtlebot_msgs/include/nuturtlebot_msgs/nuturtlebot_msgs/msg/detail
[0.464s] -- Up-to-date: /home/catherine-maglione/yolo_backup/install/nuturtlebot_msgs/include/nuturtlebot_msgs/nuturtlebot_msgs/msg/detail/wheel_commands__type_support.hpp
[0.464s] -- Up-to-date: /home/catherine-maglione/yolo_backup/install/nuturtlebot_msgs/include/nuturtlebot_msgs/nuturtlebot_msgs/msg/detail/wheel_commands__builder.hpp
[0.464s] -- Up-to-date: /home/catherine-maglione/yolo_backup/install/nuturtlebot_msgs/include/nuturtlebot_msgs/nuturtlebot_msgs/msg/detail/sensor_data__traits.hpp
[0.464s] -- Up-to-date: /home/catherine-maglione/yolo_backup/install/nuturtlebot_msgs/include/nuturtlebot_msgs/nuturtlebot_msgs/msg/detail/sensor_data__type_support.hpp
[0.464s] -- Up-to-date: /home/catherine-maglione/yolo_backup/install/nuturtlebot_msgs/include/nuturtlebot_msgs/nuturtlebot_msgs/msg/detail/wheel_commands__struct.hpp
[0.464s] -- Up-to-date: /home/catherine-maglione/yolo_backup/install/nuturtlebot_msgs/include/nuturtlebot_msgs/nuturtlebot_msgs/msg/detail/wheel_commands__traits.hpp
[0.464s] -- Up-to-date: /home/catherine-maglione/yolo_backup/install/nuturtlebot_msgs/include/nuturtlebot_msgs/nuturtlebot_msgs/msg/detail/sensor_data__struct.hpp
[0.465s] -- Up-to-date: /home/catherine-maglione/yolo_backup/install/nuturtlebot_msgs/include/nuturtlebot_msgs/nuturtlebot_msgs/msg/detail/sensor_data__builder.hpp
[0.465s] -- Up-to-date: /home/catherine-maglione/yolo_backup/install/nuturtlebot_msgs/include/nuturtlebot_msgs/nuturtlebot_msgs/msg/rosidl_generator_cpp__visibility_control.hpp
[0.465s] -- Up-to-date: /home/catherine-maglione/yolo_backup/install/nuturtlebot_msgs/include/nuturtlebot_msgs/nuturtlebot_msgs/msg/wheel_commands.hpp
[0.465s] -- Up-to-date: /home/catherine-maglione/yolo_backup/install/nuturtlebot_msgs/include/nuturtlebot_msgs/nuturtlebot_msgs/msg/sensor_data.hpp
[0.465s] -- Up-to-date: /home/catherine-maglione/yolo_backup/install/nuturtlebot_msgs/include/nuturtlebot_msgs/nuturtlebot_msgs
[0.465s] -- Up-to-date: /home/catherine-maglione/yolo_backup/install/nuturtlebot_msgs/include/nuturtlebot_msgs/nuturtlebot_msgs/msg
[0.465s] -- Up-to-date: /home/catherine-maglione/yolo_backup/install/nuturtlebot_msgs/include/nuturtlebot_msgs/nuturtlebot_msgs/msg/detail
[0.465s] -- Up-to-date: /home/catherine-maglione/yolo_backup/install/nuturtlebot_msgs/include/nuturtlebot_msgs/nuturtlebot_msgs/msg/detail/dds_fastrtps
[0.465s] -- Up-to-date: /home/catherine-maglione/yolo_backup/install/nuturtlebot_msgs/include/nuturtlebot_msgs/nuturtlebot_msgs/msg/detail/wheel_commands__rosidl_typesupport_fastrtps_cpp.hpp
[0.465s] -- Up-to-date: /home/catherine-maglione/yolo_backup/install/nuturtlebot_msgs/include/nuturtlebot_msgs/nuturtlebot_msgs/msg/detail/sensor_data__rosidl_typesupport_fastrtps_cpp.hpp
[0.465s] -- Up-to-date: /home/catherine-maglione/yolo_backup/install/nuturtlebot_msgs/include/nuturtlebot_msgs/nuturtlebot_msgs/msg/rosidl_typesupport_fastrtps_cpp__visibility_control.h
[0.465s] -- Up-to-date: /home/catherine-maglione/yolo_backup/install/nuturtlebot_msgs/lib/libnuturtlebot_msgs__rosidl_typesupport_fastrtps_cpp.so
[0.465s] -- Up-to-date: /home/catherine-maglione/yolo_backup/install/nuturtlebot_msgs/include/nuturtlebot_msgs/nuturtlebot_msgs
[0.465s] -- Up-to-date: /home/catherine-maglione/yolo_backup/install/nuturtlebot_msgs/include/nuturtlebot_msgs/nuturtlebot_msgs/msg
[0.465s] -- Up-to-date: /home/catherine-maglione/yolo_backup/install/nuturtlebot_msgs/include/nuturtlebot_msgs/nuturtlebot_msgs/msg/detail
[0.465s] -- Up-to-date: /home/catherine-maglione/yolo_backup/install/nuturtlebot_msgs/include/nuturtlebot_msgs/nuturtlebot_msgs/msg/detail/sensor_data__type_support.c
[0.465s] -- Up-to-date: /home/catherine-maglione/yolo_backup/install/nuturtlebot_msgs/include/nuturtlebot_msgs/nuturtlebot_msgs/msg/detail/wheel_commands__type_support.c
[0.465s] -- Up-to-date: /home/catherine-maglione/yolo_backup/install/nuturtlebot_msgs/include/nuturtlebot_msgs/nuturtlebot_msgs/msg/detail/sensor_data__rosidl_typesupport_introspection_c.h
[0.465s] -- Up-to-date: /home/catherine-maglione/yolo_backup/install/nuturtlebot_msgs/include/nuturtlebot_msgs/nuturtlebot_msgs/msg/detail/wheel_commands__rosidl_typesupport_introspection_c.h
[0.465s] -- Up-to-date: /home/catherine-maglione/yolo_backup/install/nuturtlebot_msgs/include/nuturtlebot_msgs/nuturtlebot_msgs/msg/rosidl_typesupport_introspection_c__visibility_control.h
[0.466s] -- Up-to-date: /home/catherine-maglione/yolo_backup/install/nuturtlebot_msgs/lib/libnuturtlebot_msgs__rosidl_typesupport_introspection_c.so
[0.466s] -- Up-to-date: /home/catherine-maglione/yolo_backup/install/nuturtlebot_msgs/lib/libnuturtlebot_msgs__rosidl_typesupport_c.so
[0.466s] -- Up-to-date: /home/catherine-maglione/yolo_backup/install/nuturtlebot_msgs/include/nuturtlebot_msgs/nuturtlebot_msgs
[0.466s] -- Up-to-date: /home/catherine-maglione/yolo_backup/install/nuturtlebot_msgs/include/nuturtlebot_msgs/nuturtlebot_msgs/msg
[0.466s] -- Up-to-date: /home/catherine-maglione/yolo_backup/install/nuturtlebot_msgs/include/nuturtlebot_msgs/nuturtlebot_msgs/msg/detail
[0.466s] -- Up-to-date: /home/catherine-maglione/yolo_backup/install/nuturtlebot_msgs/include/nuturtlebot_msgs/nuturtlebot_msgs/msg/detail/wheel_commands__type_support.cpp
[0.466s] -- Up-to-date: /home/catherine-maglione/yolo_backup/install/nuturtlebot_msgs/include/nuturtlebot_msgs/nuturtlebot_msgs/msg/detail/sensor_data__rosidl_typesupport_introspection_cpp.hpp
[0.466s] -- Up-to-date: /home/catherine-maglione/yolo_backup/install/nuturtlebot_msgs/include/nuturtlebot_msgs/nuturtlebot_msgs/msg/detail/wheel_commands__rosidl_typesupport_introspection_cpp.hpp
[0.466s] -- Up-to-date: /home/catherine-maglione/yolo_backup/install/nuturtlebot_msgs/include/nuturtlebot_msgs/nuturtlebot_msgs/msg/detail/sensor_data__type_support.cpp
[0.466s] -- Up-to-date: /home/catherine-maglione/yolo_backup/install/nuturtlebot_msgs/lib/libnuturtlebot_msgs__rosidl_typesupport_introspection_cpp.so
[0.466s] -- Up-to-date: /home/catherine-maglione/yolo_backup/install/nuturtlebot_msgs/lib/libnuturtlebot_msgs__rosidl_typesupport_cpp.so
[0.466s] -- Up-to-date: /home/catherine-maglione/yolo_backup/install/nuturtlebot_msgs/share/nuturtlebot_msgs/environment/pythonpath.sh
[0.466s] -- Up-to-date: /home/catherine-maglione/yolo_backup/install/nuturtlebot_msgs/share/nuturtlebot_msgs/environment/pythonpath.dsv
[0.466s] -- Up-to-date: /home/catherine-maglione/yolo_backup/install/nuturtlebot_msgs/lib/python3.12/site-packages/nuturtlebot_msgs-0.0.2-py3.12.egg-info
[0.466s] -- Installing: /home/catherine-maglione/yolo_backup/install/nuturtlebot_msgs/lib/python3.12/site-packages/nuturtlebot_msgs-0.0.2-py3.12.egg-info/SOURCES.txt
[0.466s] -- Installing: /home/catherine-maglione/yolo_backup/install/nuturtlebot_msgs/lib/python3.12/site-packages/nuturtlebot_msgs-0.0.2-py3.12.egg-info/dependency_links.txt
[0.466s] -- Installing: /home/catherine-maglione/yolo_backup/install/nuturtlebot_msgs/lib/python3.12/site-packages/nuturtlebot_msgs-0.0.2-py3.12.egg-info/PKG-INFO
[0.466s] -- Installing: /home/catherine-maglione/yolo_backup/install/nuturtlebot_msgs/lib/python3.12/site-packages/nuturtlebot_msgs-0.0.2-py3.12.egg-info/top_level.txt
[0.466s] -- Up-to-date: /home/catherine-maglione/yolo_backup/install/nuturtlebot_msgs/lib/python3.12/site-packages/nuturtlebot_msgs
[0.466s] -- Up-to-date: /home/catherine-maglione/yolo_backup/install/nuturtlebot_msgs/lib/python3.12/site-packages/nuturtlebot_msgs/_nuturtlebot_msgs_s.ep.rosidl_typesupport_c.c
[0.467s] -- Up-to-date: /home/catherine-maglione/yolo_backup/install/nuturtlebot_msgs/lib/python3.12/site-packages/nuturtlebot_msgs/msg
[0.467s] -- Up-to-date: /home/catherine-maglione/yolo_backup/install/nuturtlebot_msgs/lib/python3.12/site-packages/nuturtlebot_msgs/msg/_sensor_data.py
[0.467s] -- Up-to-date: /home/catherine-maglione/yolo_backup/install/nuturtlebot_msgs/lib/python3.12/site-packages/nuturtlebot_msgs/msg/_wheel_commands_s.c
[0.467s] -- Up-to-date: /home/catherine-maglione/yolo_backup/install/nuturtlebot_msgs/lib/python3.12/site-packages/nuturtlebot_msgs/msg/_wheel_commands.py
[0.467s] -- Up-to-date: /home/catherine-maglione/yolo_backup/install/nuturtlebot_msgs/lib/python3.12/site-packages/nuturtlebot_msgs/msg/_sensor_data_s.c
[0.467s] -- Up-to-date: /home/catherine-maglione/yolo_backup/install/nuturtlebot_msgs/lib/python3.12/site-packages/nuturtlebot_msgs/msg/__init__.py
[0.467s] -- Up-to-date: /home/catherine-maglione/yolo_backup/install/nuturtlebot_msgs/lib/python3.12/site-packages/nuturtlebot_msgs/nuturtlebot_msgs_s__rosidl_typesupport_c.so
[0.467s] -- Up-to-date: /home/catherine-maglione/yolo_backup/install/nuturtlebot_msgs/lib/python3.12/site-packages/nuturtlebot_msgs/nuturtlebot_msgs_s__rosidl_typesupport_introspection_c.so
[0.467s] -- Up-to-date: /home/catherine-maglione/yolo_backup/install/nuturtlebot_msgs/lib/python3.12/site-packages/nuturtlebot_msgs/nuturtlebot_msgs_s__rosidl_typesupport_fastrtps_c.so
[0.467s] -- Up-to-date: /home/catherine-maglione/yolo_backup/install/nuturtlebot_msgs/lib/python3.12/site-packages/nuturtlebot_msgs/_nuturtlebot_msgs_s.ep.rosidl_typesupport_introspection_c.c
[0.467s] -- Up-to-date: /home/catherine-maglione/yolo_backup/install/nuturtlebot_msgs/lib/python3.12/site-packages/nuturtlebot_msgs/__init__.py
[0.467s] -- Up-to-date: /home/catherine-maglione/yolo_backup/install/nuturtlebot_msgs/lib/python3.12/site-packages/nuturtlebot_msgs/_nuturtlebot_msgs_s.ep.rosidl_typesupport_fastrtps_c.c
[0.493s] Listing '/home/catherine-maglione/yolo_backup/install/nuturtlebot_msgs/lib/python3.12/site-packages/nuturtlebot_msgs'...
[0.494s] Listing '/home/catherine-maglione/yolo_backup/install/nuturtlebot_msgs/lib/python3.12/site-packages/nuturtlebot_msgs/msg'...
[0.498s] -- Up-to-date: /home/catherine-maglione/yolo_backup/install/nuturtlebot_msgs/lib/python3.12/site-packages/nuturtlebot_msgs/nuturtlebot_msgs_s__rosidl_typesupport_fastrtps_c.so
[0.498s] -- Up-to-date: /home/catherine-maglione/yolo_backup/install/nuturtlebot_msgs/lib/python3.12/site-packages/nuturtlebot_msgs/nuturtlebot_msgs_s__rosidl_typesupport_introspection_c.so
[0.498s] -- Up-to-date: /home/catherine-maglione/yolo_backup/install/nuturtlebot_msgs/lib/python3.12/site-packages/nuturtlebot_msgs/nuturtlebot_msgs_s__rosidl_typesupport_c.so
[0.498s] -- Up-to-date: /home/catherine-maglione/yolo_backup/install/nuturtlebot_msgs/lib/libnuturtlebot_msgs__rosidl_generator_py.so
[0.498s] -- Up-to-date: /home/catherine-maglione/yolo_backup/install/nuturtlebot_msgs/share/nuturtlebot_msgs/msg/SensorData.idl
[0.498s] -- Up-to-date: /home/catherine-maglione/yolo_backup/install/nuturtlebot_msgs/share/nuturtlebot_msgs/msg/WheelCommands.idl
[0.498s] -- Up-to-date: /home/catherine-maglione/yolo_backup/install/nuturtlebot_msgs/share/nuturtlebot_msgs/msg/SensorData.msg
[0.498s] -- Up-to-date: /home/catherine-maglione/yolo_backup/install/nuturtlebot_msgs/share/nuturtlebot_msgs/msg/WheelCommands.msg
[0.498s] -- Up-to-date: /home/catherine-maglione/yolo_backup/install/nuturtlebot_msgs/share/ament_index/resource_index/package_run_dependencies/nuturtlebot_msgs
[0.498s] -- Up-to-date: /home/catherine-maglione/yolo_backup/install/nuturtlebot_msgs/share/ament_index/resource_index/parent_prefix_path/nuturtlebot_msgs
[0.498s] -- Up-to-date: /home/catherine-maglione/yolo_backup/install/nuturtlebot_msgs/share/nuturtlebot_msgs/environment/ament_prefix_path.sh
[0.498s] -- Up-to-date: /home/catherine-maglione/yolo_backup/install/nuturtlebot_msgs/share/nuturtlebot_msgs/environment/ament_prefix_path.dsv
[0.498s] -- Up-to-date: /home/catherine-maglione/yolo_backup/install/nuturtlebot_msgs/share/nuturtlebot_msgs/environment/path.sh
[0.498s] -- Up-to-date: /home/catherine-maglione/yolo_backup/install/nuturtlebot_msgs/share/nuturtlebot_msgs/environment/path.dsv
[0.498s] -- Up-to-date: /home/catherine-maglione/yolo_backup/install/nuturtlebot_msgs/share/nuturtlebot_msgs/local_setup.bash
[0.498s] -- Up-to-date: /home/catherine-maglione/yolo_backup/install/nuturtlebot_msgs/share/nuturtlebot_msgs/local_setup.sh
[0.498s] -- Up-to-date: /home/catherine-maglione/yolo_backup/install/nuturtlebot_msgs/share/nuturtlebot_msgs/local_setup.zsh
[0.499s] -- Up-to-date: /home/catherine-maglione/yolo_backup/install/nuturtlebot_msgs/share/nuturtlebot_msgs/local_setup.dsv
[0.499s] -- Installing: /home/catherine-maglione/yolo_backup/install/nuturtlebot_msgs/share/nuturtlebot_msgs/package.dsv
[0.499s] -- Up-to-date: /home/catherine-maglione/yolo_backup/install/nuturtlebot_msgs/share/ament_index/resource_index/packages/nuturtlebot_msgs
[0.499s] -- Up-to-date: /home/catherine-maglione/yolo_backup/install/nuturtlebot_msgs/share/nuturtlebot_msgs/cmake/export_nuturtlebot_msgs__rosidl_generator_cExport.cmake
[0.499s] -- Up-to-date: /home/catherine-maglione/yolo_backup/install/nuturtlebot_msgs/share/nuturtlebot_msgs/cmake/export_nuturtlebot_msgs__rosidl_generator_cExport-noconfig.cmake
[0.499s] -- Up-to-date: /home/catherine-maglione/yolo_backup/install/nuturtlebot_msgs/share/nuturtlebot_msgs/cmake/export_nuturtlebot_msgs__rosidl_typesupport_fastrtps_cExport.cmake
[0.499s] -- Up-to-date: /home/catherine-maglione/yolo_backup/install/nuturtlebot_msgs/share/nuturtlebot_msgs/cmake/export_nuturtlebot_msgs__rosidl_typesupport_fastrtps_cExport-noconfig.cmake
[0.499s] -- Up-to-date: /home/catherine-maglione/yolo_backup/install/nuturtlebot_msgs/share/nuturtlebot_msgs/cmake/export_nuturtlebot_msgs__rosidl_generator_cppExport.cmake
[0.499s] -- Up-to-date: /home/catherine-maglione/yolo_backup/install/nuturtlebot_msgs/share/nuturtlebot_msgs/cmake/export_nuturtlebot_msgs__rosidl_typesupport_fastrtps_cppExport.cmake
[0.499s] -- Up-to-date: /home/catherine-maglione/yolo_backup/install/nuturtlebot_msgs/share/nuturtlebot_msgs/cmake/export_nuturtlebot_msgs__rosidl_typesupport_fastrtps_cppExport-noconfig.cmake
[0.499s] -- Up-to-date: /home/catherine-maglione/yolo_backup/install/nuturtlebot_msgs/share/nuturtlebot_msgs/cmake/nuturtlebot_msgs__rosidl_typesupport_introspection_cExport.cmake
[0.499s] -- Up-to-date: /home/catherine-maglione/yolo_backup/install/nuturtlebot_msgs/share/nuturtlebot_msgs/cmake/nuturtlebot_msgs__rosidl_typesupport_introspection_cExport-noconfig.cmake
[0.499s] -- Up-to-date: /home/catherine-maglione/yolo_backup/install/nuturtlebot_msgs/share/nuturtlebot_msgs/cmake/nuturtlebot_msgs__rosidl_typesupport_cExport.cmake
[0.499s] -- Up-to-date: /home/catherine-maglione/yolo_backup/install/nuturtlebot_msgs/share/nuturtlebot_msgs/cmake/nuturtlebot_msgs__rosidl_typesupport_cExport-noconfig.cmake
[0.499s] -- Up-to-date: /home/catherine-maglione/yolo_backup/install/nuturtlebot_msgs/share/nuturtlebot_msgs/cmake/nuturtlebot_msgs__rosidl_typesupport_introspection_cppExport.cmake
[0.499s] -- Up-to-date: /home/catherine-maglione/yolo_backup/install/nuturtlebot_msgs/share/nuturtlebot_msgs/cmake/nuturtlebot_msgs__rosidl_typesupport_introspection_cppExport-noconfig.cmake
[0.499s] -- Up-to-date: /home/catherine-maglione/yolo_backup/install/nuturtlebot_msgs/share/nuturtlebot_msgs/cmake/nuturtlebot_msgs__rosidl_typesupport_cppExport.cmake
[0.499s] -- Up-to-date: /home/catherine-maglione/yolo_backup/install/nuturtlebot_msgs/share/nuturtlebot_msgs/cmake/nuturtlebot_msgs__rosidl_typesupport_cppExport-noconfig.cmake
[0.499s] -- Up-to-date: /home/catherine-maglione/yolo_backup/install/nuturtlebot_msgs/share/nuturtlebot_msgs/cmake/export_nuturtlebot_msgs__rosidl_generator_pyExport.cmake
[0.499s] -- Up-to-date: /home/catherine-maglione/yolo_backup/install/nuturtlebot_msgs/share/nuturtlebot_msgs/cmake/export_nuturtlebot_msgs__rosidl_generator_pyExport-noconfig.cmake
[0.499s] -- Up-to-date: /home/catherine-maglione/yolo_backup/install/nuturtlebot_msgs/share/nuturtlebot_msgs/cmake/rosidl_cmake-extras.cmake
[0.499s] -- Up-to-date: /home/catherine-maglione/yolo_backup/install/nuturtlebot_msgs/share/nuturtlebot_msgs/cmake/ament_cmake_export_dependencies-extras.cmake
[0.499s] -- Up-to-date: /home/catherine-maglione/yolo_backup/install/nuturtlebot_msgs/share/nuturtlebot_msgs/cmake/ament_cmake_export_include_directories-extras.cmake
[0.499s] -- Up-to-date: /home/catherine-maglione/yolo_backup/install/nuturtlebot_msgs/share/nuturtlebot_msgs/cmake/ament_cmake_export_libraries-extras.cmake
[0.500s] -- Up-to-date: /home/catherine-maglione/yolo_backup/install/nuturtlebot_msgs/share/nuturtlebot_msgs/cmake/ament_cmake_export_targets-extras.cmake
[0.500s] -- Up-to-date: /home/catherine-maglione/yolo_backup/install/nuturtlebot_msgs/share/nuturtlebot_msgs/cmake/rosidl_cmake_export_typesupport_targets-extras.cmake
[0.500s] -- Up-to-date: /home/catherine-maglione/yolo_backup/install/nuturtlebot_msgs/share/nuturtlebot_msgs/cmake/rosidl_cmake_export_typesupport_libraries-extras.cmake
[0.500s] -- Up-to-date: /home/catherine-maglione/yolo_backup/install/nuturtlebot_msgs/share/nuturtlebot_msgs/cmake/nuturtlebot_msgsConfig.cmake
[0.500s] -- Up-to-date: /home/catherine-maglione/yolo_backup/install/nuturtlebot_msgs/share/nuturtlebot_msgs/cmake/nuturtlebot_msgsConfig-version.cmake
[0.500s] -- Up-to-date: /home/catherine-maglione/yolo_backup/install/nuturtlebot_msgs/share/nuturtlebot_msgs/package.xml
[0.501s] Invoked command in '/home/catherine-maglione/yolo_backup/build/nuturtlebot_msgs' returned '0': CMAKE_PREFIX_PATH=${CMAKE_PREFIX_PATH}:/home/catherine-maglione/yolo_backup/install/me495_yolo:/home/catherine-maglione/yolo_home/src/me495_yolo/install/me495_yolo:/opt/ros/jazzy PS1=\[\e]0;\u@\h: \w\a\]${debian_chroot:+($debian_chroot)}\[\033[1;34m\]\u\[\033[00m\]@\[\033[1;32m\]\h\[\033[00m\]:\[\033[1;33m\]\w\[\033[00m\] \[\033[1;36m\]$(parse_git_branch)\[\033[00m\]\$ /usr/bin/cmake --install /home/catherine-maglione/yolo_backup/build/nuturtlebot_msgs
