[0.472s] Invoking command in '/home/catherine-maglione/yolo_backup/src/me495_yolo': CMAKE_PREFIX_PATH=/home/catherine-maglione/yolo_backup/install/nuturtlebot_msgs:/home/catherine-maglione/yolo_backup/install/numsr_turtlebot:/opt/ros/jazzy/opt/gz_sim_vendor:/opt/ros/jazzy/opt/gz_sensors_vendor:/opt/ros/jazzy/opt/gz_physics_vendor:/opt/ros/jazzy/opt/sdformat_vendor:/opt/ros/jazzy/opt/gz_gui_vendor:/opt/ros/jazzy/opt/gz_transport_vendor:/opt/ros/jazzy/opt/gz_rendering_vendor:/opt/ros/jazzy/opt/gz_plugin_vendor:/opt/ros/jazzy/opt/gz_fuel_tools_vendor:/opt/ros/jazzy/opt/gz_msgs_vendor:/opt/ros/jazzy/opt/gz_common_vendor:/opt/ros/jazzy/opt/gz_math_vendor:/opt/ros/jazzy/opt/gz_utils_vendor:/opt/ros/jazzy/opt/gz_tools_vendor:/opt/ros/jazzy/opt/gz_ogre_next_vendor:/opt/ros/jazzy/opt/gz_dartsim_vendor:/opt/ros/jazzy/opt/gz_cmake_vendor PS1=\[\e]0;\u@\h: \w\a\]${debian_chroot:+($debian_chroot)}\[\033[1;34m\]\u\[\033[00m\]@\[\033[1;32m\]\h\[\033[00m\]:\[\033[1;33m\]\w\[\033[00m\] \[\033[1;36m\]$(parse_git_branch)\[\033[00m\]\$ PYTHONPATH=/home/catherine-maglione/yolo_backup/build/me495_yolo/prefix_override:/usr/lib/python3/dist-packages/colcon_core/task/python/colcon_distutils_commands:/home/catherine-maglione/yolo_backup/install/me495_yolo/lib/python3.12/site-packages:/home/catherine-maglione/yolo_backup/install/nuturtlebot_msgs/lib/python3.12/site-packages:/home/catherine-maglione/yolo_backup/install/me495_yolo/lib/python3.12/site-packages:/home/catherine-maglione/yolo_home/src/me495_yolo/install/me495_yolo/lib/python3.12/site-packages:/opt/ros/jazzy/lib/python3.12/site-packages /usr/bin/python3 -W ignore:setup.py install is deprecated setup.py egg_info --egg-base ../../build/me495_yolo build --build-base /home/catherine-maglione/yolo_backup/build/me495_yolo/build install --record /home/catherine-maglione/yolo_backup/build/me495_yolo/install.log --single-version-externally-managed install_data
[0.627s] running egg_info
[0.627s] creating ../../build/me495_yolo/me495_yolo.egg-info
[0.639s] writing ../../build/me495_yolo/me495_yolo.egg-info/PKG-INFO
[0.639s] writing dependency_links to ../../build/me495_yolo/me495_yolo.egg-info/dependency_links.txt
[0.639s] writing entry points to ../../build/me495_yolo/me495_yolo.egg-info/entry_points.txt
[0.639s] writing top-level names to ../../build/me495_yolo/me495_yolo.egg-info/top_level.txt
[0.639s] writing manifest file '../../build/me495_yolo/me495_yolo.egg-info/SOURCES.txt'
[0.662s] reading manifest file '../../build/me495_yolo/me495_yolo.egg-info/SOURCES.txt'
[0.662s] writing manifest file '../../build/me495_yolo/me495_yolo.egg-info/SOURCES.txt'
[0.662s] running build
[0.662s] running build_py
[0.663s] creating /home/catherine-maglione/yolo_backup/build/me495_yolo/build
[0.663s] creating /home/catherine-maglione/yolo_backup/build/me495_yolo/build/lib
[0.663s] creating /home/catherine-maglione/yolo_backup/build/me495_yolo/build/lib/me495_yolo
[0.663s] copying me495_yolo/good_square.py -> /home/catherine-maglione/yolo_backup/build/me495_yolo/build/lib/me495_yolo
[0.663s] copying me495_yolo/waypoint_follower.py -> /home/catherine-maglione/yolo_backup/build/me495_yolo/build/lib/me495_yolo
[0.663s] copying me495_yolo/yolo.py -> /home/catherine-maglione/yolo_backup/build/me495_yolo/build/lib/me495_yolo
[0.663s] copying me495_yolo/apriltag_detector.py -> /home/catherine-maglione/yolo_backup/build/me495_yolo/build/lib/me495_yolo
[0.663s] copying me495_yolo/rotate_to_90.py -> /home/catherine-maglione/yolo_backup/build/me495_yolo/build/lib/me495_yolo
[0.663s] copying me495_yolo/waypoint_hw.py -> /home/catherine-maglione/yolo_backup/build/me495_yolo/build/lib/me495_yolo
[0.663s] copying me495_yolo/__init__.py -> /home/catherine-maglione/yolo_backup/build/me495_yolo/build/lib/me495_yolo
[0.663s] copying me495_yolo/waypoint.py -> /home/catherine-maglione/yolo_backup/build/me495_yolo/build/lib/me495_yolo
[0.663s] copying me495_yolo/odom_yaw_monitor.py -> /home/catherine-maglione/yolo_backup/build/me495_yolo/build/lib/me495_yolo
[0.663s] copying me495_yolo/square_mover.py -> /home/catherine-maglione/yolo_backup/build/me495_yolo/build/lib/me495_yolo
[0.663s] running install
[0.666s] running install_lib
[0.678s] creating /home/catherine-maglione/yolo_backup/install/me495_yolo/lib/python3.12/site-packages/me495_yolo
[0.678s] copying /home/catherine-maglione/yolo_backup/build/me495_yolo/build/lib/me495_yolo/good_square.py -> /home/catherine-maglione/yolo_backup/install/me495_yolo/lib/python3.12/site-packages/me495_yolo
[0.678s] copying /home/catherine-maglione/yolo_backup/build/me495_yolo/build/lib/me495_yolo/waypoint_follower.py -> /home/catherine-maglione/yolo_backup/install/me495_yolo/lib/python3.12/site-packages/me495_yolo
[0.678s] copying /home/catherine-maglione/yolo_backup/build/me495_yolo/build/lib/me495_yolo/yolo.py -> /home/catherine-maglione/yolo_backup/install/me495_yolo/lib/python3.12/site-packages/me495_yolo
[0.678s] copying /home/catherine-maglione/yolo_backup/build/me495_yolo/build/lib/me495_yolo/apriltag_detector.py -> /home/catherine-maglione/yolo_backup/install/me495_yolo/lib/python3.12/site-packages/me495_yolo
[0.679s] copying /home/catherine-maglione/yolo_backup/build/me495_yolo/build/lib/me495_yolo/rotate_to_90.py -> /home/catherine-maglione/yolo_backup/install/me495_yolo/lib/python3.12/site-packages/me495_yolo
[0.679s] copying /home/catherine-maglione/yolo_backup/build/me495_yolo/build/lib/me495_yolo/waypoint_hw.py -> /home/catherine-maglione/yolo_backup/install/me495_yolo/lib/python3.12/site-packages/me495_yolo
[0.679s] copying /home/catherine-maglione/yolo_backup/build/me495_yolo/build/lib/me495_yolo/__init__.py -> /home/catherine-maglione/yolo_backup/install/me495_yolo/lib/python3.12/site-packages/me495_yolo
[0.679s] copying /home/catherine-maglione/yolo_backup/build/me495_yolo/build/lib/me495_yolo/waypoint.py -> /home/catherine-maglione/yolo_backup/install/me495_yolo/lib/python3.12/site-packages/me495_yolo
[0.679s] copying /home/catherine-maglione/yolo_backup/build/me495_yolo/build/lib/me495_yolo/odom_yaw_monitor.py -> /home/catherine-maglione/yolo_backup/install/me495_yolo/lib/python3.12/site-packages/me495_yolo
[0.679s] copying /home/catherine-maglione/yolo_backup/build/me495_yolo/build/lib/me495_yolo/square_mover.py -> /home/catherine-maglione/yolo_backup/install/me495_yolo/lib/python3.12/site-packages/me495_yolo
[0.679s] byte-compiling /home/catherine-maglione/yolo_backup/install/me495_yolo/lib/python3.12/site-packages/me495_yolo/good_square.py to good_square.cpython-312.pyc
[0.679s] byte-compiling /home/catherine-maglione/yolo_backup/install/me495_yolo/lib/python3.12/site-packages/me495_yolo/waypoint_follower.py to waypoint_follower.cpython-312.pyc
[0.680s] byte-compiling /home/catherine-maglione/yolo_backup/install/me495_yolo/lib/python3.12/site-packages/me495_yolo/yolo.py to yolo.cpython-312.pyc
[0.681s] byte-compiling /home/catherine-maglione/yolo_backup/install/me495_yolo/lib/python3.12/site-packages/me495_yolo/apriltag_detector.py to apriltag_detector.cpython-312.pyc
[0.682s] byte-compiling /home/catherine-maglione/yolo_backup/install/me495_yolo/lib/python3.12/site-packages/me495_yolo/rotate_to_90.py to rotate_to_90.cpython-312.pyc
[0.682s] byte-compiling /home/catherine-maglione/yolo_backup/install/me495_yolo/lib/python3.12/site-packages/me495_yolo/waypoint_hw.py to waypoint_hw.cpython-312.pyc
[0.683s] byte-compiling /home/catherine-maglione/yolo_backup/install/me495_yolo/lib/python3.12/site-packages/me495_yolo/__init__.py to __init__.cpython-312.pyc
[0.683s] byte-compiling /home/catherine-maglione/yolo_backup/install/me495_yolo/lib/python3.12/site-packages/me495_yolo/waypoint.py to waypoint.cpython-312.pyc
[0.684s] byte-compiling /home/catherine-maglione/yolo_backup/install/me495_yolo/lib/python3.12/site-packages/me495_yolo/odom_yaw_monitor.py to odom_yaw_monitor.cpython-312.pyc
[0.684s] byte-compiling /home/catherine-maglione/yolo_backup/install/me495_yolo/lib/python3.12/site-packages/me495_yolo/square_mover.py to square_mover.cpython-312.pyc
[0.685s] running install_data
[0.685s] creating /home/catherine-maglione/yolo_backup/install/me495_yolo/share/ament_index
[0.685s] creating /home/catherine-maglione/yolo_backup/install/me495_yolo/share/ament_index/resource_index
[0.685s] creating /home/catherine-maglione/yolo_backup/install/me495_yolo/share/ament_index/resource_index/packages
[0.685s] copying resource/me495_yolo -> /home/catherine-maglione/yolo_backup/install/me495_yolo/share/ament_index/resource_index/packages
[0.685s]   File "/home/catherine-maglione/yolo_backup/install/me495_yolo/lib/python3.12/site-packages/me495_yolo/square_mover.py", line 142
[0.685s]     waypoints_world = [
[0.685s]                       ^
[0.685s] SyntaxError: '[' was never closed
[0.685s] 
[0.685s] copying package.xml -> /home/catherine-maglione/yolo_backup/install/me495_yolo/share/me495_yolo
[0.685s] copying launch/apriltag_launch.py -> /home/catherine-maglione/yolo_backup/install/me495_yolo/share/me495_yolo
[0.685s] copying config/tags.yaml -> /home/catherine-maglione/yolo_backup/install/me495_yolo/share/me495_yolo
[0.685s] running install_egg_info
[0.697s] Copying ../../build/me495_yolo/me495_yolo.egg-info to /home/catherine-maglione/yolo_backup/install/me495_yolo/lib/python3.12/site-packages/me495_yolo-0.0.0-py3.12.egg-info
[0.697s] running install_scripts
[0.772s] Installing apriltag_detector script to /home/catherine-maglione/yolo_backup/install/me495_yolo/lib/me495_yolo
[0.772s] Installing good_square script to /home/catherine-maglione/yolo_backup/install/me495_yolo/lib/me495_yolo
[0.772s] Installing rotate_to_90 script to /home/catherine-maglione/yolo_backup/install/me495_yolo/lib/me495_yolo
[0.772s] Installing square_motion script to /home/catherine-maglione/yolo_backup/install/me495_yolo/lib/me495_yolo
[0.772s] Installing square_mover script to /home/catherine-maglione/yolo_backup/install/me495_yolo/lib/me495_yolo
[0.772s] Installing waypoint script to /home/catherine-maglione/yolo_backup/install/me495_yolo/lib/me495_yolo
[0.772s] Installing waypoint_follower script to /home/catherine-maglione/yolo_backup/install/me495_yolo/lib/me495_yolo
[0.772s] Installing yolo script to /home/catherine-maglione/yolo_backup/install/me495_yolo/lib/me495_yolo
[0.772s] writing list of installed files to '/home/catherine-maglione/yolo_backup/build/me495_yolo/install.log'
[0.786s] Invoked command in '/home/catherine-maglione/yolo_backup/src/me495_yolo' returned '0': CMAKE_PREFIX_PATH=/home/catherine-maglione/yolo_backup/install/nuturtlebot_msgs:/home/catherine-maglione/yolo_backup/install/numsr_turtlebot:/opt/ros/jazzy/opt/gz_sim_vendor:/opt/ros/jazzy/opt/gz_sensors_vendor:/opt/ros/jazzy/opt/gz_physics_vendor:/opt/ros/jazzy/opt/sdformat_vendor:/opt/ros/jazzy/opt/gz_gui_vendor:/opt/ros/jazzy/opt/gz_transport_vendor:/opt/ros/jazzy/opt/gz_rendering_vendor:/opt/ros/jazzy/opt/gz_plugin_vendor:/opt/ros/jazzy/opt/gz_fuel_tools_vendor:/opt/ros/jazzy/opt/gz_msgs_vendor:/opt/ros/jazzy/opt/gz_common_vendor:/opt/ros/jazzy/opt/gz_math_vendor:/opt/ros/jazzy/opt/gz_utils_vendor:/opt/ros/jazzy/opt/gz_tools_vendor:/opt/ros/jazzy/opt/gz_ogre_next_vendor:/opt/ros/jazzy/opt/gz_dartsim_vendor:/opt/ros/jazzy/opt/gz_cmake_vendor PS1=\[\e]0;\u@\h: \w\a\]${debian_chroot:+($debian_chroot)}\[\033[1;34m\]\u\[\033[00m\]@\[\033[1;32m\]\h\[\033[00m\]:\[\033[1;33m\]\w\[\033[00m\] \[\033[1;36m\]$(parse_git_branch)\[\033[00m\]\$ PYTHONPATH=/home/catherine-maglione/yolo_backup/build/me495_yolo/prefix_override:/usr/lib/python3/dist-packages/colcon_core/task/python/colcon_distutils_commands:/home/catherine-maglione/yolo_backup/install/me495_yolo/lib/python3.12/site-packages:/home/catherine-maglione/yolo_backup/install/nuturtlebot_msgs/lib/python3.12/site-packages:/home/catherine-maglione/yolo_backup/install/me495_yolo/lib/python3.12/site-packages:/home/catherine-maglione/yolo_home/src/me495_yolo/install/me495_yolo/lib/python3.12/site-packages:/opt/ros/jazzy/lib/python3.12/site-packages /usr/bin/python3 -W ignore:setup.py install is deprecated setup.py egg_info --egg-base ../../build/me495_yolo build --build-base /home/catherine-maglione/yolo_backup/build/me495_yolo/build install --record /home/catherine-maglione/yolo_backup/build/me495_yolo/install.log --single-version-externally-managed install_data
