[0.135s] DEBUG:colcon:Command line arguments: ['/usr/bin/colcon', 'build']
[0.135s] DEBUG:colcon:Parsed command line arguments: Namespace(log_base=None, log_level=None, verb_name='build', build_base='build', install_base='install', merge_install=False, symlink_install=False, test_result_base=None, continue_on_error=False, executor='parallel', parallel_workers=32, event_handlers=None, ignore_user_meta=False, metas=['./colcon.meta'], base_paths=['.'], packages_ignore=None, packages_ignore_regex=None, paths=None, packages_up_to=None, packages_up_to_regex=None, packages_above=None, packages_above_and_dependencies=None, packages_above_depth=None, packages_select_by_dep=None, packages_skip_by_dep=None, packages_skip_up_to=None, packages_select_build_failed=False, packages_skip_build_finished=False, packages_select_test_failures=False, packages_skip_test_passed=False, packages_select=None, packages_skip=None, packages_select_regex=None, packages_skip_regex=None, packages_start=None, packages_end=None, allow_overriding=[], cmake_args=None, cmake_target=None, cmake_target_skip_unavailable=False, cmake_clean_cache=False, cmake_clean_first=False, cmake_force_configure=False, ament_cmake_args=None, catkin_cmake_args=None, catkin_skip_building_tests=False, mixin_files=None, mixin=None, verb_parser=<colcon_mixin.mixin.mixin_argument.MixinArgumentDecorator object at 0x771d7c3fd6a0>, verb_extension=<colcon_core.verb.build.BuildVerb object at 0x771d7c3fd250>, main=<bound method BuildVerb.main of <colcon_core.verb.build.BuildVerb object at 0x771d7c3fd250>>, mixin_verb=('build',))
[0.169s] Level 1:colcon.colcon_core.package_discovery:discover_packages(colcon_meta) check parameters
[0.169s] Level 1:colcon.colcon_core.package_discovery:discover_packages(recursive) check parameters
[0.169s] Level 1:colcon.colcon_core.package_discovery:discover_packages(ignore) check parameters
[0.169s] Level 1:colcon.colcon_core.package_discovery:discover_packages(path) check parameters
[0.169s] Level 1:colcon.colcon_core.package_discovery:discover_packages(colcon_meta) discover
[0.169s] Level 1:colcon.colcon_core.package_discovery:discover_packages(recursive) discover
[0.169s] INFO:colcon.colcon_core.package_discovery:Crawling recursively for packages in '/home/catherine-maglione/yolo_backup'
[0.169s] Level 1:colcon.colcon_core.package_identification:_identify(.) by extensions ['ignore', 'ignore_ament_install']
[0.169s] Level 1:colcon.colcon_core.package_identification:_identify(.) by extension 'ignore'
[0.169s] Level 1:colcon.colcon_core.package_identification:_identify(.) by extension 'ignore_ament_install'
[0.169s] Level 1:colcon.colcon_core.package_identification:_identify(.) by extensions ['colcon_pkg']
[0.169s] Level 1:colcon.colcon_core.package_identification:_identify(.) by extension 'colcon_pkg'
[0.169s] Level 1:colcon.colcon_core.package_identification:_identify(.) by extensions ['colcon_meta']
[0.169s] Level 1:colcon.colcon_core.package_identification:_identify(.) by extension 'colcon_meta'
[0.169s] Level 1:colcon.colcon_core.package_identification:_identify(.) by extensions ['ros']
[0.169s] Level 1:colcon.colcon_core.package_identification:_identify(.) by extension 'ros'
[0.194s] Level 1:colcon.colcon_core.package_identification:_identify(.) by extensions ['cmake', 'python']
[0.194s] Level 1:colcon.colcon_core.package_identification:_identify(.) by extension 'cmake'
[0.194s] Level 1:colcon.colcon_core.package_identification:_identify(.) by extension 'python'
[0.194s] Level 1:colcon.colcon_core.package_identification:_identify(.) by extensions ['python_setup_py']
[0.194s] Level 1:colcon.colcon_core.package_identification:_identify(.) by extension 'python_setup_py'
[0.195s] Level 1:colcon.colcon_core.package_identification:_identify(build) by extensions ['ignore', 'ignore_ament_install']
[0.195s] Level 1:colcon.colcon_core.package_identification:_identify(build) by extension 'ignore'
[0.195s] Level 1:colcon.colcon_core.package_identification:_identify(build) ignored
[0.195s] Level 1:colcon.colcon_core.package_identification:_identify(install) by extensions ['ignore', 'ignore_ament_install']
[0.195s] Level 1:colcon.colcon_core.package_identification:_identify(install) by extension 'ignore'
[0.195s] Level 1:colcon.colcon_core.package_identification:_identify(install) ignored
[0.195s] Level 1:colcon.colcon_core.package_identification:_identify(log) by extensions ['ignore', 'ignore_ament_install']
[0.195s] Level 1:colcon.colcon_core.package_identification:_identify(log) by extension 'ignore'
[0.195s] Level 1:colcon.colcon_core.package_identification:_identify(log) ignored
[0.195s] Level 1:colcon.colcon_core.package_identification:_identify(opencv_env) by extensions ['ignore', 'ignore_ament_install']
[0.195s] Level 1:colcon.colcon_core.package_identification:_identify(opencv_env) by extension 'ignore'
[0.195s] Level 1:colcon.colcon_core.package_identification:_identify(opencv_env) by extension 'ignore_ament_install'
[0.195s] Level 1:colcon.colcon_core.package_identification:_identify(opencv_env) by extensions ['colcon_pkg']
[0.195s] Level 1:colcon.colcon_core.package_identification:_identify(opencv_env) by extension 'colcon_pkg'
[0.195s] Level 1:colcon.colcon_core.package_identification:_identify(opencv_env) by extensions ['colcon_meta']
[0.195s] Level 1:colcon.colcon_core.package_identification:_identify(opencv_env) by extension 'colcon_meta'
[0.195s] Level 1:colcon.colcon_core.package_identification:_identify(opencv_env) by extensions ['ros']
[0.196s] Level 1:colcon.colcon_core.package_identification:_identify(opencv_env) by extension 'ros'
[0.196s] Level 1:colcon.colcon_core.package_identification:_identify(opencv_env) by extensions ['cmake', 'python']
[0.196s] Level 1:colcon.colcon_core.package_identification:_identify(opencv_env) by extension 'cmake'
[0.196s] Level 1:colcon.colcon_core.package_identification:_identify(opencv_env) by extension 'python'
[0.196s] Level 1:colcon.colcon_core.package_identification:_identify(opencv_env) by extensions ['python_setup_py']
[0.196s] Level 1:colcon.colcon_core.package_identification:_identify(opencv_env) by extension 'python_setup_py'
[0.196s] Level 1:colcon.colcon_core.package_identification:_identify(opencv_env/include) by extensions ['ignore', 'ignore_ament_install']
[0.196s] Level 1:colcon.colcon_core.package_identification:_identify(opencv_env/include) by extension 'ignore'
[0.196s] Level 1:colcon.colcon_core.package_identification:_identify(opencv_env/include) by extension 'ignore_ament_install'
[0.196s] Level 1:colcon.colcon_core.package_identification:_identify(opencv_env/include) by extensions ['colcon_pkg']
[0.196s] Level 1:colcon.colcon_core.package_identification:_identify(opencv_env/include) by extension 'colcon_pkg'
[0.196s] Level 1:colcon.colcon_core.package_identification:_identify(opencv_env/include) by extensions ['colcon_meta']
[0.196s] Level 1:colcon.colcon_core.package_identification:_identify(opencv_env/include) by extension 'colcon_meta'
[0.196s] Level 1:colcon.colcon_core.package_identification:_identify(opencv_env/include) by extensions ['ros']
[0.196s] Level 1:colcon.colcon_core.package_identification:_identify(opencv_env/include) by extension 'ros'
[0.196s] Level 1:colcon.colcon_core.package_identification:_identify(opencv_env/include) by extensions ['cmake', 'python']
[0.196s] Level 1:colcon.colcon_core.package_identification:_identify(opencv_env/include) by extension 'cmake'
[0.196s] Level 1:colcon.colcon_core.package_identification:_identify(opencv_env/include) by extension 'python'
[0.196s] Level 1:colcon.colcon_core.package_identification:_identify(opencv_env/include) by extensions ['python_setup_py']
[0.196s] Level 1:colcon.colcon_core.package_identification:_identify(opencv_env/include) by extension 'python_setup_py'
[0.196s] Level 1:colcon.colcon_core.package_identification:_identify(opencv_env/include/python3.12) by extensions ['ignore', 'ignore_ament_install']
[0.196s] Level 1:colcon.colcon_core.package_identification:_identify(opencv_env/include/python3.12) by extension 'ignore'
[0.196s] Level 1:colcon.colcon_core.package_identification:_identify(opencv_env/include/python3.12) by extension 'ignore_ament_install'
[0.196s] Level 1:colcon.colcon_core.package_identification:_identify(opencv_env/include/python3.12) by extensions ['colcon_pkg']
[0.197s] Level 1:colcon.colcon_core.package_identification:_identify(opencv_env/include/python3.12) by extension 'colcon_pkg'
[0.197s] Level 1:colcon.colcon_core.package_identification:_identify(opencv_env/include/python3.12) by extensions ['colcon_meta']
[0.197s] Level 1:colcon.colcon_core.package_identification:_identify(opencv_env/include/python3.12) by extension 'colcon_meta'
[0.197s] Level 1:colcon.colcon_core.package_identification:_identify(opencv_env/include/python3.12) by extensions ['ros']
[0.197s] Level 1:colcon.colcon_core.package_identification:_identify(opencv_env/include/python3.12) by extension 'ros'
[0.197s] Level 1:colcon.colcon_core.package_identification:_identify(opencv_env/include/python3.12) by extensions ['cmake', 'python']
[0.197s] Level 1:colcon.colcon_core.package_identification:_identify(opencv_env/include/python3.12) by extension 'cmake'
[0.197s] Level 1:colcon.colcon_core.package_identification:_identify(opencv_env/include/python3.12) by extension 'python'
[0.197s] Level 1:colcon.colcon_core.package_identification:_identify(opencv_env/include/python3.12) by extensions ['python_setup_py']
[0.197s] Level 1:colcon.colcon_core.package_identification:_identify(opencv_env/include/python3.12) by extension 'python_setup_py'
[0.197s] Level 1:colcon.colcon_core.package_identification:_identify(src) by extensions ['ignore', 'ignore_ament_install']
[0.197s] Level 1:colcon.colcon_core.package_identification:_identify(src) by extension 'ignore'
[0.197s] Level 1:colcon.colcon_core.package_identification:_identify(src) by extension 'ignore_ament_install'
[0.197s] Level 1:colcon.colcon_core.package_identification:_identify(src) by extensions ['colcon_pkg']
[0.197s] Level 1:colcon.colcon_core.package_identification:_identify(src) by extension 'colcon_pkg'
[0.197s] Level 1:colcon.colcon_core.package_identification:_identify(src) by extensions ['colcon_meta']
[0.197s] Level 1:colcon.colcon_core.package_identification:_identify(src) by extension 'colcon_meta'
[0.197s] Level 1:colcon.colcon_core.package_identification:_identify(src) by extensions ['ros']
[0.197s] Level 1:colcon.colcon_core.package_identification:_identify(src) by extension 'ros'
[0.197s] Level 1:colcon.colcon_core.package_identification:_identify(src) by extensions ['cmake', 'python']
[0.197s] Level 1:colcon.colcon_core.package_identification:_identify(src) by extension 'cmake'
[0.197s] Level 1:colcon.colcon_core.package_identification:_identify(src) by extension 'python'
[0.197s] Level 1:colcon.colcon_core.package_identification:_identify(src) by extensions ['python_setup_py']
[0.197s] Level 1:colcon.colcon_core.package_identification:_identify(src) by extension 'python_setup_py'
[0.197s] Level 1:colcon.colcon_core.package_identification:_identify(src/me495_yolo) by extensions ['ignore', 'ignore_ament_install']
[0.197s] Level 1:colcon.colcon_core.package_identification:_identify(src/me495_yolo) by extension 'ignore'
[0.197s] Level 1:colcon.colcon_core.package_identification:_identify(src/me495_yolo) by extension 'ignore_ament_install'
[0.198s] Level 1:colcon.colcon_core.package_identification:_identify(src/me495_yolo) by extensions ['colcon_pkg']
[0.198s] Level 1:colcon.colcon_core.package_identification:_identify(src/me495_yolo) by extension 'colcon_pkg'
[0.198s] Level 1:colcon.colcon_core.package_identification:_identify(src/me495_yolo) by extensions ['colcon_meta']
[0.198s] Level 1:colcon.colcon_core.package_identification:_identify(src/me495_yolo) by extension 'colcon_meta'
[0.198s] Level 1:colcon.colcon_core.package_identification:_identify(src/me495_yolo) by extensions ['ros']
[0.198s] Level 1:colcon.colcon_core.package_identification:_identify(src/me495_yolo) by extension 'ros'
[0.201s] DEBUG:colcon.colcon_core.package_identification:Package 'src/me495_yolo' with type 'ros.ament_python' and name 'me495_yolo'
[0.201s] Level 1:colcon.colcon_core.package_identification:_identify(src/numsr_turtlebot) by extensions ['ignore', 'ignore_ament_install']
[0.201s] Level 1:colcon.colcon_core.package_identification:_identify(src/numsr_turtlebot) by extension 'ignore'
[0.201s] Level 1:colcon.colcon_core.package_identification:_identify(src/numsr_turtlebot) by extension 'ignore_ament_install'
[0.201s] Level 1:colcon.colcon_core.package_identification:_identify(src/numsr_turtlebot) by extensions ['colcon_pkg']
[0.201s] Level 1:colcon.colcon_core.package_identification:_identify(src/numsr_turtlebot) by extension 'colcon_pkg'
[0.201s] Level 1:colcon.colcon_core.package_identification:_identify(src/numsr_turtlebot) by extensions ['colcon_meta']
[0.201s] Level 1:colcon.colcon_core.package_identification:_identify(src/numsr_turtlebot) by extension 'colcon_meta'
[0.201s] Level 1:colcon.colcon_core.package_identification:_identify(src/numsr_turtlebot) by extensions ['ros']
[0.201s] Level 1:colcon.colcon_core.package_identification:_identify(src/numsr_turtlebot) by extension 'ros'
[0.202s] DEBUG:colcon.colcon_core.package_identification:Package 'src/numsr_turtlebot' with type 'ros.ament_cmake' and name 'numsr_turtlebot'
[0.202s] Level 1:colcon.colcon_core.package_identification:_identify(src/nuturtlebot_msgs) by extensions ['ignore', 'ignore_ament_install']
[0.202s] Level 1:colcon.colcon_core.package_identification:_identify(src/nuturtlebot_msgs) by extension 'ignore'
[0.202s] Level 1:colcon.colcon_core.package_identification:_identify(src/nuturtlebot_msgs) by extension 'ignore_ament_install'
[0.202s] Level 1:colcon.colcon_core.package_identification:_identify(src/nuturtlebot_msgs) by extensions ['colcon_pkg']
[0.202s] Level 1:colcon.colcon_core.package_identification:_identify(src/nuturtlebot_msgs) by extension 'colcon_pkg'
[0.202s] Level 1:colcon.colcon_core.package_identification:_identify(src/nuturtlebot_msgs) by extensions ['colcon_meta']
[0.202s] Level 1:colcon.colcon_core.package_identification:_identify(src/nuturtlebot_msgs) by extension 'colcon_meta'
[0.202s] Level 1:colcon.colcon_core.package_identification:_identify(src/nuturtlebot_msgs) by extensions ['ros']
[0.202s] Level 1:colcon.colcon_core.package_identification:_identify(src/nuturtlebot_msgs) by extension 'ros'
[0.203s] DEBUG:colcon.colcon_core.package_identification:Package 'src/nuturtlebot_msgs' with type 'ros.ament_cmake' and name 'nuturtlebot_msgs'
[0.203s] Level 1:colcon.colcon_core.package_discovery:discover_packages(recursive) using defaults
[0.203s] Level 1:colcon.colcon_core.package_discovery:discover_packages(ignore) discover
[0.203s] Level 1:colcon.colcon_core.package_discovery:discover_packages(ignore) using defaults
[0.203s] Level 1:colcon.colcon_core.package_discovery:discover_packages(path) discover
[0.203s] Level 1:colcon.colcon_core.package_discovery:discover_packages(path) using defaults
[0.220s] Level 1:colcon.colcon_core.package_discovery:discover_packages(prefix_path) check parameters
[0.220s] Level 1:colcon.colcon_core.package_discovery:discover_packages(prefix_path) discover
[0.221s] DEBUG:colcon.colcon_installed_package_information.package_discovery:Found 3 installed packages in /home/catherine-maglione/yolo_backup/install
[0.222s] DEBUG:colcon.colcon_installed_package_information.package_discovery:Found 1 installed packages in /home/catherine-maglione/yolo_home/src/me495_yolo/install
[0.224s] DEBUG:colcon.colcon_installed_package_information.package_discovery:Found 467 installed packages in /opt/ros/jazzy
[0.225s] Level 1:colcon.colcon_core.package_discovery:discover_packages(prefix_path) using defaults
[0.282s] Level 5:colcon.colcon_core.verb:set package 'nuturtlebot_msgs' build argument 'cmake_args' from command line to 'None'
[0.282s] Level 5:colcon.colcon_core.verb:set package 'nuturtlebot_msgs' build argument 'cmake_target' from command line to 'None'
[0.282s] Level 5:colcon.colcon_core.verb:set package 'nuturtlebot_msgs' build argument 'cmake_target_skip_unavailable' from command line to 'False'
[0.282s] Level 5:colcon.colcon_core.verb:set package 'nuturtlebot_msgs' build argument 'cmake_clean_cache' from command line to 'False'
[0.283s] Level 5:colcon.colcon_core.verb:set package 'nuturtlebot_msgs' build argument 'cmake_clean_first' from command line to 'False'
[0.283s] Level 5:colcon.colcon_core.verb:set package 'nuturtlebot_msgs' build argument 'cmake_force_configure' from command line to 'False'
[0.283s] Level 5:colcon.colcon_core.verb:set package 'nuturtlebot_msgs' build argument 'ament_cmake_args' from command line to 'None'
[0.283s] Level 5:colcon.colcon_core.verb:set package 'nuturtlebot_msgs' build argument 'catkin_cmake_args' from command line to 'None'
[0.283s] Level 5:colcon.colcon_core.verb:set package 'nuturtlebot_msgs' build argument 'catkin_skip_building_tests' from command line to 'False'
[0.283s] DEBUG:colcon.colcon_core.verb:Building package 'nuturtlebot_msgs' with the following arguments: {'ament_cmake_args': None, 'build_base': '/home/catherine-maglione/yolo_backup/build/nuturtlebot_msgs', 'catkin_cmake_args': None, 'catkin_skip_building_tests': False, 'cmake_args': None, 'cmake_clean_cache': False, 'cmake_clean_first': False, 'cmake_force_configure': False, 'cmake_target': None, 'cmake_target_skip_unavailable': False, 'install_base': '/home/catherine-maglione/yolo_backup/install/nuturtlebot_msgs', 'merge_install': False, 'path': '/home/catherine-maglione/yolo_backup/src/nuturtlebot_msgs', 'symlink_install': False, 'test_result_base': None}
[0.283s] Level 5:colcon.colcon_core.verb:set package 'me495_yolo' build argument 'cmake_args' from command line to 'None'
[0.283s] Level 5:colcon.colcon_core.verb:set package 'me495_yolo' build argument 'cmake_target' from command line to 'None'
[0.283s] Level 5:colcon.colcon_core.verb:set package 'me495_yolo' build argument 'cmake_target_skip_unavailable' from command line to 'False'
[0.283s] Level 5:colcon.colcon_core.verb:set package 'me495_yolo' build argument 'cmake_clean_cache' from command line to 'False'
[0.283s] Level 5:colcon.colcon_core.verb:set package 'me495_yolo' build argument 'cmake_clean_first' from command line to 'False'
[0.283s] Level 5:colcon.colcon_core.verb:set package 'me495_yolo' build argument 'cmake_force_configure' from command line to 'False'
[0.283s] Level 5:colcon.colcon_core.verb:set package 'me495_yolo' build argument 'ament_cmake_args' from command line to 'None'
[0.283s] Level 5:colcon.colcon_core.verb:set package 'me495_yolo' build argument 'catkin_cmake_args' from command line to 'None'
[0.283s] Level 5:colcon.colcon_core.verb:set package 'me495_yolo' build argument 'catkin_skip_building_tests' from command line to 'False'
[0.283s] DEBUG:colcon.colcon_core.verb:Building package 'me495_yolo' with the following arguments: {'ament_cmake_args': None, 'build_base': '/home/catherine-maglione/yolo_backup/build/me495_yolo', 'catkin_cmake_args': None, 'catkin_skip_building_tests': False, 'cmake_args': None, 'cmake_clean_cache': False, 'cmake_clean_first': False, 'cmake_force_configure': False, 'cmake_target': None, 'cmake_target_skip_unavailable': False, 'install_base': '/home/catherine-maglione/yolo_backup/install/me495_yolo', 'merge_install': False, 'path': '/home/catherine-maglione/yolo_backup/src/me495_yolo', 'symlink_install': False, 'test_result_base': None}
[0.283s] Level 5:colcon.colcon_core.verb:set package 'numsr_turtlebot' build argument 'cmake_args' from command line to 'None'
[0.283s] Level 5:colcon.colcon_core.verb:set package 'numsr_turtlebot' build argument 'cmake_target' from command line to 'None'
[0.283s] Level 5:colcon.colcon_core.verb:set package 'numsr_turtlebot' build argument 'cmake_target_skip_unavailable' from command line to 'False'
[0.283s] Level 5:colcon.colcon_core.verb:set package 'numsr_turtlebot' build argument 'cmake_clean_cache' from command line to 'False'
[0.283s] Level 5:colcon.colcon_core.verb:set package 'numsr_turtlebot' build argument 'cmake_clean_first' from command line to 'False'
[0.283s] Level 5:colcon.colcon_core.verb:set package 'numsr_turtlebot' build argument 'cmake_force_configure' from command line to 'False'
[0.283s] Level 5:colcon.colcon_core.verb:set package 'numsr_turtlebot' build argument 'ament_cmake_args' from command line to 'None'
[0.283s] Level 5:colcon.colcon_core.verb:set package 'numsr_turtlebot' build argument 'catkin_cmake_args' from command line to 'None'
[0.283s] Level 5:colcon.colcon_core.verb:set package 'numsr_turtlebot' build argument 'catkin_skip_building_tests' from command line to 'False'
[0.283s] DEBUG:colcon.colcon_core.verb:Building package 'numsr_turtlebot' with the following arguments: {'ament_cmake_args': None, 'build_base': '/home/catherine-maglione/yolo_backup/build/numsr_turtlebot', 'catkin_cmake_args': None, 'catkin_skip_building_tests': False, 'cmake_args': None, 'cmake_clean_cache': False, 'cmake_clean_first': False, 'cmake_force_configure': False, 'cmake_target': None, 'cmake_target_skip_unavailable': False, 'install_base': '/home/catherine-maglione/yolo_backup/install/numsr_turtlebot', 'merge_install': False, 'path': '/home/catherine-maglione/yolo_backup/src/numsr_turtlebot', 'symlink_install': False, 'test_result_base': None}
[0.284s] INFO:colcon.colcon_core.executor:Executing jobs using 'parallel' executor
[0.284s] DEBUG:colcon.colcon_parallel_executor.executor.parallel:run_until_complete
[0.285s] INFO:colcon.colcon_ros.task.ament_cmake.build:Building ROS package in '/home/catherine-maglione/yolo_backup/src/nuturtlebot_msgs' with build type 'ament_cmake'
[0.285s] INFO:colcon.colcon_cmake.task.cmake.build:Building CMake package in '/home/catherine-maglione/yolo_backup/src/nuturtlebot_msgs'
[0.286s] INFO:colcon.colcon_core.plugin_system:Skipping extension 'colcon_core.shell.bat': Not used on non-Windows systems
[0.287s] INFO:colcon.colcon_core.shell:Skip shell extension 'powershell' for command environment: Not usable outside of PowerShell
[0.287s] DEBUG:colcon.colcon_core.shell:Skip shell extension 'dsv' for command environment
[0.297s] DEBUG:colcon.colcon_core.event_handler.log_command:Invoking command in '/home/catherine-maglione/yolo_backup/build/nuturtlebot_msgs': CMAKE_PREFIX_PATH=${CMAKE_PREFIX_PATH}:/home/catherine-maglione/yolo_backup/install/me495_yolo:/home/catherine-maglione/yolo_home/src/me495_yolo/install/me495_yolo:/opt/ros/jazzy PS1=(opencv_env) \[\e]0;\u@\h: \w\a\]${debian_chroot:+($debian_chroot)}\[\033[1;34m\]\u\[\033[00m\]@\[\033[1;32m\]\h\[\033[00m\]:\[\033[1;33m\]\w\[\033[00m\] \[\033[1;36m\]$(parse_git_branch)\[\033[00m\]\$ VIRTUAL_ENV_PROMPT=(opencv_env) /usr/bin/cmake --build /home/catherine-maglione/yolo_backup/build/nuturtlebot_msgs -- -j32 -l32
[0.763s] DEBUG:colcon.colcon_core.event_handler.log_command:Invoked command in '/home/catherine-maglione/yolo_backup/build/nuturtlebot_msgs' returned '0': CMAKE_PREFIX_PATH=${CMAKE_PREFIX_PATH}:/home/catherine-maglione/yolo_backup/install/me495_yolo:/home/catherine-maglione/yolo_home/src/me495_yolo/install/me495_yolo:/opt/ros/jazzy PS1=(opencv_env) \[\e]0;\u@\h: \w\a\]${debian_chroot:+($debian_chroot)}\[\033[1;34m\]\u\[\033[00m\]@\[\033[1;32m\]\h\[\033[00m\]:\[\033[1;33m\]\w\[\033[00m\] \[\033[1;36m\]$(parse_git_branch)\[\033[00m\]\$ VIRTUAL_ENV_PROMPT=(opencv_env) /usr/bin/cmake --build /home/catherine-maglione/yolo_backup/build/nuturtlebot_msgs -- -j32 -l32
[0.910s] DEBUG:colcon.colcon_core.event_handler.log_command:Invoking command in '/home/catherine-maglione/yolo_backup/build/nuturtlebot_msgs': CMAKE_PREFIX_PATH=${CMAKE_PREFIX_PATH}:/home/catherine-maglione/yolo_backup/install/me495_yolo:/home/catherine-maglione/yolo_home/src/me495_yolo/install/me495_yolo:/opt/ros/jazzy PS1=(opencv_env) \[\e]0;\u@\h: \w\a\]${debian_chroot:+($debian_chroot)}\[\033[1;34m\]\u\[\033[00m\]@\[\033[1;32m\]\h\[\033[00m\]:\[\033[1;33m\]\w\[\033[00m\] \[\033[1;36m\]$(parse_git_branch)\[\033[00m\]\$ VIRTUAL_ENV_PROMPT=(opencv_env) /usr/bin/cmake --install /home/catherine-maglione/yolo_backup/build/nuturtlebot_msgs
[0.974s] Level 1:colcon.colcon_core.environment:create_environment_scripts_only(nuturtlebot_msgs)
[0.975s] DEBUG:colcon.colcon_core.event_handler.log_command:Invoked command in '/home/catherine-maglione/yolo_backup/build/nuturtlebot_msgs' returned '0': CMAKE_PREFIX_PATH=${CMAKE_PREFIX_PATH}:/home/catherine-maglione/yolo_backup/install/me495_yolo:/home/catherine-maglione/yolo_home/src/me495_yolo/install/me495_yolo:/opt/ros/jazzy PS1=(opencv_env) \[\e]0;\u@\h: \w\a\]${debian_chroot:+($debian_chroot)}\[\033[1;34m\]\u\[\033[00m\]@\[\033[1;32m\]\h\[\033[00m\]:\[\033[1;33m\]\w\[\033[00m\] \[\033[1;36m\]$(parse_git_branch)\[\033[00m\]\$ VIRTUAL_ENV_PROMPT=(opencv_env) /usr/bin/cmake --install /home/catherine-maglione/yolo_backup/build/nuturtlebot_msgs
[0.976s] Level 1:colcon.colcon_core.environment:checking '/home/catherine-maglione/yolo_backup/install/nuturtlebot_msgs' for CMake module files
[0.977s] Level 1:colcon.colcon_core.environment:checking '/home/catherine-maglione/yolo_backup/install/nuturtlebot_msgs' for CMake config files
[0.977s] Level 1:colcon.colcon_core.shell:create_environment_hook('nuturtlebot_msgs', 'cmake_prefix_path')
[0.977s] INFO:colcon.colcon_core.shell:Creating environment hook '/home/catherine-maglione/yolo_backup/install/nuturtlebot_msgs/share/nuturtlebot_msgs/hook/cmake_prefix_path.ps1'
[0.978s] INFO:colcon.colcon_core.shell:Creating environment descriptor '/home/catherine-maglione/yolo_backup/install/nuturtlebot_msgs/share/nuturtlebot_msgs/hook/cmake_prefix_path.dsv'
[0.978s] INFO:colcon.colcon_core.shell:Creating environment hook '/home/catherine-maglione/yolo_backup/install/nuturtlebot_msgs/share/nuturtlebot_msgs/hook/cmake_prefix_path.sh'
[0.979s] Level 1:colcon.colcon_core.environment:checking '/home/catherine-maglione/yolo_backup/install/nuturtlebot_msgs/lib'
[0.979s] Level 1:colcon.colcon_core.shell:create_environment_hook('nuturtlebot_msgs', 'ld_library_path_lib')
[0.979s] INFO:colcon.colcon_core.shell:Creating environment hook '/home/catherine-maglione/yolo_backup/install/nuturtlebot_msgs/share/nuturtlebot_msgs/hook/ld_library_path_lib.ps1'
[0.979s] INFO:colcon.colcon_core.shell:Creating environment descriptor '/home/catherine-maglione/yolo_backup/install/nuturtlebot_msgs/share/nuturtlebot_msgs/hook/ld_library_path_lib.dsv'
[0.980s] INFO:colcon.colcon_core.shell:Creating environment hook '/home/catherine-maglione/yolo_backup/install/nuturtlebot_msgs/share/nuturtlebot_msgs/hook/ld_library_path_lib.sh'
[0.980s] Level 1:colcon.colcon_core.environment:checking '/home/catherine-maglione/yolo_backup/install/nuturtlebot_msgs/bin'
[0.980s] Level 1:colcon.colcon_core.environment:checking '/home/catherine-maglione/yolo_backup/install/nuturtlebot_msgs/lib/pkgconfig/nuturtlebot_msgs.pc'
[0.980s] Level 1:colcon.colcon_core.environment:checking '/home/catherine-maglione/yolo_backup/install/nuturtlebot_msgs/lib/python3.12/site-packages'
[0.980s] Level 1:colcon.colcon_core.shell:create_environment_hook('nuturtlebot_msgs', 'pythonpath')
[0.980s] INFO:colcon.colcon_core.shell:Creating environment hook '/home/catherine-maglione/yolo_backup/install/nuturtlebot_msgs/share/nuturtlebot_msgs/hook/pythonpath.ps1'
[0.981s] INFO:colcon.colcon_core.shell:Creating environment descriptor '/home/catherine-maglione/yolo_backup/install/nuturtlebot_msgs/share/nuturtlebot_msgs/hook/pythonpath.dsv'
[0.981s] INFO:colcon.colcon_core.shell:Creating environment hook '/home/catherine-maglione/yolo_backup/install/nuturtlebot_msgs/share/nuturtlebot_msgs/hook/pythonpath.sh'
[0.981s] Level 1:colcon.colcon_core.environment:checking '/home/catherine-maglione/yolo_backup/install/nuturtlebot_msgs/bin'
[0.981s] INFO:colcon.colcon_core.shell:Creating package script '/home/catherine-maglione/yolo_backup/install/nuturtlebot_msgs/share/nuturtlebot_msgs/package.ps1'
[0.982s] INFO:colcon.colcon_core.shell:Creating package descriptor '/home/catherine-maglione/yolo_backup/install/nuturtlebot_msgs/share/nuturtlebot_msgs/package.dsv'
[0.982s] INFO:colcon.colcon_core.shell:Creating package script '/home/catherine-maglione/yolo_backup/install/nuturtlebot_msgs/share/nuturtlebot_msgs/package.sh'
[0.983s] INFO:colcon.colcon_core.shell:Creating package script '/home/catherine-maglione/yolo_backup/install/nuturtlebot_msgs/share/nuturtlebot_msgs/package.bash'
[0.983s] INFO:colcon.colcon_core.shell:Creating package script '/home/catherine-maglione/yolo_backup/install/nuturtlebot_msgs/share/nuturtlebot_msgs/package.zsh'
[0.984s] Level 1:colcon.colcon_core.environment:create_file_with_runtime_dependencies(/home/catherine-maglione/yolo_backup/install/nuturtlebot_msgs/share/colcon-core/packages/nuturtlebot_msgs)
[1.112s] Level 1:colcon.colcon_core.environment:create_environment_scripts_only(nuturtlebot_msgs)
[1.112s] Level 1:colcon.colcon_core.environment:checking '/home/catherine-maglione/yolo_backup/install/nuturtlebot_msgs' for CMake module files
[1.113s] Level 1:colcon.colcon_core.environment:checking '/home/catherine-maglione/yolo_backup/install/nuturtlebot_msgs' for CMake config files
[1.113s] Level 1:colcon.colcon_core.shell:create_environment_hook('nuturtlebot_msgs', 'cmake_prefix_path')
[1.113s] INFO:colcon.colcon_core.shell:Creating environment hook '/home/catherine-maglione/yolo_backup/install/nuturtlebot_msgs/share/nuturtlebot_msgs/hook/cmake_prefix_path.ps1'
[1.114s] INFO:colcon.colcon_core.shell:Creating environment descriptor '/home/catherine-maglione/yolo_backup/install/nuturtlebot_msgs/share/nuturtlebot_msgs/hook/cmake_prefix_path.dsv'
[1.114s] INFO:colcon.colcon_core.shell:Creating environment hook '/home/catherine-maglione/yolo_backup/install/nuturtlebot_msgs/share/nuturtlebot_msgs/hook/cmake_prefix_path.sh'
[1.115s] Level 1:colcon.colcon_core.environment:checking '/home/catherine-maglione/yolo_backup/install/nuturtlebot_msgs/lib'
[1.115s] Level 1:colcon.colcon_core.shell:create_environment_hook('nuturtlebot_msgs', 'ld_library_path_lib')
[1.115s] INFO:colcon.colcon_core.shell:Creating environment hook '/home/catherine-maglione/yolo_backup/install/nuturtlebot_msgs/share/nuturtlebot_msgs/hook/ld_library_path_lib.ps1'
[1.116s] INFO:colcon.colcon_core.shell:Creating environment descriptor '/home/catherine-maglione/yolo_backup/install/nuturtlebot_msgs/share/nuturtlebot_msgs/hook/ld_library_path_lib.dsv'
[1.116s] INFO:colcon.colcon_core.shell:Creating environment hook '/home/catherine-maglione/yolo_backup/install/nuturtlebot_msgs/share/nuturtlebot_msgs/hook/ld_library_path_lib.sh'
[1.116s] Level 1:colcon.colcon_core.environment:checking '/home/catherine-maglione/yolo_backup/install/nuturtlebot_msgs/bin'
[1.116s] Level 1:colcon.colcon_core.environment:checking '/home/catherine-maglione/yolo_backup/install/nuturtlebot_msgs/lib/pkgconfig/nuturtlebot_msgs.pc'
[1.117s] Level 1:colcon.colcon_core.environment:checking '/home/catherine-maglione/yolo_backup/install/nuturtlebot_msgs/lib/python3.12/site-packages'
[1.117s] Level 1:colcon.colcon_core.shell:create_environment_hook('nuturtlebot_msgs', 'pythonpath')
[1.117s] INFO:colcon.colcon_core.shell:Creating environment hook '/home/catherine-maglione/yolo_backup/install/nuturtlebot_msgs/share/nuturtlebot_msgs/hook/pythonpath.ps1'
[1.117s] INFO:colcon.colcon_core.shell:Creating environment descriptor '/home/catherine-maglione/yolo_backup/install/nuturtlebot_msgs/share/nuturtlebot_msgs/hook/pythonpath.dsv'
[1.118s] INFO:colcon.colcon_core.shell:Creating environment hook '/home/catherine-maglione/yolo_backup/install/nuturtlebot_msgs/share/nuturtlebot_msgs/hook/pythonpath.sh'
[1.118s] Level 1:colcon.colcon_core.environment:checking '/home/catherine-maglione/yolo_backup/install/nuturtlebot_msgs/bin'
[1.119s] INFO:colcon.colcon_core.shell:Creating package script '/home/catherine-maglione/yolo_backup/install/nuturtlebot_msgs/share/nuturtlebot_msgs/package.ps1'
[1.119s] INFO:colcon.colcon_core.shell:Creating package descriptor '/home/catherine-maglione/yolo_backup/install/nuturtlebot_msgs/share/nuturtlebot_msgs/package.dsv'
[1.120s] INFO:colcon.colcon_core.shell:Creating package script '/home/catherine-maglione/yolo_backup/install/nuturtlebot_msgs/share/nuturtlebot_msgs/package.sh'
[1.120s] INFO:colcon.colcon_core.shell:Creating package script '/home/catherine-maglione/yolo_backup/install/nuturtlebot_msgs/share/nuturtlebot_msgs/package.bash'
[1.121s] INFO:colcon.colcon_core.shell:Creating package script '/home/catherine-maglione/yolo_backup/install/nuturtlebot_msgs/share/nuturtlebot_msgs/package.zsh'
[1.121s] Level 1:colcon.colcon_core.environment:create_file_with_runtime_dependencies(/home/catherine-maglione/yolo_backup/install/nuturtlebot_msgs/share/colcon-core/packages/nuturtlebot_msgs)
[1.121s] INFO:colcon.colcon_ros.task.ament_python.build:Building ROS package in '/home/catherine-maglione/yolo_backup/src/me495_yolo' with build type 'ament_python'
[1.122s] Level 1:colcon.colcon_core.shell:create_environment_hook('me495_yolo', 'ament_prefix_path')
[1.122s] INFO:colcon.colcon_core.shell:Creating environment hook '/home/catherine-maglione/yolo_backup/install/me495_yolo/share/me495_yolo/hook/ament_prefix_path.ps1'
[1.123s] INFO:colcon.colcon_core.shell:Creating environment descriptor '/home/catherine-maglione/yolo_backup/install/me495_yolo/share/me495_yolo/hook/ament_prefix_path.dsv'
[1.123s] INFO:colcon.colcon_core.shell:Creating environment hook '/home/catherine-maglione/yolo_backup/install/me495_yolo/share/me495_yolo/hook/ament_prefix_path.sh'
[1.124s] INFO:colcon.colcon_core.shell:Skip shell extension 'powershell' for command environment: Not usable outside of PowerShell
[1.124s] DEBUG:colcon.colcon_core.shell:Skip shell extension 'dsv' for command environment
[1.129s] INFO:colcon.colcon_ros.task.ament_cmake.build:Building ROS package in '/home/catherine-maglione/yolo_backup/src/numsr_turtlebot' with build type 'ament_cmake'
[1.129s] INFO:colcon.colcon_cmake.task.cmake.build:Building CMake package in '/home/catherine-maglione/yolo_backup/src/numsr_turtlebot'
[1.129s] INFO:colcon.colcon_core.shell:Skip shell extension 'powershell' for command environment: Not usable outside of PowerShell
[1.129s] DEBUG:colcon.colcon_core.shell:Skip shell extension 'dsv' for command environment
[1.369s] INFO:colcon.colcon_core.task.python.build:Building Python package in '/home/catherine-maglione/yolo_backup/src/me495_yolo'
[1.369s] INFO:colcon.colcon_core.shell:Skip shell extension 'powershell' for command environment: Not usable outside of PowerShell
[1.369s] DEBUG:colcon.colcon_core.shell:Skip shell extension 'dsv' for command environment
[1.376s] DEBUG:colcon.colcon_core.event_handler.log_command:Invoking command in '/home/catherine-maglione/yolo_backup/build/numsr_turtlebot': CMAKE_PREFIX_PATH=/home/catherine-maglione/yolo_backup/install/nuturtlebot_msgs:/home/catherine-maglione/yolo_backup/install/numsr_turtlebot:/opt/ros/jazzy/opt/gz_sim_vendor:/opt/ros/jazzy/opt/gz_sensors_vendor:/opt/ros/jazzy/opt/gz_physics_vendor:/opt/ros/jazzy/opt/sdformat_vendor:/opt/ros/jazzy/opt/gz_gui_vendor:/opt/ros/jazzy/opt/gz_transport_vendor:/opt/ros/jazzy/opt/gz_rendering_vendor:/opt/ros/jazzy/opt/gz_plugin_vendor:/opt/ros/jazzy/opt/gz_fuel_tools_vendor:/opt/ros/jazzy/opt/gz_msgs_vendor:/opt/ros/jazzy/opt/gz_common_vendor:/opt/ros/jazzy/opt/gz_math_vendor:/opt/ros/jazzy/opt/gz_utils_vendor:/opt/ros/jazzy/opt/gz_tools_vendor:/opt/ros/jazzy/opt/gz_ogre_next_vendor:/opt/ros/jazzy/opt/gz_dartsim_vendor:/opt/ros/jazzy/opt/gz_cmake_vendor:/home/catherine-maglione/yolo_backup/install/me495_yolo:/home/catherine-maglione/yolo_home/src/me495_yolo/install/me495_yolo:/opt/ros/jazzy PS1=(opencv_env) \[\e]0;\u@\h: \w\a\]${debian_chroot:+($debian_chroot)}\[\033[1;34m\]\u\[\033[00m\]@\[\033[1;32m\]\h\[\033[00m\]:\[\033[1;33m\]\w\[\033[00m\] \[\033[1;36m\]$(parse_git_branch)\[\033[00m\]\$ PYTHONPATH=/home/catherine-maglione/yolo_backup/install/nuturtlebot_msgs/lib/python3.12/site-packages:/home/catherine-maglione/yolo_backup/install/me495_yolo/lib/python3.12/site-packages:/home/catherine-maglione/yolo_home/src/me495_yolo/install/me495_yolo/lib/python3.12/site-packages:/opt/ros/jazzy/lib/python3.12/site-packages VIRTUAL_ENV_PROMPT=(opencv_env) /usr/bin/cmake --build /home/catherine-maglione/yolo_backup/build/numsr_turtlebot -- -j32 -l32
[1.447s] DEBUG:colcon.colcon_core.event_handler.log_command:Invoked command in '/home/catherine-maglione/yolo_backup/build/numsr_turtlebot' returned '0': CMAKE_PREFIX_PATH=/home/catherine-maglione/yolo_backup/install/nuturtlebot_msgs:/home/catherine-maglione/yolo_backup/install/numsr_turtlebot:/opt/ros/jazzy/opt/gz_sim_vendor:/opt/ros/jazzy/opt/gz_sensors_vendor:/opt/ros/jazzy/opt/gz_physics_vendor:/opt/ros/jazzy/opt/sdformat_vendor:/opt/ros/jazzy/opt/gz_gui_vendor:/opt/ros/jazzy/opt/gz_transport_vendor:/opt/ros/jazzy/opt/gz_rendering_vendor:/opt/ros/jazzy/opt/gz_plugin_vendor:/opt/ros/jazzy/opt/gz_fuel_tools_vendor:/opt/ros/jazzy/opt/gz_msgs_vendor:/opt/ros/jazzy/opt/gz_common_vendor:/opt/ros/jazzy/opt/gz_math_vendor:/opt/ros/jazzy/opt/gz_utils_vendor:/opt/ros/jazzy/opt/gz_tools_vendor:/opt/ros/jazzy/opt/gz_ogre_next_vendor:/opt/ros/jazzy/opt/gz_dartsim_vendor:/opt/ros/jazzy/opt/gz_cmake_vendor:/home/catherine-maglione/yolo_backup/install/me495_yolo:/home/catherine-maglione/yolo_home/src/me495_yolo/install/me495_yolo:/opt/ros/jazzy PS1=(opencv_env) \[\e]0;\u@\h: \w\a\]${debian_chroot:+($debian_chroot)}\[\033[1;34m\]\u\[\033[00m\]@\[\033[1;32m\]\h\[\033[00m\]:\[\033[1;33m\]\w\[\033[00m\] \[\033[1;36m\]$(parse_git_branch)\[\033[00m\]\$ PYTHONPATH=/home/catherine-maglione/yolo_backup/install/nuturtlebot_msgs/lib/python3.12/site-packages:/home/catherine-maglione/yolo_backup/install/me495_yolo/lib/python3.12/site-packages:/home/catherine-maglione/yolo_home/src/me495_yolo/install/me495_yolo/lib/python3.12/site-packages:/opt/ros/jazzy/lib/python3.12/site-packages VIRTUAL_ENV_PROMPT=(opencv_env) /usr/bin/cmake --build /home/catherine-maglione/yolo_backup/build/numsr_turtlebot -- -j32 -l32
[1.476s] DEBUG:colcon.colcon_core.event_handler.log_command:Invoking command in '/home/catherine-maglione/yolo_backup/build/numsr_turtlebot': CMAKE_PREFIX_PATH=/home/catherine-maglione/yolo_backup/install/nuturtlebot_msgs:/home/catherine-maglione/yolo_backup/install/numsr_turtlebot:/opt/ros/jazzy/opt/gz_sim_vendor:/opt/ros/jazzy/opt/gz_sensors_vendor:/opt/ros/jazzy/opt/gz_physics_vendor:/opt/ros/jazzy/opt/sdformat_vendor:/opt/ros/jazzy/opt/gz_gui_vendor:/opt/ros/jazzy/opt/gz_transport_vendor:/opt/ros/jazzy/opt/gz_rendering_vendor:/opt/ros/jazzy/opt/gz_plugin_vendor:/opt/ros/jazzy/opt/gz_fuel_tools_vendor:/opt/ros/jazzy/opt/gz_msgs_vendor:/opt/ros/jazzy/opt/gz_common_vendor:/opt/ros/jazzy/opt/gz_math_vendor:/opt/ros/jazzy/opt/gz_utils_vendor:/opt/ros/jazzy/opt/gz_tools_vendor:/opt/ros/jazzy/opt/gz_ogre_next_vendor:/opt/ros/jazzy/opt/gz_dartsim_vendor:/opt/ros/jazzy/opt/gz_cmake_vendor:/home/catherine-maglione/yolo_backup/install/me495_yolo:/home/catherine-maglione/yolo_home/src/me495_yolo/install/me495_yolo:/opt/ros/jazzy PS1=(opencv_env) \[\e]0;\u@\h: \w\a\]${debian_chroot:+($debian_chroot)}\[\033[1;34m\]\u\[\033[00m\]@\[\033[1;32m\]\h\[\033[00m\]:\[\033[1;33m\]\w\[\033[00m\] \[\033[1;36m\]$(parse_git_branch)\[\033[00m\]\$ PYTHONPATH=/home/catherine-maglione/yolo_backup/install/nuturtlebot_msgs/lib/python3.12/site-packages:/home/catherine-maglione/yolo_backup/install/me495_yolo/lib/python3.12/site-packages:/home/catherine-maglione/yolo_home/src/me495_yolo/install/me495_yolo/lib/python3.12/site-packages:/opt/ros/jazzy/lib/python3.12/site-packages VIRTUAL_ENV_PROMPT=(opencv_env) /usr/bin/cmake --install /home/catherine-maglione/yolo_backup/build/numsr_turtlebot
[1.487s] Level 1:colcon.colcon_core.environment:create_environment_scripts_only(numsr_turtlebot)
[1.487s] Level 1:colcon.colcon_core.environment:checking '/home/catherine-maglione/yolo_backup/install/numsr_turtlebot' for CMake module files
[1.487s] DEBUG:colcon.colcon_core.event_handler.log_command:Invoked command in '/home/catherine-maglione/yolo_backup/build/numsr_turtlebot' returned '0': CMAKE_PREFIX_PATH=/home/catherine-maglione/yolo_backup/install/nuturtlebot_msgs:/home/catherine-maglione/yolo_backup/install/numsr_turtlebot:/opt/ros/jazzy/opt/gz_sim_vendor:/opt/ros/jazzy/opt/gz_sensors_vendor:/opt/ros/jazzy/opt/gz_physics_vendor:/opt/ros/jazzy/opt/sdformat_vendor:/opt/ros/jazzy/opt/gz_gui_vendor:/opt/ros/jazzy/opt/gz_transport_vendor:/opt/ros/jazzy/opt/gz_rendering_vendor:/opt/ros/jazzy/opt/gz_plugin_vendor:/opt/ros/jazzy/opt/gz_fuel_tools_vendor:/opt/ros/jazzy/opt/gz_msgs_vendor:/opt/ros/jazzy/opt/gz_common_vendor:/opt/ros/jazzy/opt/gz_math_vendor:/opt/ros/jazzy/opt/gz_utils_vendor:/opt/ros/jazzy/opt/gz_tools_vendor:/opt/ros/jazzy/opt/gz_ogre_next_vendor:/opt/ros/jazzy/opt/gz_dartsim_vendor:/opt/ros/jazzy/opt/gz_cmake_vendor:/home/catherine-maglione/yolo_backup/install/me495_yolo:/home/catherine-maglione/yolo_home/src/me495_yolo/install/me495_yolo:/opt/ros/jazzy PS1=(opencv_env) \[\e]0;\u@\h: \w\a\]${debian_chroot:+($debian_chroot)}\[\033[1;34m\]\u\[\033[00m\]@\[\033[1;32m\]\h\[\033[00m\]:\[\033[1;33m\]\w\[\033[00m\] \[\033[1;36m\]$(parse_git_branch)\[\033[00m\]\$ PYTHONPATH=/home/catherine-maglione/yolo_backup/install/nuturtlebot_msgs/lib/python3.12/site-packages:/home/catherine-maglione/yolo_backup/install/me495_yolo/lib/python3.12/site-packages:/home/catherine-maglione/yolo_home/src/me495_yolo/install/me495_yolo/lib/python3.12/site-packages:/opt/ros/jazzy/lib/python3.12/site-packages VIRTUAL_ENV_PROMPT=(opencv_env) /usr/bin/cmake --install /home/catherine-maglione/yolo_backup/build/numsr_turtlebot
[1.488s] Level 1:colcon.colcon_core.environment:checking '/home/catherine-maglione/yolo_backup/install/numsr_turtlebot' for CMake config files
[1.488s] Level 1:colcon.colcon_core.shell:create_environment_hook('numsr_turtlebot', 'cmake_prefix_path')
[1.488s] INFO:colcon.colcon_core.shell:Creating environment hook '/home/catherine-maglione/yolo_backup/install/numsr_turtlebot/share/numsr_turtlebot/hook/cmake_prefix_path.ps1'
[1.489s] INFO:colcon.colcon_core.shell:Creating environment descriptor '/home/catherine-maglione/yolo_backup/install/numsr_turtlebot/share/numsr_turtlebot/hook/cmake_prefix_path.dsv'
[1.489s] INFO:colcon.colcon_core.shell:Creating environment hook '/home/catherine-maglione/yolo_backup/install/numsr_turtlebot/share/numsr_turtlebot/hook/cmake_prefix_path.sh'
[1.490s] Level 1:colcon.colcon_core.environment:checking '/home/catherine-maglione/yolo_backup/install/numsr_turtlebot/lib'
[1.490s] Level 1:colcon.colcon_core.environment:checking '/home/catherine-maglione/yolo_backup/install/numsr_turtlebot/bin'
[1.490s] Level 1:colcon.colcon_core.environment:checking '/home/catherine-maglione/yolo_backup/install/numsr_turtlebot/lib/pkgconfig/numsr_turtlebot.pc'
[1.490s] Level 1:colcon.colcon_core.environment:checking '/home/catherine-maglione/yolo_backup/install/numsr_turtlebot/lib/python3.12/site-packages'
[1.490s] Level 1:colcon.colcon_core.environment:checking '/home/catherine-maglione/yolo_backup/install/numsr_turtlebot/bin'
[1.490s] INFO:colcon.colcon_core.shell:Creating package script '/home/catherine-maglione/yolo_backup/install/numsr_turtlebot/share/numsr_turtlebot/package.ps1'
[1.491s] INFO:colcon.colcon_core.shell:Creating package descriptor '/home/catherine-maglione/yolo_backup/install/numsr_turtlebot/share/numsr_turtlebot/package.dsv'
[1.491s] INFO:colcon.colcon_core.shell:Creating package script '/home/catherine-maglione/yolo_backup/install/numsr_turtlebot/share/numsr_turtlebot/package.sh'
[1.491s] INFO:colcon.colcon_core.shell:Creating package script '/home/catherine-maglione/yolo_backup/install/numsr_turtlebot/share/numsr_turtlebot/package.bash'
[1.492s] INFO:colcon.colcon_core.shell:Creating package script '/home/catherine-maglione/yolo_backup/install/numsr_turtlebot/share/numsr_turtlebot/package.zsh'
[1.492s] Level 1:colcon.colcon_core.environment:create_file_with_runtime_dependencies(/home/catherine-maglione/yolo_backup/install/numsr_turtlebot/share/colcon-core/packages/numsr_turtlebot)
[1.521s] Level 1:colcon.colcon_core.environment:create_environment_scripts_only(numsr_turtlebot)
[1.521s] Level 1:colcon.colcon_core.environment:checking '/home/catherine-maglione/yolo_backup/install/numsr_turtlebot' for CMake module files
[1.521s] Level 1:colcon.colcon_core.environment:checking '/home/catherine-maglione/yolo_backup/install/numsr_turtlebot' for CMake config files
[1.522s] Level 1:colcon.colcon_core.shell:create_environment_hook('numsr_turtlebot', 'cmake_prefix_path')
[1.522s] INFO:colcon.colcon_core.shell:Creating environment hook '/home/catherine-maglione/yolo_backup/install/numsr_turtlebot/share/numsr_turtlebot/hook/cmake_prefix_path.ps1'
[1.522s] INFO:colcon.colcon_core.shell:Creating environment descriptor '/home/catherine-maglione/yolo_backup/install/numsr_turtlebot/share/numsr_turtlebot/hook/cmake_prefix_path.dsv'
[1.523s] INFO:colcon.colcon_core.shell:Creating environment hook '/home/catherine-maglione/yolo_backup/install/numsr_turtlebot/share/numsr_turtlebot/hook/cmake_prefix_path.sh'
[1.523s] Level 1:colcon.colcon_core.environment:checking '/home/catherine-maglione/yolo_backup/install/numsr_turtlebot/lib'
[1.523s] Level 1:colcon.colcon_core.environment:checking '/home/catherine-maglione/yolo_backup/install/numsr_turtlebot/bin'
[1.523s] Level 1:colcon.colcon_core.environment:checking '/home/catherine-maglione/yolo_backup/install/numsr_turtlebot/lib/pkgconfig/numsr_turtlebot.pc'
[1.524s] Level 1:colcon.colcon_core.environment:checking '/home/catherine-maglione/yolo_backup/install/numsr_turtlebot/lib/python3.12/site-packages'
[1.524s] Level 1:colcon.colcon_core.environment:checking '/home/catherine-maglione/yolo_backup/install/numsr_turtlebot/bin'
[1.524s] INFO:colcon.colcon_core.shell:Creating package script '/home/catherine-maglione/yolo_backup/install/numsr_turtlebot/share/numsr_turtlebot/package.ps1'
[1.525s] INFO:colcon.colcon_core.shell:Creating package descriptor '/home/catherine-maglione/yolo_backup/install/numsr_turtlebot/share/numsr_turtlebot/package.dsv'
[1.525s] INFO:colcon.colcon_core.shell:Creating package script '/home/catherine-maglione/yolo_backup/install/numsr_turtlebot/share/numsr_turtlebot/package.sh'
[1.525s] INFO:colcon.colcon_core.shell:Creating package script '/home/catherine-maglione/yolo_backup/install/numsr_turtlebot/share/numsr_turtlebot/package.bash'
[1.526s] INFO:colcon.colcon_core.shell:Creating package script '/home/catherine-maglione/yolo_backup/install/numsr_turtlebot/share/numsr_turtlebot/package.zsh'
[1.526s] Level 1:colcon.colcon_core.environment:create_file_with_runtime_dependencies(/home/catherine-maglione/yolo_backup/install/numsr_turtlebot/share/colcon-core/packages/numsr_turtlebot)
[2.005s] DEBUG:colcon.colcon_core.event_handler.log_command:Invoking command in '/home/catherine-maglione/yolo_backup/src/me495_yolo': CMAKE_PREFIX_PATH=/home/catherine-maglione/yolo_backup/install/nuturtlebot_msgs:/home/catherine-maglione/yolo_backup/install/numsr_turtlebot:/opt/ros/jazzy/opt/gz_sim_vendor:/opt/ros/jazzy/opt/gz_sensors_vendor:/opt/ros/jazzy/opt/gz_physics_vendor:/opt/ros/jazzy/opt/sdformat_vendor:/opt/ros/jazzy/opt/gz_gui_vendor:/opt/ros/jazzy/opt/gz_transport_vendor:/opt/ros/jazzy/opt/gz_rendering_vendor:/opt/ros/jazzy/opt/gz_plugin_vendor:/opt/ros/jazzy/opt/gz_fuel_tools_vendor:/opt/ros/jazzy/opt/gz_msgs_vendor:/opt/ros/jazzy/opt/gz_common_vendor:/opt/ros/jazzy/opt/gz_math_vendor:/opt/ros/jazzy/opt/gz_utils_vendor:/opt/ros/jazzy/opt/gz_tools_vendor:/opt/ros/jazzy/opt/gz_ogre_next_vendor:/opt/ros/jazzy/opt/gz_dartsim_vendor:/opt/ros/jazzy/opt/gz_cmake_vendor PS1=(opencv_env) \[\e]0;\u@\h: \w\a\]${debian_chroot:+($debian_chroot)}\[\033[1;34m\]\u\[\033[00m\]@\[\033[1;32m\]\h\[\033[00m\]:\[\033[1;33m\]\w\[\033[00m\] \[\033[1;36m\]$(parse_git_branch)\[\033[00m\]\$ PYTHONPATH=/home/catherine-maglione/yolo_backup/build/me495_yolo/prefix_override:/usr/lib/python3/dist-packages/colcon_core/task/python/colcon_distutils_commands:/home/catherine-maglione/yolo_backup/install/me495_yolo/lib/python3.12/site-packages:/home/catherine-maglione/yolo_backup/install/nuturtlebot_msgs/lib/python3.12/site-packages:/home/catherine-maglione/yolo_backup/install/me495_yolo/lib/python3.12/site-packages:/home/catherine-maglione/yolo_home/src/me495_yolo/install/me495_yolo/lib/python3.12/site-packages:/opt/ros/jazzy/lib/python3.12/site-packages VIRTUAL_ENV_PROMPT=(opencv_env) /usr/bin/python3 -W ignore:setup.py install is deprecated setup.py egg_info --egg-base ../../build/me495_yolo build --build-base /home/catherine-maglione/yolo_backup/build/me495_yolo/build install --record /home/catherine-maglione/yolo_backup/build/me495_yolo/install.log --single-version-externally-managed install_data
[2.614s] Level 1:colcon.colcon_core.environment:checking '/home/catherine-maglione/yolo_backup/install/me495_yolo' for CMake module files
[2.615s] DEBUG:colcon.colcon_core.event_handler.log_command:Invoked command in '/home/catherine-maglione/yolo_backup/src/me495_yolo' returned '0': CMAKE_PREFIX_PATH=/home/catherine-maglione/yolo_backup/install/nuturtlebot_msgs:/home/catherine-maglione/yolo_backup/install/numsr_turtlebot:/opt/ros/jazzy/opt/gz_sim_vendor:/opt/ros/jazzy/opt/gz_sensors_vendor:/opt/ros/jazzy/opt/gz_physics_vendor:/opt/ros/jazzy/opt/sdformat_vendor:/opt/ros/jazzy/opt/gz_gui_vendor:/opt/ros/jazzy/opt/gz_transport_vendor:/opt/ros/jazzy/opt/gz_rendering_vendor:/opt/ros/jazzy/opt/gz_plugin_vendor:/opt/ros/jazzy/opt/gz_fuel_tools_vendor:/opt/ros/jazzy/opt/gz_msgs_vendor:/opt/ros/jazzy/opt/gz_common_vendor:/opt/ros/jazzy/opt/gz_math_vendor:/opt/ros/jazzy/opt/gz_utils_vendor:/opt/ros/jazzy/opt/gz_tools_vendor:/opt/ros/jazzy/opt/gz_ogre_next_vendor:/opt/ros/jazzy/opt/gz_dartsim_vendor:/opt/ros/jazzy/opt/gz_cmake_vendor PS1=(opencv_env) \[\e]0;\u@\h: \w\a\]${debian_chroot:+($debian_chroot)}\[\033[1;34m\]\u\[\033[00m\]@\[\033[1;32m\]\h\[\033[00m\]:\[\033[1;33m\]\w\[\033[00m\] \[\033[1;36m\]$(parse_git_branch)\[\033[00m\]\$ PYTHONPATH=/home/catherine-maglione/yolo_backup/build/me495_yolo/prefix_override:/usr/lib/python3/dist-packages/colcon_core/task/python/colcon_distutils_commands:/home/catherine-maglione/yolo_backup/install/me495_yolo/lib/python3.12/site-packages:/home/catherine-maglione/yolo_backup/install/nuturtlebot_msgs/lib/python3.12/site-packages:/home/catherine-maglione/yolo_backup/install/me495_yolo/lib/python3.12/site-packages:/home/catherine-maglione/yolo_home/src/me495_yolo/install/me495_yolo/lib/python3.12/site-packages:/opt/ros/jazzy/lib/python3.12/site-packages VIRTUAL_ENV_PROMPT=(opencv_env) /usr/bin/python3 -W ignore:setup.py install is deprecated setup.py egg_info --egg-base ../../build/me495_yolo build --build-base /home/catherine-maglione/yolo_backup/build/me495_yolo/build install --record /home/catherine-maglione/yolo_backup/build/me495_yolo/install.log --single-version-externally-managed install_data
[2.615s] Level 1:colcon.colcon_core.environment:checking '/home/catherine-maglione/yolo_backup/install/me495_yolo' for CMake config files
[2.615s] Level 1:colcon.colcon_core.environment:checking '/home/catherine-maglione/yolo_backup/install/me495_yolo/lib'
[2.615s] Level 1:colcon.colcon_core.environment:checking '/home/catherine-maglione/yolo_backup/install/me495_yolo/bin'
[2.615s] Level 1:colcon.colcon_core.environment:checking '/home/catherine-maglione/yolo_backup/install/me495_yolo/lib/pkgconfig/me495_yolo.pc'
[2.616s] Level 1:colcon.colcon_core.environment:checking '/home/catherine-maglione/yolo_backup/install/me495_yolo/lib/python3.12/site-packages'
[2.616s] Level 1:colcon.colcon_core.shell:create_environment_hook('me495_yolo', 'pythonpath')
[2.616s] INFO:colcon.colcon_core.shell:Creating environment hook '/home/catherine-maglione/yolo_backup/install/me495_yolo/share/me495_yolo/hook/pythonpath.ps1'
[2.616s] INFO:colcon.colcon_core.shell:Creating environment descriptor '/home/catherine-maglione/yolo_backup/install/me495_yolo/share/me495_yolo/hook/pythonpath.dsv'
[2.617s] INFO:colcon.colcon_core.shell:Creating environment hook '/home/catherine-maglione/yolo_backup/install/me495_yolo/share/me495_yolo/hook/pythonpath.sh'
[2.617s] Level 1:colcon.colcon_core.environment:checking '/home/catherine-maglione/yolo_backup/install/me495_yolo/bin'
[2.617s] Level 1:colcon.colcon_core.environment:create_environment_scripts_only(me495_yolo)
[2.617s] INFO:colcon.colcon_core.shell:Creating package script '/home/catherine-maglione/yolo_backup/install/me495_yolo/share/me495_yolo/package.ps1'
[2.618s] INFO:colcon.colcon_core.shell:Creating package descriptor '/home/catherine-maglione/yolo_backup/install/me495_yolo/share/me495_yolo/package.dsv'
[2.618s] INFO:colcon.colcon_core.shell:Creating package script '/home/catherine-maglione/yolo_backup/install/me495_yolo/share/me495_yolo/package.sh'
[2.618s] INFO:colcon.colcon_core.shell:Creating package script '/home/catherine-maglione/yolo_backup/install/me495_yolo/share/me495_yolo/package.bash'
[2.619s] INFO:colcon.colcon_core.shell:Creating package script '/home/catherine-maglione/yolo_backup/install/me495_yolo/share/me495_yolo/package.zsh'
[2.619s] Level 1:colcon.colcon_core.environment:create_file_with_runtime_dependencies(/home/catherine-maglione/yolo_backup/install/me495_yolo/share/colcon-core/packages/me495_yolo)
[2.619s] DEBUG:colcon.colcon_parallel_executor.executor.parallel:closing loop
[2.619s] DEBUG:colcon.colcon_parallel_executor.executor.parallel:loop closed
[2.619s] DEBUG:colcon.colcon_parallel_executor.executor.parallel:run_until_complete finished with '0'
[2.619s] DEBUG:colcon.colcon_core.event_reactor:joining thread
[2.626s] INFO:colcon.colcon_core.plugin_system:Skipping extension 'colcon_notification.desktop_notification.terminal_notifier': Not used on non-Darwin systems
[2.626s] INFO:colcon.colcon_core.plugin_system:Skipping extension 'colcon_notification.desktop_notification.win32': Not used on non-Windows systems
[2.626s] INFO:colcon.colcon_notification.desktop_notification:Sending desktop notification using 'notify2'
[2.650s] DEBUG:colcon.colcon_core.event_reactor:joined thread
[2.651s] INFO:colcon.colcon_core.shell:Creating prefix script '/home/catherine-maglione/yolo_backup/install/local_setup.ps1'
[2.651s] INFO:colcon.colcon_core.shell:Creating prefix util module '/home/catherine-maglione/yolo_backup/install/_local_setup_util_ps1.py'
[2.652s] INFO:colcon.colcon_core.shell:Creating prefix chain script '/home/catherine-maglione/yolo_backup/install/setup.ps1'
[2.653s] INFO:colcon.colcon_core.shell:Creating prefix script '/home/catherine-maglione/yolo_backup/install/local_setup.sh'
[2.653s] INFO:colcon.colcon_core.shell:Creating prefix util module '/home/catherine-maglione/yolo_backup/install/_local_setup_util_sh.py'
[2.654s] INFO:colcon.colcon_core.shell:Creating prefix chain script '/home/catherine-maglione/yolo_backup/install/setup.sh'
[2.655s] INFO:colcon.colcon_core.shell:Creating prefix script '/home/catherine-maglione/yolo_backup/install/local_setup.bash'
[2.655s] INFO:colcon.colcon_core.shell:Creating prefix chain script '/home/catherine-maglione/yolo_backup/install/setup.bash'
[2.656s] INFO:colcon.colcon_core.shell:Creating prefix script '/home/catherine-maglione/yolo_backup/install/local_setup.zsh'
[2.656s] INFO:colcon.colcon_core.shell:Creating prefix chain script '/home/catherine-maglione/yolo_backup/install/setup.zsh'
