[0.006s] Invoking command in '/home/catherine-maglione/yolo_backup/build/nuturtlebot_msgs': CMAKE_PREFIX_PATH=${CMAKE_PREFIX_PATH}:/home/catherine-maglione/yolo_backup/install/me495_yolo:/home/catherine-maglione/yolo_home/src/me495_yolo/install/me495_yolo:/opt/ros/jazzy PS1=\[\e]0;\u@\h: \w\a\]${debian_chroot:+($debian_chroot)}\[\033[1;34m\]\u\[\033[00m\]@\[\033[1;32m\]\h\[\033[00m\]:\[\033[1;33m\]\w\[\033[00m\] \[\033[1;36m\]$(parse_git_branch)\[\033[00m\]\$ /usr/bin/cmake /home/catherine-maglione/yolo_backup/src/nuturtlebot_msgs -DCMAKE_INSTALL_PREFIX=/home/catherine-maglione/yolo_backup/install/nuturtlebot_msgs
[0.047s] -- The C compiler identification is GNU 13.2.0
[0.083s] -- The CXX compiler identification is GNU 13.2.0
[0.095s] -- Detecting C compiler ABI info
[0.154s] -- Detecting C compiler ABI info - done
[0.159s] -- Check for working C compiler: /usr/bin/cc - skipped
[0.160s] -- Detecting C compile features
[0.160s] -- Detecting C compile features - done
[0.167s] -- Detecting CXX compiler ABI info
[0.291s] -- Detecting CXX compiler ABI info - done
[0.302s] -- Check for working CXX compiler: /usr/bin/c++ - skipped
[0.302s] -- Detecting CXX compile features
[0.303s] -- Detecting CXX compile features - done
[0.308s] -- Found ament_cmake: 2.5.2 (/opt/ros/jazzy/share/ament_cmake/cmake)
[0.419s] -- Found Python3: /usr/bin/python3 (found version "3.12.3") found components: Interpreter 
[0.487s] -- Found builtin_interfaces: 2.0.2 (/opt/ros/jazzy/share/builtin_interfaces/cmake)
[0.513s] -- Found rosidl_generator_c: 4.6.3 (/opt/ros/jazzy/share/rosidl_generator_c/cmake)
[0.521s] -- Found rosidl_generator_cpp: 4.6.3 (/opt/ros/jazzy/share/rosidl_generator_cpp/cmake)
[0.531s] -- Using all available rosidl_typesupport_c: rosidl_typesupport_fastrtps_c;rosidl_typesupport_introspection_c
[0.542s] -- Using all available rosidl_typesupport_cpp: rosidl_typesupport_fastrtps_cpp;rosidl_typesupport_introspection_cpp
[0.552s] -- Found rosidl_default_generators: 1.6.0 (/opt/ros/jazzy/share/rosidl_default_generators/cmake)
[0.561s] -- Found rosidl_adapter: 4.6.3 (/opt/ros/jazzy/share/rosidl_adapter/cmake)
[0.983s] -- Found ament_cmake_ros: 0.12.0 (/opt/ros/jazzy/share/ament_cmake_ros/cmake)
[1.544s] -- Using all available rosidl_typesupport_c: rosidl_typesupport_fastrtps_c;rosidl_typesupport_introspection_c
[1.786s] -- Using all available rosidl_typesupport_cpp: rosidl_typesupport_fastrtps_cpp;rosidl_typesupport_introspection_cpp
[1.788s] -- Found python_cmake_module: 0.11.1 (/opt/ros/jazzy/share/python_cmake_module/cmake)
[1.905s] -- Found PythonExtra: /usr/bin/python3  
[2.254s] -- Found Python3: /usr/bin/python3 (found version "3.12.3") found components: Interpreter Development NumPy Development.Module Development.Embed 
[2.284s] -- Configuring done (2.3s)
[2.313s] -- Generating done (0.0s)
[2.314s] -- Build files have been written to: /home/catherine-maglione/yolo_backup/build/nuturtlebot_msgs
[2.318s] Invoked command in '/home/catherine-maglione/yolo_backup/build/nuturtlebot_msgs' returned '0': CMAKE_PREFIX_PATH=${CMAKE_PREFIX_PATH}:/home/catherine-maglione/yolo_backup/install/me495_yolo:/home/catherine-maglione/yolo_home/src/me495_yolo/install/me495_yolo:/opt/ros/jazzy PS1=\[\e]0;\u@\h: \w\a\]${debian_chroot:+($debian_chroot)}\[\033[1;34m\]\u\[\033[00m\]@\[\033[1;32m\]\h\[\033[00m\]:\[\033[1;33m\]\w\[\033[00m\] \[\033[1;36m\]$(parse_git_branch)\[\033[00m\]\$ /usr/bin/cmake /home/catherine-maglione/yolo_backup/src/nuturtlebot_msgs -DCMAKE_INSTALL_PREFIX=/home/catherine-maglione/yolo_backup/install/nuturtlebot_msgs
[2.319s] Invoking command in '/home/catherine-maglione/yolo_backup/build/nuturtlebot_msgs': CMAKE_PREFIX_PATH=${CMAKE_PREFIX_PATH}:/home/catherine-maglione/yolo_backup/install/me495_yolo:/home/catherine-maglione/yolo_home/src/me495_yolo/install/me495_yolo:/opt/ros/jazzy PS1=\[\e]0;\u@\h: \w\a\]${debian_chroot:+($debian_chroot)}\[\033[1;34m\]\u\[\033[00m\]@\[\033[1;32m\]\h\[\033[00m\]:\[\033[1;33m\]\w\[\033[00m\] \[\033[1;36m\]$(parse_git_branch)\[\033[00m\]\$ /usr/bin/cmake --build /home/catherine-maglione/yolo_backup/build/nuturtlebot_msgs -- -j32 -l32
[2.363s] [  2%] [34m[1mGenerating type hashes for ROS interfaces[0m
[2.374s] [  2%] Built target ament_cmake_python_copy_nuturtlebot_msgs
[2.499s] running egg_info
[2.500s] [  2%] Built target nuturtlebot_msgs__rosidl_generator_type_description
[2.500s] creating nuturtlebot_msgs.egg-info
[2.508s] [  4%] [34m[1mGenerating C code for ROS interfaces[0m
[2.511s] writing nuturtlebot_msgs.egg-info/PKG-INFO
[2.511s] writing dependency_links to nuturtlebot_msgs.egg-info/dependency_links.txt
[2.511s] writing top-level names to nuturtlebot_msgs.egg-info/top_level.txt
[2.511s] writing manifest file 'nuturtlebot_msgs.egg-info/SOURCES.txt'
[2.515s] [  6%] [34m[1mGenerating C++ code for ROS interfaces[0m
[2.547s] reading manifest file 'nuturtlebot_msgs.egg-info/SOURCES.txt'
[2.547s] writing manifest file 'nuturtlebot_msgs.egg-info/SOURCES.txt'
[2.564s] [  6%] Built target ament_cmake_python_build_nuturtlebot_msgs_egg
[2.680s] [  6%] Built target nuturtlebot_msgs__cpp
[2.694s] [  9%] [32mBuilding C object CMakeFiles/nuturtlebot_msgs__rosidl_generator_c.dir/rosidl_generator_c/nuturtlebot_msgs/msg/detail/sensor_data__type_support.c.o[0m
[2.694s] [ 11%] [32mBuilding C object CMakeFiles/nuturtlebot_msgs__rosidl_generator_c.dir/rosidl_generator_c/nuturtlebot_msgs/msg/detail/wheel_commands__functions.c.o[0m
[2.695s] [ 13%] [32mBuilding C object CMakeFiles/nuturtlebot_msgs__rosidl_generator_c.dir/rosidl_generator_c/nuturtlebot_msgs/msg/detail/sensor_data__description.c.o[0m
[2.695s] [ 15%] [32mBuilding C object CMakeFiles/nuturtlebot_msgs__rosidl_generator_c.dir/rosidl_generator_c/nuturtlebot_msgs/msg/detail/wheel_commands__type_support.c.o[0m
[2.695s] [ 18%] [32mBuilding C object CMakeFiles/nuturtlebot_msgs__rosidl_generator_c.dir/rosidl_generator_c/nuturtlebot_msgs/msg/detail/sensor_data__functions.c.o[0m
[2.696s] [ 20%] [32mBuilding C object CMakeFiles/nuturtlebot_msgs__rosidl_generator_c.dir/rosidl_generator_c/nuturtlebot_msgs/msg/detail/wheel_commands__description.c.o[0m
[2.731s] [ 22%] [32m[1mLinking C shared library libnuturtlebot_msgs__rosidl_generator_c.so[0m
[2.778s] [ 22%] Built target nuturtlebot_msgs__rosidl_generator_c
[2.793s] [ 25%] [34m[1mGenerating C type support dispatch for ROS interfaces[0m
[2.793s] [ 31%] [34m[1mGenerating C++ introspection for ROS interfaces[0m
[2.793s] [ 31%] [34m[1mGenerating C introspection for ROS interfaces[0m
[2.794s] [ 31%] [34m[1mGenerating C++ type support dispatch for ROS interfaces[0m
[2.794s] [ 34%] [34m[1mGenerating C type support for eProsima Fast-RTPS[0m
[2.794s] [ 36%] [34m[1mGenerating C++ type support for eProsima Fast-RTPS[0m
[2.961s] [ 40%] [32mBuilding CXX object CMakeFiles/nuturtlebot_msgs__rosidl_typesupport_introspection_cpp.dir/rosidl_typesupport_introspection_cpp/nuturtlebot_msgs/msg/detail/wheel_commands__type_support.cpp.o[0m
[2.961s] [ 40%] [32mBuilding CXX object CMakeFiles/nuturtlebot_msgs__rosidl_typesupport_c.dir/rosidl_typesupport_c/nuturtlebot_msgs/msg/wheel_commands__type_support.cpp.o[0m
[2.962s] [ 43%] [32mBuilding CXX object CMakeFiles/nuturtlebot_msgs__rosidl_typesupport_c.dir/rosidl_typesupport_c/nuturtlebot_msgs/msg/sensor_data__type_support.cpp.o[0m
[2.962s] [ 45%] [32mBuilding CXX object CMakeFiles/nuturtlebot_msgs__rosidl_typesupport_introspection_cpp.dir/rosidl_typesupport_introspection_cpp/nuturtlebot_msgs/msg/detail/sensor_data__type_support.cpp.o[0m
[2.963s] [ 47%] [32mBuilding CXX object CMakeFiles/nuturtlebot_msgs__rosidl_typesupport_cpp.dir/rosidl_typesupport_cpp/nuturtlebot_msgs/msg/sensor_data__type_support.cpp.o[0m
[2.963s] [ 50%] [32mBuilding CXX object CMakeFiles/nuturtlebot_msgs__rosidl_typesupport_cpp.dir/rosidl_typesupport_cpp/nuturtlebot_msgs/msg/wheel_commands__type_support.cpp.o[0m
[2.972s] [ 52%] [32mBuilding C object CMakeFiles/nuturtlebot_msgs__rosidl_typesupport_introspection_c.dir/rosidl_typesupport_introspection_c/nuturtlebot_msgs/msg/detail/sensor_data__type_support.c.o[0m
[2.972s] [ 54%] [32mBuilding C object CMakeFiles/nuturtlebot_msgs__rosidl_typesupport_introspection_c.dir/rosidl_typesupport_introspection_c/nuturtlebot_msgs/msg/detail/wheel_commands__type_support.c.o[0m
[2.986s] [ 56%] [32mBuilding CXX object CMakeFiles/nuturtlebot_msgs__rosidl_typesupport_fastrtps_c.dir/rosidl_typesupport_fastrtps_c/nuturtlebot_msgs/msg/detail/sensor_data__type_support_c.cpp.o[0m
[2.987s] [ 59%] [32mBuilding CXX object CMakeFiles/nuturtlebot_msgs__rosidl_typesupport_fastrtps_c.dir/rosidl_typesupport_fastrtps_c/nuturtlebot_msgs/msg/detail/wheel_commands__type_support_c.cpp.o[0m
[2.987s] [ 63%] [32mBuilding CXX object CMakeFiles/nuturtlebot_msgs__rosidl_typesupport_fastrtps_cpp.dir/rosidl_typesupport_fastrtps_cpp/nuturtlebot_msgs/msg/detail/dds_fastrtps/sensor_data__type_support.cpp.o[0m
[2.987s] [ 63%] [32mBuilding CXX object CMakeFiles/nuturtlebot_msgs__rosidl_typesupport_fastrtps_cpp.dir/rosidl_typesupport_fastrtps_cpp/nuturtlebot_msgs/msg/detail/dds_fastrtps/wheel_commands__type_support.cpp.o[0m
[2.997s] [ 65%] [32m[1mLinking C shared library libnuturtlebot_msgs__rosidl_typesupport_introspection_c.so[0m
[2.998s] [ 68%] [32m[1mLinking CXX shared library libnuturtlebot_msgs__rosidl_typesupport_c.so[0m
[3.021s] [ 68%] Built target nuturtlebot_msgs__rosidl_typesupport_introspection_c
[3.027s] [ 68%] Built target nuturtlebot_msgs__rosidl_typesupport_c
[3.133s] [ 70%] [32m[1mLinking CXX shared library libnuturtlebot_msgs__rosidl_typesupport_cpp.so[0m
[3.164s] [ 70%] Built target nuturtlebot_msgs__rosidl_typesupport_cpp
[3.170s] [ 72%] [32m[1mLinking CXX shared library libnuturtlebot_msgs__rosidl_typesupport_introspection_cpp.so[0m
[3.209s] [ 72%] Built target nuturtlebot_msgs__rosidl_typesupport_introspection_cpp
[3.242s] [ 75%] [32m[1mLinking CXX shared library libnuturtlebot_msgs__rosidl_typesupport_fastrtps_cpp.so[0m
[3.259s] [ 77%] [32m[1mLinking CXX shared library libnuturtlebot_msgs__rosidl_typesupport_fastrtps_c.so[0m
[3.274s] [ 77%] Built target nuturtlebot_msgs__rosidl_typesupport_fastrtps_cpp
[3.295s] [ 77%] Built target nuturtlebot_msgs__rosidl_typesupport_fastrtps_c
[3.319s] [ 77%] Built target nuturtlebot_msgs
[3.348s] [ 79%] [34m[1mGenerating Python code for ROS interfaces[0m
[3.596s] [ 79%] Built target nuturtlebot_msgs__py
[3.609s] [ 81%] [32mBuilding C object CMakeFiles/nuturtlebot_msgs__rosidl_generator_py.dir/rosidl_generator_py/nuturtlebot_msgs/msg/_sensor_data_s.c.o[0m
[3.609s] [ 84%] [32mBuilding C object CMakeFiles/nuturtlebot_msgs__rosidl_generator_py.dir/rosidl_generator_py/nuturtlebot_msgs/msg/_wheel_commands_s.c.o[0m
[3.681s] [ 86%] [32m[1mLinking C shared library libnuturtlebot_msgs__rosidl_generator_py.so[0m
[3.718s] [ 86%] Built target nuturtlebot_msgs__rosidl_generator_py
[3.736s] [ 88%] [32mBuilding C object CMakeFiles/nuturtlebot_msgs_s__rosidl_typesupport_fastrtps_c.dir/rosidl_generator_py/nuturtlebot_msgs/_nuturtlebot_msgs_s.ep.rosidl_typesupport_fastrtps_c.c.o[0m
[3.737s] [ 90%] [32mBuilding C object CMakeFiles/nuturtlebot_msgs_s__rosidl_typesupport_introspection_c.dir/rosidl_generator_py/nuturtlebot_msgs/_nuturtlebot_msgs_s.ep.rosidl_typesupport_introspection_c.c.o[0m
[3.737s] [ 93%] [32mBuilding C object CMakeFiles/nuturtlebot_msgs_s__rosidl_typesupport_c.dir/rosidl_generator_py/nuturtlebot_msgs/_nuturtlebot_msgs_s.ep.rosidl_typesupport_c.c.o[0m
[3.792s] [ 95%] [32m[1mLinking C shared module rosidl_generator_py/nuturtlebot_msgs/nuturtlebot_msgs_s__rosidl_typesupport_c.so[0m
[3.794s] [100%] [32m[1mLinking C shared module rosidl_generator_py/nuturtlebot_msgs/nuturtlebot_msgs_s__rosidl_typesupport_fastrtps_c.so[0m
[3.794s] [100%] [32m[1mLinking C shared module rosidl_generator_py/nuturtlebot_msgs/nuturtlebot_msgs_s__rosidl_typesupport_introspection_c.so[0m
[3.816s] [100%] Built target nuturtlebot_msgs_s__rosidl_typesupport_introspection_c
[3.816s] [100%] Built target nuturtlebot_msgs_s__rosidl_typesupport_c
[3.816s] [100%] Built target nuturtlebot_msgs_s__rosidl_typesupport_fastrtps_c
[3.823s] Invoked command in '/home/catherine-maglione/yolo_backup/build/nuturtlebot_msgs' returned '0': CMAKE_PREFIX_PATH=${CMAKE_PREFIX_PATH}:/home/catherine-maglione/yolo_backup/install/me495_yolo:/home/catherine-maglione/yolo_home/src/me495_yolo/install/me495_yolo:/opt/ros/jazzy PS1=\[\e]0;\u@\h: \w\a\]${debian_chroot:+($debian_chroot)}\[\033[1;34m\]\u\[\033[00m\]@\[\033[1;32m\]\h\[\033[00m\]:\[\033[1;33m\]\w\[\033[00m\] \[\033[1;36m\]$(parse_git_branch)\[\033[00m\]\$ /usr/bin/cmake --build /home/catherine-maglione/yolo_backup/build/nuturtlebot_msgs -- -j32 -l32
[3.980s] Invoking command in '/home/catherine-maglione/yolo_backup/build/nuturtlebot_msgs': CMAKE_PREFIX_PATH=${CMAKE_PREFIX_PATH}:/home/catherine-maglione/yolo_backup/install/me495_yolo:/home/catherine-maglione/yolo_home/src/me495_yolo/install/me495_yolo:/opt/ros/jazzy PS1=\[\e]0;\u@\h: \w\a\]${debian_chroot:+($debian_chroot)}\[\033[1;34m\]\u\[\033[00m\]@\[\033[1;32m\]\h\[\033[00m\]:\[\033[1;33m\]\w\[\033[00m\] \[\033[1;36m\]$(parse_git_branch)\[\033[00m\]\$ /usr/bin/cmake --install /home/catherine-maglione/yolo_backup/build/nuturtlebot_msgs
[3.992s] -- Install configuration: ""
[3.992s] -- Installing: /home/catherine-maglione/yolo_backup/install/nuturtlebot_msgs/share/ament_index/resource_index/rosidl_interfaces/nuturtlebot_msgs
[3.992s] -- Installing: /home/catherine-maglione/yolo_backup/install/nuturtlebot_msgs/share/nuturtlebot_msgs/msg/SensorData.json
[3.992s] -- Installing: /home/catherine-maglione/yolo_backup/install/nuturtlebot_msgs/share/nuturtlebot_msgs/msg/WheelCommands.json
[3.993s] -- Installing: /home/catherine-maglione/yolo_backup/install/nuturtlebot_msgs/include/nuturtlebot_msgs/nuturtlebot_msgs
[3.993s] -- Installing: /home/catherine-maglione/yolo_backup/install/nuturtlebot_msgs/include/nuturtlebot_msgs/nuturtlebot_msgs/msg
[3.993s] -- Installing: /home/catherine-maglione/yolo_backup/install/nuturtlebot_msgs/include/nuturtlebot_msgs/nuturtlebot_msgs/msg/rosidl_generator_c__visibility_control.h
[3.993s] -- Installing: /home/catherine-maglione/yolo_backup/install/nuturtlebot_msgs/include/nuturtlebot_msgs/nuturtlebot_msgs/msg/detail
[3.993s] -- Installing: /home/catherine-maglione/yolo_backup/install/nuturtlebot_msgs/include/nuturtlebot_msgs/nuturtlebot_msgs/msg/detail/sensor_data__type_support.c
[3.993s] -- Installing: /home/catherine-maglione/yolo_backup/install/nuturtlebot_msgs/include/nuturtlebot_msgs/nuturtlebot_msgs/msg/detail/sensor_data__struct.h
[3.993s] -- Installing: /home/catherine-maglione/yolo_backup/install/nuturtlebot_msgs/include/nuturtlebot_msgs/nuturtlebot_msgs/msg/detail/sensor_data__description.c
[3.993s] -- Installing: /home/catherine-maglione/yolo_backup/install/nuturtlebot_msgs/include/nuturtlebot_msgs/nuturtlebot_msgs/msg/detail/wheel_commands__type_support.c
[3.993s] -- Installing: /home/catherine-maglione/yolo_backup/install/nuturtlebot_msgs/include/nuturtlebot_msgs/nuturtlebot_msgs/msg/detail/sensor_data__functions.c
[3.994s] -- Installing: /home/catherine-maglione/yolo_backup/install/nuturtlebot_msgs/include/nuturtlebot_msgs/nuturtlebot_msgs/msg/detail/wheel_commands__functions.h
[3.994s] -- Installing: /home/catherine-maglione/yolo_backup/install/nuturtlebot_msgs/include/nuturtlebot_msgs/nuturtlebot_msgs/msg/detail/sensor_data__functions.h
[3.994s] -- Installing: /home/catherine-maglione/yolo_backup/install/nuturtlebot_msgs/include/nuturtlebot_msgs/nuturtlebot_msgs/msg/detail/wheel_commands__description.c
[3.994s] -- Installing: /home/catherine-maglione/yolo_backup/install/nuturtlebot_msgs/include/nuturtlebot_msgs/nuturtlebot_msgs/msg/detail/wheel_commands__struct.h
[3.994s] -- Installing: /home/catherine-maglione/yolo_backup/install/nuturtlebot_msgs/include/nuturtlebot_msgs/nuturtlebot_msgs/msg/detail/sensor_data__type_support.h
[3.994s] -- Installing: /home/catherine-maglione/yolo_backup/install/nuturtlebot_msgs/include/nuturtlebot_msgs/nuturtlebot_msgs/msg/detail/wheel_commands__type_support.h
[3.995s] -- Installing: /home/catherine-maglione/yolo_backup/install/nuturtlebot_msgs/include/nuturtlebot_msgs/nuturtlebot_msgs/msg/detail/wheel_commands__functions.c
[3.995s] -- Installing: /home/catherine-maglione/yolo_backup/install/nuturtlebot_msgs/include/nuturtlebot_msgs/nuturtlebot_msgs/msg/sensor_data.h
[3.995s] -- Installing: /home/catherine-maglione/yolo_backup/install/nuturtlebot_msgs/include/nuturtlebot_msgs/nuturtlebot_msgs/msg/wheel_commands.h
[3.995s] -- Installing: /home/catherine-maglione/yolo_backup/install/nuturtlebot_msgs/share/nuturtlebot_msgs/environment/library_path.sh
[3.995s] -- Installing: /home/catherine-maglione/yolo_backup/install/nuturtlebot_msgs/share/nuturtlebot_msgs/environment/library_path.dsv
[3.995s] -- Installing: /home/catherine-maglione/yolo_backup/install/nuturtlebot_msgs/lib/libnuturtlebot_msgs__rosidl_generator_c.so
[3.995s] -- Set non-toolchain portion of runtime path of "/home/catherine-maglione/yolo_backup/install/nuturtlebot_msgs/lib/libnuturtlebot_msgs__rosidl_generator_c.so" to ""
[3.995s] -- Up-to-date: /home/catherine-maglione/yolo_backup/install/nuturtlebot_msgs/include/nuturtlebot_msgs/nuturtlebot_msgs
[3.995s] -- Up-to-date: /home/catherine-maglione/yolo_backup/install/nuturtlebot_msgs/include/nuturtlebot_msgs/nuturtlebot_msgs/msg
[3.995s] -- Up-to-date: /home/catherine-maglione/yolo_backup/install/nuturtlebot_msgs/include/nuturtlebot_msgs/nuturtlebot_msgs/msg/detail
[3.995s] -- Installing: /home/catherine-maglione/yolo_backup/install/nuturtlebot_msgs/include/nuturtlebot_msgs/nuturtlebot_msgs/msg/detail/wheel_commands__rosidl_typesupport_fastrtps_c.h
[3.996s] -- Installing: /home/catherine-maglione/yolo_backup/install/nuturtlebot_msgs/include/nuturtlebot_msgs/nuturtlebot_msgs/msg/detail/sensor_data__rosidl_typesupport_fastrtps_c.h
[3.996s] -- Installing: /home/catherine-maglione/yolo_backup/install/nuturtlebot_msgs/include/nuturtlebot_msgs/nuturtlebot_msgs/msg/rosidl_typesupport_fastrtps_c__visibility_control.h
[3.996s] -- Installing: /home/catherine-maglione/yolo_backup/install/nuturtlebot_msgs/lib/libnuturtlebot_msgs__rosidl_typesupport_fastrtps_c.so
[3.996s] -- Set non-toolchain portion of runtime path of "/home/catherine-maglione/yolo_backup/install/nuturtlebot_msgs/lib/libnuturtlebot_msgs__rosidl_typesupport_fastrtps_c.so" to ""
[3.996s] -- Up-to-date: /home/catherine-maglione/yolo_backup/install/nuturtlebot_msgs/include/nuturtlebot_msgs/nuturtlebot_msgs
[3.996s] -- Up-to-date: /home/catherine-maglione/yolo_backup/install/nuturtlebot_msgs/include/nuturtlebot_msgs/nuturtlebot_msgs/msg
[3.996s] -- Up-to-date: /home/catherine-maglione/yolo_backup/install/nuturtlebot_msgs/include/nuturtlebot_msgs/nuturtlebot_msgs/msg/detail
[3.996s] -- Installing: /home/catherine-maglione/yolo_backup/install/nuturtlebot_msgs/include/nuturtlebot_msgs/nuturtlebot_msgs/msg/detail/wheel_commands__type_support.hpp
[3.996s] -- Installing: /home/catherine-maglione/yolo_backup/install/nuturtlebot_msgs/include/nuturtlebot_msgs/nuturtlebot_msgs/msg/detail/wheel_commands__builder.hpp
[3.996s] -- Installing: /home/catherine-maglione/yolo_backup/install/nuturtlebot_msgs/include/nuturtlebot_msgs/nuturtlebot_msgs/msg/detail/sensor_data__traits.hpp
[3.996s] -- Installing: /home/catherine-maglione/yolo_backup/install/nuturtlebot_msgs/include/nuturtlebot_msgs/nuturtlebot_msgs/msg/detail/sensor_data__type_support.hpp
[3.996s] -- Installing: /home/catherine-maglione/yolo_backup/install/nuturtlebot_msgs/include/nuturtlebot_msgs/nuturtlebot_msgs/msg/detail/wheel_commands__struct.hpp
[3.996s] -- Installing: /home/catherine-maglione/yolo_backup/install/nuturtlebot_msgs/include/nuturtlebot_msgs/nuturtlebot_msgs/msg/detail/wheel_commands__traits.hpp
[3.997s] -- Installing: /home/catherine-maglione/yolo_backup/install/nuturtlebot_msgs/include/nuturtlebot_msgs/nuturtlebot_msgs/msg/detail/sensor_data__struct.hpp
[3.997s] -- Installing: /home/catherine-maglione/yolo_backup/install/nuturtlebot_msgs/include/nuturtlebot_msgs/nuturtlebot_msgs/msg/detail/sensor_data__builder.hpp
[3.997s] -- Installing: /home/catherine-maglione/yolo_backup/install/nuturtlebot_msgs/include/nuturtlebot_msgs/nuturtlebot_msgs/msg/rosidl_generator_cpp__visibility_control.hpp
[3.997s] -- Installing: /home/catherine-maglione/yolo_backup/install/nuturtlebot_msgs/include/nuturtlebot_msgs/nuturtlebot_msgs/msg/wheel_commands.hpp
[3.997s] -- Installing: /home/catherine-maglione/yolo_backup/install/nuturtlebot_msgs/include/nuturtlebot_msgs/nuturtlebot_msgs/msg/sensor_data.hpp
[3.997s] -- Up-to-date: /home/catherine-maglione/yolo_backup/install/nuturtlebot_msgs/include/nuturtlebot_msgs/nuturtlebot_msgs
[3.997s] -- Up-to-date: /home/catherine-maglione/yolo_backup/install/nuturtlebot_msgs/include/nuturtlebot_msgs/nuturtlebot_msgs/msg
[3.997s] -- Up-to-date: /home/catherine-maglione/yolo_backup/install/nuturtlebot_msgs/include/nuturtlebot_msgs/nuturtlebot_msgs/msg/detail
[3.997s] -- Installing: /home/catherine-maglione/yolo_backup/install/nuturtlebot_msgs/include/nuturtlebot_msgs/nuturtlebot_msgs/msg/detail/dds_fastrtps
[3.997s] -- Installing: /home/catherine-maglione/yolo_backup/install/nuturtlebot_msgs/include/nuturtlebot_msgs/nuturtlebot_msgs/msg/detail/wheel_commands__rosidl_typesupport_fastrtps_cpp.hpp
[3.997s] -- Installing: /home/catherine-maglione/yolo_backup/install/nuturtlebot_msgs/include/nuturtlebot_msgs/nuturtlebot_msgs/msg/detail/sensor_data__rosidl_typesupport_fastrtps_cpp.hpp
[3.997s] -- Installing: /home/catherine-maglione/yolo_backup/install/nuturtlebot_msgs/include/nuturtlebot_msgs/nuturtlebot_msgs/msg/rosidl_typesupport_fastrtps_cpp__visibility_control.h
[3.997s] -- Installing: /home/catherine-maglione/yolo_backup/install/nuturtlebot_msgs/lib/libnuturtlebot_msgs__rosidl_typesupport_fastrtps_cpp.so
[3.998s] -- Set non-toolchain portion of runtime path of "/home/catherine-maglione/yolo_backup/install/nuturtlebot_msgs/lib/libnuturtlebot_msgs__rosidl_typesupport_fastrtps_cpp.so" to ""
[3.998s] -- Up-to-date: /home/catherine-maglione/yolo_backup/install/nuturtlebot_msgs/include/nuturtlebot_msgs/nuturtlebot_msgs
[3.998s] -- Up-to-date: /home/catherine-maglione/yolo_backup/install/nuturtlebot_msgs/include/nuturtlebot_msgs/nuturtlebot_msgs/msg
[3.998s] -- Up-to-date: /home/catherine-maglione/yolo_backup/install/nuturtlebot_msgs/include/nuturtlebot_msgs/nuturtlebot_msgs/msg/detail
[3.998s] -- Up-to-date: /home/catherine-maglione/yolo_backup/install/nuturtlebot_msgs/include/nuturtlebot_msgs/nuturtlebot_msgs/msg/detail/sensor_data__type_support.c
[3.998s] -- Up-to-date: /home/catherine-maglione/yolo_backup/install/nuturtlebot_msgs/include/nuturtlebot_msgs/nuturtlebot_msgs/msg/detail/wheel_commands__type_support.c
[3.998s] -- Installing: /home/catherine-maglione/yolo_backup/install/nuturtlebot_msgs/include/nuturtlebot_msgs/nuturtlebot_msgs/msg/detail/sensor_data__rosidl_typesupport_introspection_c.h
[3.998s] -- Installing: /home/catherine-maglione/yolo_backup/install/nuturtlebot_msgs/include/nuturtlebot_msgs/nuturtlebot_msgs/msg/detail/wheel_commands__rosidl_typesupport_introspection_c.h
[3.998s] -- Installing: /home/catherine-maglione/yolo_backup/install/nuturtlebot_msgs/include/nuturtlebot_msgs/nuturtlebot_msgs/msg/rosidl_typesupport_introspection_c__visibility_control.h
[3.998s] -- Installing: /home/catherine-maglione/yolo_backup/install/nuturtlebot_msgs/lib/libnuturtlebot_msgs__rosidl_typesupport_introspection_c.so
[3.998s] -- Set non-toolchain portion of runtime path of "/home/catherine-maglione/yolo_backup/install/nuturtlebot_msgs/lib/libnuturtlebot_msgs__rosidl_typesupport_introspection_c.so" to ""
[3.998s] -- Installing: /home/catherine-maglione/yolo_backup/install/nuturtlebot_msgs/lib/libnuturtlebot_msgs__rosidl_typesupport_c.so
[3.998s] -- Set non-toolchain portion of runtime path of "/home/catherine-maglione/yolo_backup/install/nuturtlebot_msgs/lib/libnuturtlebot_msgs__rosidl_typesupport_c.so" to ""
[3.998s] -- Up-to-date: /home/catherine-maglione/yolo_backup/install/nuturtlebot_msgs/include/nuturtlebot_msgs/nuturtlebot_msgs
[3.999s] -- Up-to-date: /home/catherine-maglione/yolo_backup/install/nuturtlebot_msgs/include/nuturtlebot_msgs/nuturtlebot_msgs/msg
[3.999s] -- Up-to-date: /home/catherine-maglione/yolo_backup/install/nuturtlebot_msgs/include/nuturtlebot_msgs/nuturtlebot_msgs/msg/detail
[3.999s] -- Installing: /home/catherine-maglione/yolo_backup/install/nuturtlebot_msgs/include/nuturtlebot_msgs/nuturtlebot_msgs/msg/detail/wheel_commands__type_support.cpp
[3.999s] -- Installing: /home/catherine-maglione/yolo_backup/install/nuturtlebot_msgs/include/nuturtlebot_msgs/nuturtlebot_msgs/msg/detail/sensor_data__rosidl_typesupport_introspection_cpp.hpp
[3.999s] -- Installing: /home/catherine-maglione/yolo_backup/install/nuturtlebot_msgs/include/nuturtlebot_msgs/nuturtlebot_msgs/msg/detail/wheel_commands__rosidl_typesupport_introspection_cpp.hpp
[3.999s] -- Installing: /home/catherine-maglione/yolo_backup/install/nuturtlebot_msgs/include/nuturtlebot_msgs/nuturtlebot_msgs/msg/detail/sensor_data__type_support.cpp
[3.999s] -- Installing: /home/catherine-maglione/yolo_backup/install/nuturtlebot_msgs/lib/libnuturtlebot_msgs__rosidl_typesupport_introspection_cpp.so
[3.999s] -- Set non-toolchain portion of runtime path of "/home/catherine-maglione/yolo_backup/install/nuturtlebot_msgs/lib/libnuturtlebot_msgs__rosidl_typesupport_introspection_cpp.so" to ""
[3.999s] -- Installing: /home/catherine-maglione/yolo_backup/install/nuturtlebot_msgs/lib/libnuturtlebot_msgs__rosidl_typesupport_cpp.so
[3.999s] -- Set non-toolchain portion of runtime path of "/home/catherine-maglione/yolo_backup/install/nuturtlebot_msgs/lib/libnuturtlebot_msgs__rosidl_typesupport_cpp.so" to ""
[3.999s] -- Installing: /home/catherine-maglione/yolo_backup/install/nuturtlebot_msgs/share/nuturtlebot_msgs/environment/pythonpath.sh
[3.999s] -- Installing: /home/catherine-maglione/yolo_backup/install/nuturtlebot_msgs/share/nuturtlebot_msgs/environment/pythonpath.dsv
[3.999s] -- Installing: /home/catherine-maglione/yolo_backup/install/nuturtlebot_msgs/lib/python3.12/site-packages/nuturtlebot_msgs-0.0.2-py3.12.egg-info
[4.000s] -- Installing: /home/catherine-maglione/yolo_backup/install/nuturtlebot_msgs/lib/python3.12/site-packages/nuturtlebot_msgs-0.0.2-py3.12.egg-info/SOURCES.txt
[4.000s] -- Installing: /home/catherine-maglione/yolo_backup/install/nuturtlebot_msgs/lib/python3.12/site-packages/nuturtlebot_msgs-0.0.2-py3.12.egg-info/dependency_links.txt
[4.000s] -- Installing: /home/catherine-maglione/yolo_backup/install/nuturtlebot_msgs/lib/python3.12/site-packages/nuturtlebot_msgs-0.0.2-py3.12.egg-info/PKG-INFO
[4.000s] -- Installing: /home/catherine-maglione/yolo_backup/install/nuturtlebot_msgs/lib/python3.12/site-packages/nuturtlebot_msgs-0.0.2-py3.12.egg-info/top_level.txt
[4.000s] -- Installing: /home/catherine-maglione/yolo_backup/install/nuturtlebot_msgs/lib/python3.12/site-packages/nuturtlebot_msgs
[4.000s] -- Installing: /home/catherine-maglione/yolo_backup/install/nuturtlebot_msgs/lib/python3.12/site-packages/nuturtlebot_msgs/_nuturtlebot_msgs_s.ep.rosidl_typesupport_c.c
[4.000s] -- Installing: /home/catherine-maglione/yolo_backup/install/nuturtlebot_msgs/lib/python3.12/site-packages/nuturtlebot_msgs/msg
[4.000s] -- Installing: /home/catherine-maglione/yolo_backup/install/nuturtlebot_msgs/lib/python3.12/site-packages/nuturtlebot_msgs/msg/_sensor_data.py
[4.000s] -- Installing: /home/catherine-maglione/yolo_backup/install/nuturtlebot_msgs/lib/python3.12/site-packages/nuturtlebot_msgs/msg/_wheel_commands_s.c
[4.000s] -- Installing: /home/catherine-maglione/yolo_backup/install/nuturtlebot_msgs/lib/python3.12/site-packages/nuturtlebot_msgs/msg/_wheel_commands.py
[4.000s] -- Installing: /home/catherine-maglione/yolo_backup/install/nuturtlebot_msgs/lib/python3.12/site-packages/nuturtlebot_msgs/msg/_sensor_data_s.c
[4.000s] -- Installing: /home/catherine-maglione/yolo_backup/install/nuturtlebot_msgs/lib/python3.12/site-packages/nuturtlebot_msgs/msg/__init__.py
[4.000s] -- Installing: /home/catherine-maglione/yolo_backup/install/nuturtlebot_msgs/lib/python3.12/site-packages/nuturtlebot_msgs/nuturtlebot_msgs_s__rosidl_typesupport_c.so
[4.001s] -- Installing: /home/catherine-maglione/yolo_backup/install/nuturtlebot_msgs/lib/python3.12/site-packages/nuturtlebot_msgs/nuturtlebot_msgs_s__rosidl_typesupport_introspection_c.so
[4.001s] -- Installing: /home/catherine-maglione/yolo_backup/install/nuturtlebot_msgs/lib/python3.12/site-packages/nuturtlebot_msgs/nuturtlebot_msgs_s__rosidl_typesupport_fastrtps_c.so
[4.001s] -- Installing: /home/catherine-maglione/yolo_backup/install/nuturtlebot_msgs/lib/python3.12/site-packages/nuturtlebot_msgs/_nuturtlebot_msgs_s.ep.rosidl_typesupport_introspection_c.c
[4.001s] -- Installing: /home/catherine-maglione/yolo_backup/install/nuturtlebot_msgs/lib/python3.12/site-packages/nuturtlebot_msgs/__init__.py
[4.001s] -- Installing: /home/catherine-maglione/yolo_backup/install/nuturtlebot_msgs/lib/python3.12/site-packages/nuturtlebot_msgs/_nuturtlebot_msgs_s.ep.rosidl_typesupport_fastrtps_c.c
[4.035s] Listing '/home/catherine-maglione/yolo_backup/install/nuturtlebot_msgs/lib/python3.12/site-packages/nuturtlebot_msgs'...
[4.035s] Compiling '/home/catherine-maglione/yolo_backup/install/nuturtlebot_msgs/lib/python3.12/site-packages/nuturtlebot_msgs/__init__.py'...
[4.035s] Listing '/home/catherine-maglione/yolo_backup/install/nuturtlebot_msgs/lib/python3.12/site-packages/nuturtlebot_msgs/msg'...
[4.035s] Compiling '/home/catherine-maglione/yolo_backup/install/nuturtlebot_msgs/lib/python3.12/site-packages/nuturtlebot_msgs/msg/__init__.py'...
[4.035s] Compiling '/home/catherine-maglione/yolo_backup/install/nuturtlebot_msgs/lib/python3.12/site-packages/nuturtlebot_msgs/msg/_sensor_data.py'...
[4.035s] Compiling '/home/catherine-maglione/yolo_backup/install/nuturtlebot_msgs/lib/python3.12/site-packages/nuturtlebot_msgs/msg/_wheel_commands.py'...
[4.038s] -- Installing: /home/catherine-maglione/yolo_backup/install/nuturtlebot_msgs/lib/python3.12/site-packages/nuturtlebot_msgs/nuturtlebot_msgs_s__rosidl_typesupport_fastrtps_c.so
[4.038s] -- Set non-toolchain portion of runtime path of "/home/catherine-maglione/yolo_backup/install/nuturtlebot_msgs/lib/python3.12/site-packages/nuturtlebot_msgs/nuturtlebot_msgs_s__rosidl_typesupport_fastrtps_c.so" to ""
[4.038s] -- Installing: /home/catherine-maglione/yolo_backup/install/nuturtlebot_msgs/lib/python3.12/site-packages/nuturtlebot_msgs/nuturtlebot_msgs_s__rosidl_typesupport_introspection_c.so
[4.038s] -- Set non-toolchain portion of runtime path of "/home/catherine-maglione/yolo_backup/install/nuturtlebot_msgs/lib/python3.12/site-packages/nuturtlebot_msgs/nuturtlebot_msgs_s__rosidl_typesupport_introspection_c.so" to ""
[4.038s] -- Installing: /home/catherine-maglione/yolo_backup/install/nuturtlebot_msgs/lib/python3.12/site-packages/nuturtlebot_msgs/nuturtlebot_msgs_s__rosidl_typesupport_c.so
[4.038s] -- Set non-toolchain portion of runtime path of "/home/catherine-maglione/yolo_backup/install/nuturtlebot_msgs/lib/python3.12/site-packages/nuturtlebot_msgs/nuturtlebot_msgs_s__rosidl_typesupport_c.so" to ""
[4.038s] -- Installing: /home/catherine-maglione/yolo_backup/install/nuturtlebot_msgs/lib/libnuturtlebot_msgs__rosidl_generator_py.so
[4.039s] -- Set non-toolchain portion of runtime path of "/home/catherine-maglione/yolo_backup/install/nuturtlebot_msgs/lib/libnuturtlebot_msgs__rosidl_generator_py.so" to ""
[4.039s] -- Installing: /home/catherine-maglione/yolo_backup/install/nuturtlebot_msgs/share/nuturtlebot_msgs/msg/SensorData.idl
[4.039s] -- Installing: /home/catherine-maglione/yolo_backup/install/nuturtlebot_msgs/share/nuturtlebot_msgs/msg/WheelCommands.idl
[4.039s] -- Installing: /home/catherine-maglione/yolo_backup/install/nuturtlebot_msgs/share/nuturtlebot_msgs/msg/SensorData.msg
[4.039s] -- Installing: /home/catherine-maglione/yolo_backup/install/nuturtlebot_msgs/share/nuturtlebot_msgs/msg/WheelCommands.msg
[4.039s] -- Installing: /home/catherine-maglione/yolo_backup/install/nuturtlebot_msgs/share/ament_index/resource_index/package_run_dependencies/nuturtlebot_msgs
[4.039s] -- Installing: /home/catherine-maglione/yolo_backup/install/nuturtlebot_msgs/share/ament_index/resource_index/parent_prefix_path/nuturtlebot_msgs
[4.039s] -- Installing: /home/catherine-maglione/yolo_backup/install/nuturtlebot_msgs/share/nuturtlebot_msgs/environment/ament_prefix_path.sh
[4.039s] -- Installing: /home/catherine-maglione/yolo_backup/install/nuturtlebot_msgs/share/nuturtlebot_msgs/environment/ament_prefix_path.dsv
[4.039s] -- Installing: /home/catherine-maglione/yolo_backup/install/nuturtlebot_msgs/share/nuturtlebot_msgs/environment/path.sh
[4.039s] -- Installing: /home/catherine-maglione/yolo_backup/install/nuturtlebot_msgs/share/nuturtlebot_msgs/environment/path.dsv
[4.039s] -- Installing: /home/catherine-maglione/yolo_backup/install/nuturtlebot_msgs/share/nuturtlebot_msgs/local_setup.bash
[4.039s] -- Installing: /home/catherine-maglione/yolo_backup/install/nuturtlebot_msgs/share/nuturtlebot_msgs/local_setup.sh
[4.039s] -- Installing: /home/catherine-maglione/yolo_backup/install/nuturtlebot_msgs/share/nuturtlebot_msgs/local_setup.zsh
[4.039s] -- Installing: /home/catherine-maglione/yolo_backup/install/nuturtlebot_msgs/share/nuturtlebot_msgs/local_setup.dsv
[4.039s] -- Installing: /home/catherine-maglione/yolo_backup/install/nuturtlebot_msgs/share/nuturtlebot_msgs/package.dsv
[4.039s] -- Installing: /home/catherine-maglione/yolo_backup/install/nuturtlebot_msgs/share/ament_index/resource_index/packages/nuturtlebot_msgs
[4.039s] -- Installing: /home/catherine-maglione/yolo_backup/install/nuturtlebot_msgs/share/nuturtlebot_msgs/cmake/export_nuturtlebot_msgs__rosidl_generator_cExport.cmake
[4.039s] -- Installing: /home/catherine-maglione/yolo_backup/install/nuturtlebot_msgs/share/nuturtlebot_msgs/cmake/export_nuturtlebot_msgs__rosidl_generator_cExport-noconfig.cmake
[4.039s] -- Installing: /home/catherine-maglione/yolo_backup/install/nuturtlebot_msgs/share/nuturtlebot_msgs/cmake/export_nuturtlebot_msgs__rosidl_typesupport_fastrtps_cExport.cmake
[4.039s] -- Installing: /home/catherine-maglione/yolo_backup/install/nuturtlebot_msgs/share/nuturtlebot_msgs/cmake/export_nuturtlebot_msgs__rosidl_typesupport_fastrtps_cExport-noconfig.cmake
[4.039s] -- Installing: /home/catherine-maglione/yolo_backup/install/nuturtlebot_msgs/share/nuturtlebot_msgs/cmake/export_nuturtlebot_msgs__rosidl_generator_cppExport.cmake
[4.039s] -- Installing: /home/catherine-maglione/yolo_backup/install/nuturtlebot_msgs/share/nuturtlebot_msgs/cmake/export_nuturtlebot_msgs__rosidl_typesupport_fastrtps_cppExport.cmake
[4.039s] -- Installing: /home/catherine-maglione/yolo_backup/install/nuturtlebot_msgs/share/nuturtlebot_msgs/cmake/export_nuturtlebot_msgs__rosidl_typesupport_fastrtps_cppExport-noconfig.cmake
[4.039s] -- Installing: /home/catherine-maglione/yolo_backup/install/nuturtlebot_msgs/share/nuturtlebot_msgs/cmake/nuturtlebot_msgs__rosidl_typesupport_introspection_cExport.cmake
[4.040s] -- Installing: /home/catherine-maglione/yolo_backup/install/nuturtlebot_msgs/share/nuturtlebot_msgs/cmake/nuturtlebot_msgs__rosidl_typesupport_introspection_cExport-noconfig.cmake
[4.040s] -- Installing: /home/catherine-maglione/yolo_backup/install/nuturtlebot_msgs/share/nuturtlebot_msgs/cmake/nuturtlebot_msgs__rosidl_typesupport_cExport.cmake
[4.040s] -- Installing: /home/catherine-maglione/yolo_backup/install/nuturtlebot_msgs/share/nuturtlebot_msgs/cmake/nuturtlebot_msgs__rosidl_typesupport_cExport-noconfig.cmake
[4.040s] -- Installing: /home/catherine-maglione/yolo_backup/install/nuturtlebot_msgs/share/nuturtlebot_msgs/cmake/nuturtlebot_msgs__rosidl_typesupport_introspection_cppExport.cmake
[4.040s] -- Installing: /home/catherine-maglione/yolo_backup/install/nuturtlebot_msgs/share/nuturtlebot_msgs/cmake/nuturtlebot_msgs__rosidl_typesupport_introspection_cppExport-noconfig.cmake
[4.040s] -- Installing: /home/catherine-maglione/yolo_backup/install/nuturtlebot_msgs/share/nuturtlebot_msgs/cmake/nuturtlebot_msgs__rosidl_typesupport_cppExport.cmake
[4.040s] -- Installing: /home/catherine-maglione/yolo_backup/install/nuturtlebot_msgs/share/nuturtlebot_msgs/cmake/nuturtlebot_msgs__rosidl_typesupport_cppExport-noconfig.cmake
[4.040s] -- Installing: /home/catherine-maglione/yolo_backup/install/nuturtlebot_msgs/share/nuturtlebot_msgs/cmake/export_nuturtlebot_msgs__rosidl_generator_pyExport.cmake
[4.040s] -- Installing: /home/catherine-maglione/yolo_backup/install/nuturtlebot_msgs/share/nuturtlebot_msgs/cmake/export_nuturtlebot_msgs__rosidl_generator_pyExport-noconfig.cmake
[4.040s] -- Installing: /home/catherine-maglione/yolo_backup/install/nuturtlebot_msgs/share/nuturtlebot_msgs/cmake/rosidl_cmake-extras.cmake
[4.040s] -- Installing: /home/catherine-maglione/yolo_backup/install/nuturtlebot_msgs/share/nuturtlebot_msgs/cmake/ament_cmake_export_dependencies-extras.cmake
[4.040s] -- Installing: /home/catherine-maglione/yolo_backup/install/nuturtlebot_msgs/share/nuturtlebot_msgs/cmake/ament_cmake_export_include_directories-extras.cmake
[4.040s] -- Installing: /home/catherine-maglione/yolo_backup/install/nuturtlebot_msgs/share/nuturtlebot_msgs/cmake/ament_cmake_export_libraries-extras.cmake
[4.040s] -- Installing: /home/catherine-maglione/yolo_backup/install/nuturtlebot_msgs/share/nuturtlebot_msgs/cmake/ament_cmake_export_targets-extras.cmake
[4.040s] -- Installing: /home/catherine-maglione/yolo_backup/install/nuturtlebot_msgs/share/nuturtlebot_msgs/cmake/rosidl_cmake_export_typesupport_targets-extras.cmake
[4.040s] -- Installing: /home/catherine-maglione/yolo_backup/install/nuturtlebot_msgs/share/nuturtlebot_msgs/cmake/rosidl_cmake_export_typesupport_libraries-extras.cmake
[4.040s] -- Installing: /home/catherine-maglione/yolo_backup/install/nuturtlebot_msgs/share/nuturtlebot_msgs/cmake/nuturtlebot_msgsConfig.cmake
[4.040s] -- Installing: /home/catherine-maglione/yolo_backup/install/nuturtlebot_msgs/share/nuturtlebot_msgs/cmake/nuturtlebot_msgsConfig-version.cmake
[4.040s] -- Installing: /home/catherine-maglione/yolo_backup/install/nuturtlebot_msgs/share/nuturtlebot_msgs/package.xml
[4.041s] Invoked command in '/home/catherine-maglione/yolo_backup/build/nuturtlebot_msgs' returned '0': CMAKE_PREFIX_PATH=${CMAKE_PREFIX_PATH}:/home/catherine-maglione/yolo_backup/install/me495_yolo:/home/catherine-maglione/yolo_home/src/me495_yolo/install/me495_yolo:/opt/ros/jazzy PS1=\[\e]0;\u@\h: \w\a\]${debian_chroot:+($debian_chroot)}\[\033[1;34m\]\u\[\033[00m\]@\[\033[1;32m\]\h\[\033[00m\]:\[\033[1;33m\]\w\[\033[00m\] \[\033[1;36m\]$(parse_git_branch)\[\033[00m\]\$ /usr/bin/cmake --install /home/catherine-maglione/yolo_backup/build/nuturtlebot_msgs
