[0.006s] Invoking command in '/home/catherine-maglione/yolo_backup/build/nuturtlebot_msgs': CMAKE_PREFIX_PATH=${CMAKE_PREFIX_PATH}:/home/catherine-maglione/yolo_backup/install/me495_yolo:/home/catherine-maglione/yolo_home/src/me495_yolo/install/me495_yolo:/opt/ros/jazzy /usr/bin/cmake /home/catherine-maglione/yolo_backup/src/nuturtlebot_msgs -DCMAKE_INSTALL_PREFIX=/home/catherine-maglione/yolo_backup/install/nuturtlebot_msgs
[0.045s] -- The C compiler identification is GNU 13.2.0
[0.085s] -- The CXX compiler identification is GNU 13.2.0
[0.099s] -- Detecting C compiler ABI info
[0.172s] -- Detecting C compiler ABI info - done
[0.181s] -- Check for working C compiler: /usr/bin/cc - skipped
[0.181s] -- Detecting C compile features
[0.182s] -- Detecting C compile features - done
[0.190s] -- Detecting CXX compiler ABI info
[0.265s] -- Detecting CXX compiler ABI info - done
[0.271s] -- Check for working CXX compiler: /usr/bin/c++ - skipped
[0.272s] -- Detecting CXX compile features
[0.272s] -- Detecting CXX compile features - done
[0.276s] -- Found ament_cmake: 2.5.2 (/opt/ros/jazzy/share/ament_cmake/cmake)
[0.396s] -- Found Python3: /usr/bin/python3 (found version "3.12.3") found components: Interpreter 
[0.464s] -- Found builtin_interfaces: 2.0.2 (/opt/ros/jazzy/share/builtin_interfaces/cmake)
[0.492s] -- Found rosidl_generator_c: 4.6.3 (/opt/ros/jazzy/share/rosidl_generator_c/cmake)
[0.501s] -- Found rosidl_generator_cpp: 4.6.3 (/opt/ros/jazzy/share/rosidl_generator_cpp/cmake)
[0.513s] -- Using all available rosidl_typesupport_c: rosidl_typesupport_fastrtps_c;rosidl_typesupport_introspection_c
[0.526s] -- Using all available rosidl_typesupport_cpp: rosidl_typesupport_fastrtps_cpp;rosidl_typesupport_introspection_cpp
[0.538s] -- Found rosidl_default_generators: 1.6.0 (/opt/ros/jazzy/share/rosidl_default_generators/cmake)
[0.549s] -- Found rosidl_adapter: 4.6.3 (/opt/ros/jazzy/share/rosidl_adapter/cmake)
[0.973s] -- Found ament_cmake_ros: 0.12.0 (/opt/ros/jazzy/share/ament_cmake_ros/cmake)
[1.433s] -- Using all available rosidl_typesupport_c: rosidl_typesupport_fastrtps_c;rosidl_typesupport_introspection_c
[1.599s] -- Using all available rosidl_typesupport_cpp: rosidl_typesupport_fastrtps_cpp;rosidl_typesupport_introspection_cpp
[1.601s] -- Found python_cmake_module: 0.11.1 (/opt/ros/jazzy/share/python_cmake_module/cmake)
[1.691s] -- Found PythonExtra: /usr/bin/python3  
[1.977s] -- Found Python3: /usr/bin/python3 (found version "3.12.3") found components: Interpreter Development NumPy Development.Module Development.Embed 
[1.998s] -- Configuring done (2.0s)
[2.013s] -- Generating done (0.0s)
[2.014s] -- Build files have been written to: /home/catherine-maglione/yolo_backup/build/nuturtlebot_msgs
[2.018s] Invoked command in '/home/catherine-maglione/yolo_backup/build/nuturtlebot_msgs' returned '0': CMAKE_PREFIX_PATH=${CMAKE_PREFIX_PATH}:/home/catherine-maglione/yolo_backup/install/me495_yolo:/home/catherine-maglione/yolo_home/src/me495_yolo/install/me495_yolo:/opt/ros/jazzy /usr/bin/cmake /home/catherine-maglione/yolo_backup/src/nuturtlebot_msgs -DCMAKE_INSTALL_PREFIX=/home/catherine-maglione/yolo_backup/install/nuturtlebot_msgs
[2.019s] Invoking command in '/home/catherine-maglione/yolo_backup/build/nuturtlebot_msgs': CMAKE_PREFIX_PATH=${CMAKE_PREFIX_PATH}:/home/catherine-maglione/yolo_backup/install/me495_yolo:/home/catherine-maglione/yolo_home/src/me495_yolo/install/me495_yolo:/opt/ros/jazzy /usr/bin/cmake --build /home/catherine-maglione/yolo_backup/build/nuturtlebot_msgs -- -j32 -l32
[2.064s] [  2%] [34m[1mGenerating type hashes for ROS interfaces[0m
[2.077s] [  2%] Built target ament_cmake_python_copy_nuturtlebot_msgs
[2.226s] running egg_info
[2.227s] creating nuturtlebot_msgs.egg-info
[2.231s] [  2%] Built target nuturtlebot_msgs__rosidl_generator_type_description
[2.238s] [  4%] [34m[1mGenerating C code for ROS interfaces[0m
[2.240s] writing nuturtlebot_msgs.egg-info/PKG-INFO
[2.240s] writing dependency_links to nuturtlebot_msgs.egg-info/dependency_links.txt
[2.240s] writing top-level names to nuturtlebot_msgs.egg-info/top_level.txt
[2.240s] writing manifest file 'nuturtlebot_msgs.egg-info/SOURCES.txt'
[2.246s] [  6%] [34m[1mGenerating C++ code for ROS interfaces[0m
[2.280s] reading manifest file 'nuturtlebot_msgs.egg-info/SOURCES.txt'
[2.280s] writing manifest file 'nuturtlebot_msgs.egg-info/SOURCES.txt'
[2.298s] [  6%] Built target ament_cmake_python_build_nuturtlebot_msgs_egg
[2.431s] [  6%] Built target nuturtlebot_msgs__cpp
[2.448s] [ 15%] [32mBuilding C object CMakeFiles/nuturtlebot_msgs__rosidl_generator_c.dir/rosidl_generator_c/nuturtlebot_msgs/msg/detail/sensor_data__type_support.c.o[0m
[2.448s] [ 15%] [32mBuilding C object CMakeFiles/nuturtlebot_msgs__rosidl_generator_c.dir/rosidl_generator_c/nuturtlebot_msgs/msg/detail/sensor_data__functions.c.o[0m
[2.448s] [ 15%] [32mBuilding C object CMakeFiles/nuturtlebot_msgs__rosidl_generator_c.dir/rosidl_generator_c/nuturtlebot_msgs/msg/detail/wheel_commands__functions.c.o[0m
[2.448s] [ 15%] [32mBuilding C object CMakeFiles/nuturtlebot_msgs__rosidl_generator_c.dir/rosidl_generator_c/nuturtlebot_msgs/msg/detail/sensor_data__description.c.o[0m
[2.449s] [ 18%] [32mBuilding C object CMakeFiles/nuturtlebot_msgs__rosidl_generator_c.dir/rosidl_generator_c/nuturtlebot_msgs/msg/detail/wheel_commands__type_support.c.o[0m
[2.451s] [ 20%] [32mBuilding C object CMakeFiles/nuturtlebot_msgs__rosidl_generator_c.dir/rosidl_generator_c/nuturtlebot_msgs/msg/detail/wheel_commands__description.c.o[0m
[2.480s] [ 22%] [32m[1mLinking C shared library libnuturtlebot_msgs__rosidl_generator_c.so[0m
[2.505s] [ 22%] Built target nuturtlebot_msgs__rosidl_generator_c
[2.516s] [ 27%] [34m[1mGenerating C++ introspection for ROS interfaces[0m
[2.516s] [ 27%] [34m[1mGenerating C++ type support dispatch for ROS interfaces[0m
[2.516s] [ 34%] [34m[1mGenerating C++ type support for eProsima Fast-RTPS[0m
[2.516s] [ 34%] [34m[1mGenerating C type support for eProsima Fast-RTPS[0m
[2.517s] [ 34%] [34m[1mGenerating C type support dispatch for ROS interfaces[0m
[2.517s] [ 36%] [34m[1mGenerating C introspection for ROS interfaces[0m
[2.708s] [ 40%] [32mBuilding CXX object CMakeFiles/nuturtlebot_msgs__rosidl_typesupport_c.dir/rosidl_typesupport_c/nuturtlebot_msgs/msg/sensor_data__type_support.cpp.o[0m
[2.708s] [ 40%] [32mBuilding CXX object CMakeFiles/nuturtlebot_msgs__rosidl_typesupport_c.dir/rosidl_typesupport_c/nuturtlebot_msgs/msg/wheel_commands__type_support.cpp.o[0m
[2.714s] [ 47%] [32mBuilding C object CMakeFiles/nuturtlebot_msgs__rosidl_typesupport_introspection_c.dir/rosidl_typesupport_introspection_c/nuturtlebot_msgs/msg/detail/sensor_data__type_support.c.o[0m
[2.714s] [ 47%] [32mBuilding CXX object CMakeFiles/nuturtlebot_msgs__rosidl_typesupport_introspection_cpp.dir/rosidl_typesupport_introspection_cpp/nuturtlebot_msgs/msg/detail/wheel_commands__type_support.cpp.o[0m
[2.714s] [ 47%] [32mBuilding CXX object CMakeFiles/nuturtlebot_msgs__rosidl_typesupport_introspection_cpp.dir/rosidl_typesupport_introspection_cpp/nuturtlebot_msgs/msg/detail/sensor_data__type_support.cpp.o[0m
[2.714s] [ 50%] [32mBuilding C object CMakeFiles/nuturtlebot_msgs__rosidl_typesupport_introspection_c.dir/rosidl_typesupport_introspection_c/nuturtlebot_msgs/msg/detail/wheel_commands__type_support.c.o[0m
[2.719s] [ 54%] [32mBuilding CXX object CMakeFiles/nuturtlebot_msgs__rosidl_typesupport_cpp.dir/rosidl_typesupport_cpp/nuturtlebot_msgs/msg/sensor_data__type_support.cpp.o[0m
[2.720s] [ 54%] [32mBuilding CXX object CMakeFiles/nuturtlebot_msgs__rosidl_typesupport_cpp.dir/rosidl_typesupport_cpp/nuturtlebot_msgs/msg/wheel_commands__type_support.cpp.o[0m
[2.731s] [ 61%] [32mBuilding CXX object CMakeFiles/nuturtlebot_msgs__rosidl_typesupport_fastrtps_cpp.dir/rosidl_typesupport_fastrtps_cpp/nuturtlebot_msgs/msg/detail/dds_fastrtps/sensor_data__type_support.cpp.o[0m
[2.731s] [ 61%] [32mBuilding CXX object CMakeFiles/nuturtlebot_msgs__rosidl_typesupport_fastrtps_c.dir/rosidl_typesupport_fastrtps_c/nuturtlebot_msgs/msg/detail/sensor_data__type_support_c.cpp.o[0m
[2.731s] [ 61%] [32mBuilding CXX object CMakeFiles/nuturtlebot_msgs__rosidl_typesupport_fastrtps_c.dir/rosidl_typesupport_fastrtps_c/nuturtlebot_msgs/msg/detail/wheel_commands__type_support_c.cpp.o[0m
[2.731s] [ 63%] [32mBuilding CXX object CMakeFiles/nuturtlebot_msgs__rosidl_typesupport_fastrtps_cpp.dir/rosidl_typesupport_fastrtps_cpp/nuturtlebot_msgs/msg/detail/dds_fastrtps/wheel_commands__type_support.cpp.o[0m
[2.743s] [ 65%] [32m[1mLinking C shared library libnuturtlebot_msgs__rosidl_typesupport_introspection_c.so[0m
[2.749s] [ 68%] [32m[1mLinking CXX shared library libnuturtlebot_msgs__rosidl_typesupport_c.so[0m
[2.768s] [ 68%] Built target nuturtlebot_msgs__rosidl_typesupport_introspection_c
[2.784s] [ 68%] Built target nuturtlebot_msgs__rosidl_typesupport_c
[2.940s] [ 70%] [32m[1mLinking CXX shared library libnuturtlebot_msgs__rosidl_typesupport_introspection_cpp.so[0m
[2.989s] [ 70%] Built target nuturtlebot_msgs__rosidl_typesupport_introspection_cpp
[3.005s] [ 72%] [32m[1mLinking CXX shared library libnuturtlebot_msgs__rosidl_typesupport_cpp.so[0m
[3.032s] [ 75%] [32m[1mLinking CXX shared library libnuturtlebot_msgs__rosidl_typesupport_fastrtps_c.so[0m
[3.033s] [ 75%] Built target nuturtlebot_msgs__rosidl_typesupport_cpp
[3.044s] [ 77%] [32m[1mLinking CXX shared library libnuturtlebot_msgs__rosidl_typesupport_fastrtps_cpp.so[0m
[3.061s] [ 77%] Built target nuturtlebot_msgs__rosidl_typesupport_fastrtps_c
[3.080s] [ 77%] Built target nuturtlebot_msgs__rosidl_typesupport_fastrtps_cpp
[3.101s] [ 77%] Built target nuturtlebot_msgs
[3.120s] [ 79%] [34m[1mGenerating Python code for ROS interfaces[0m
[3.383s] [ 79%] Built target nuturtlebot_msgs__py
[3.397s] [ 84%] [32mBuilding C object CMakeFiles/nuturtlebot_msgs__rosidl_generator_py.dir/rosidl_generator_py/nuturtlebot_msgs/msg/_wheel_commands_s.c.o[0m
[3.397s] [ 84%] [32mBuilding C object CMakeFiles/nuturtlebot_msgs__rosidl_generator_py.dir/rosidl_generator_py/nuturtlebot_msgs/msg/_sensor_data_s.c.o[0m
[3.474s] [ 86%] [32m[1mLinking C shared library libnuturtlebot_msgs__rosidl_generator_py.so[0m
[3.504s] [ 86%] Built target nuturtlebot_msgs__rosidl_generator_py
[3.524s] [ 88%] [32mBuilding C object CMakeFiles/nuturtlebot_msgs_s__rosidl_typesupport_fastrtps_c.dir/rosidl_generator_py/nuturtlebot_msgs/_nuturtlebot_msgs_s.ep.rosidl_typesupport_fastrtps_c.c.o[0m
[3.525s] [ 90%] [32mBuilding C object CMakeFiles/nuturtlebot_msgs_s__rosidl_typesupport_introspection_c.dir/rosidl_generator_py/nuturtlebot_msgs/_nuturtlebot_msgs_s.ep.rosidl_typesupport_introspection_c.c.o[0m
[3.526s] [ 93%] [32mBuilding C object CMakeFiles/nuturtlebot_msgs_s__rosidl_typesupport_c.dir/rosidl_generator_py/nuturtlebot_msgs/_nuturtlebot_msgs_s.ep.rosidl_typesupport_c.c.o[0m
[3.587s] [ 95%] [32m[1mLinking C shared module rosidl_generator_py/nuturtlebot_msgs/nuturtlebot_msgs_s__rosidl_typesupport_introspection_c.so[0m
[3.587s] [ 97%] [32m[1mLinking C shared module rosidl_generator_py/nuturtlebot_msgs/nuturtlebot_msgs_s__rosidl_typesupport_c.so[0m
[3.587s] [100%] [32m[1mLinking C shared module rosidl_generator_py/nuturtlebot_msgs/nuturtlebot_msgs_s__rosidl_typesupport_fastrtps_c.so[0m
[3.612s] [100%] Built target nuturtlebot_msgs_s__rosidl_typesupport_c
[3.614s] [100%] Built target nuturtlebot_msgs_s__rosidl_typesupport_fastrtps_c
[3.614s] [100%] Built target nuturtlebot_msgs_s__rosidl_typesupport_introspection_c
[3.625s] Invoked command in '/home/catherine-maglione/yolo_backup/build/nuturtlebot_msgs' returned '0': CMAKE_PREFIX_PATH=${CMAKE_PREFIX_PATH}:/home/catherine-maglione/yolo_backup/install/me495_yolo:/home/catherine-maglione/yolo_home/src/me495_yolo/install/me495_yolo:/opt/ros/jazzy /usr/bin/cmake --build /home/catherine-maglione/yolo_backup/build/nuturtlebot_msgs -- -j32 -l32
[3.739s] Invoking command in '/home/catherine-maglione/yolo_backup/build/nuturtlebot_msgs': CMAKE_PREFIX_PATH=${CMAKE_PREFIX_PATH}:/home/catherine-maglione/yolo_backup/install/me495_yolo:/home/catherine-maglione/yolo_home/src/me495_yolo/install/me495_yolo:/opt/ros/jazzy /usr/bin/cmake --install /home/catherine-maglione/yolo_backup/build/nuturtlebot_msgs
[3.747s] -- Install configuration: ""
[3.747s] -- Installing: /home/catherine-maglione/yolo_backup/install/nuturtlebot_msgs/share/ament_index/resource_index/rosidl_interfaces/nuturtlebot_msgs
[3.748s] -- Installing: /home/catherine-maglione/yolo_backup/install/nuturtlebot_msgs/share/nuturtlebot_msgs/msg/SensorData.json
[3.748s] -- Installing: /home/catherine-maglione/yolo_backup/install/nuturtlebot_msgs/share/nuturtlebot_msgs/msg/WheelCommands.json
[3.748s] -- Installing: /home/catherine-maglione/yolo_backup/install/nuturtlebot_msgs/include/nuturtlebot_msgs/nuturtlebot_msgs
[3.748s] -- Installing: /home/catherine-maglione/yolo_backup/install/nuturtlebot_msgs/include/nuturtlebot_msgs/nuturtlebot_msgs/msg
[3.748s] -- Installing: /home/catherine-maglione/yolo_backup/install/nuturtlebot_msgs/include/nuturtlebot_msgs/nuturtlebot_msgs/msg/rosidl_generator_c__visibility_control.h
[3.748s] -- Installing: /home/catherine-maglione/yolo_backup/install/nuturtlebot_msgs/include/nuturtlebot_msgs/nuturtlebot_msgs/msg/detail
[3.748s] -- Installing: /home/catherine-maglione/yolo_backup/install/nuturtlebot_msgs/include/nuturtlebot_msgs/nuturtlebot_msgs/msg/detail/sensor_data__type_support.c
[3.748s] -- Installing: /home/catherine-maglione/yolo_backup/install/nuturtlebot_msgs/include/nuturtlebot_msgs/nuturtlebot_msgs/msg/detail/sensor_data__struct.h
[3.748s] -- Installing: /home/catherine-maglione/yolo_backup/install/nuturtlebot_msgs/include/nuturtlebot_msgs/nuturtlebot_msgs/msg/detail/sensor_data__description.c
[3.748s] -- Installing: /home/catherine-maglione/yolo_backup/install/nuturtlebot_msgs/include/nuturtlebot_msgs/nuturtlebot_msgs/msg/detail/wheel_commands__type_support.c
[3.748s] -- Installing: /home/catherine-maglione/yolo_backup/install/nuturtlebot_msgs/include/nuturtlebot_msgs/nuturtlebot_msgs/msg/detail/sensor_data__functions.c
[3.748s] -- Installing: /home/catherine-maglione/yolo_backup/install/nuturtlebot_msgs/include/nuturtlebot_msgs/nuturtlebot_msgs/msg/detail/wheel_commands__functions.h
[3.748s] -- Installing: /home/catherine-maglione/yolo_backup/install/nuturtlebot_msgs/include/nuturtlebot_msgs/nuturtlebot_msgs/msg/detail/sensor_data__functions.h
[3.748s] -- Installing: /home/catherine-maglione/yolo_backup/install/nuturtlebot_msgs/include/nuturtlebot_msgs/nuturtlebot_msgs/msg/detail/wheel_commands__description.c
[3.748s] -- Installing: /home/catherine-maglione/yolo_backup/install/nuturtlebot_msgs/include/nuturtlebot_msgs/nuturtlebot_msgs/msg/detail/wheel_commands__struct.h
[3.748s] -- Installing: /home/catherine-maglione/yolo_backup/install/nuturtlebot_msgs/include/nuturtlebot_msgs/nuturtlebot_msgs/msg/detail/sensor_data__type_support.h
[3.748s] -- Installing: /home/catherine-maglione/yolo_backup/install/nuturtlebot_msgs/include/nuturtlebot_msgs/nuturtlebot_msgs/msg/detail/wheel_commands__type_support.h
[3.748s] -- Installing: /home/catherine-maglione/yolo_backup/install/nuturtlebot_msgs/include/nuturtlebot_msgs/nuturtlebot_msgs/msg/detail/wheel_commands__functions.c
[3.748s] -- Installing: /home/catherine-maglione/yolo_backup/install/nuturtlebot_msgs/include/nuturtlebot_msgs/nuturtlebot_msgs/msg/sensor_data.h
[3.748s] -- Installing: /home/catherine-maglione/yolo_backup/install/nuturtlebot_msgs/include/nuturtlebot_msgs/nuturtlebot_msgs/msg/wheel_commands.h
[3.748s] -- Installing: /home/catherine-maglione/yolo_backup/install/nuturtlebot_msgs/share/nuturtlebot_msgs/environment/library_path.sh
[3.748s] -- Installing: /home/catherine-maglione/yolo_backup/install/nuturtlebot_msgs/share/nuturtlebot_msgs/environment/library_path.dsv
[3.748s] -- Installing: /home/catherine-maglione/yolo_backup/install/nuturtlebot_msgs/lib/libnuturtlebot_msgs__rosidl_generator_c.so
[3.748s] -- Set non-toolchain portion of runtime path of "/home/catherine-maglione/yolo_backup/install/nuturtlebot_msgs/lib/libnuturtlebot_msgs__rosidl_generator_c.so" to ""
[3.748s] -- Up-to-date: /home/catherine-maglione/yolo_backup/install/nuturtlebot_msgs/include/nuturtlebot_msgs/nuturtlebot_msgs
[3.748s] -- Up-to-date: /home/catherine-maglione/yolo_backup/install/nuturtlebot_msgs/include/nuturtlebot_msgs/nuturtlebot_msgs/msg
[3.748s] -- Up-to-date: /home/catherine-maglione/yolo_backup/install/nuturtlebot_msgs/include/nuturtlebot_msgs/nuturtlebot_msgs/msg/detail
[3.748s] -- Installing: /home/catherine-maglione/yolo_backup/install/nuturtlebot_msgs/include/nuturtlebot_msgs/nuturtlebot_msgs/msg/detail/wheel_commands__rosidl_typesupport_fastrtps_c.h
[3.749s] -- Installing: /home/catherine-maglione/yolo_backup/install/nuturtlebot_msgs/include/nuturtlebot_msgs/nuturtlebot_msgs/msg/detail/sensor_data__rosidl_typesupport_fastrtps_c.h
[3.749s] -- Installing: /home/catherine-maglione/yolo_backup/install/nuturtlebot_msgs/include/nuturtlebot_msgs/nuturtlebot_msgs/msg/rosidl_typesupport_fastrtps_c__visibility_control.h
[3.749s] -- Installing: /home/catherine-maglione/yolo_backup/install/nuturtlebot_msgs/lib/libnuturtlebot_msgs__rosidl_typesupport_fastrtps_c.so
[3.749s] -- Set non-toolchain portion of runtime path of "/home/catherine-maglione/yolo_backup/install/nuturtlebot_msgs/lib/libnuturtlebot_msgs__rosidl_typesupport_fastrtps_c.so" to ""
[3.749s] -- Up-to-date: /home/catherine-maglione/yolo_backup/install/nuturtlebot_msgs/include/nuturtlebot_msgs/nuturtlebot_msgs
[3.749s] -- Up-to-date: /home/catherine-maglione/yolo_backup/install/nuturtlebot_msgs/include/nuturtlebot_msgs/nuturtlebot_msgs/msg
[3.749s] -- Up-to-date: /home/catherine-maglione/yolo_backup/install/nuturtlebot_msgs/include/nuturtlebot_msgs/nuturtlebot_msgs/msg/detail
[3.749s] -- Installing: /home/catherine-maglione/yolo_backup/install/nuturtlebot_msgs/include/nuturtlebot_msgs/nuturtlebot_msgs/msg/detail/wheel_commands__type_support.hpp
[3.749s] -- Installing: /home/catherine-maglione/yolo_backup/install/nuturtlebot_msgs/include/nuturtlebot_msgs/nuturtlebot_msgs/msg/detail/wheel_commands__builder.hpp
[3.749s] -- Installing: /home/catherine-maglione/yolo_backup/install/nuturtlebot_msgs/include/nuturtlebot_msgs/nuturtlebot_msgs/msg/detail/sensor_data__traits.hpp
[3.749s] -- Installing: /home/catherine-maglione/yolo_backup/install/nuturtlebot_msgs/include/nuturtlebot_msgs/nuturtlebot_msgs/msg/detail/sensor_data__type_support.hpp
[3.749s] -- Installing: /home/catherine-maglione/yolo_backup/install/nuturtlebot_msgs/include/nuturtlebot_msgs/nuturtlebot_msgs/msg/detail/wheel_commands__struct.hpp
[3.749s] -- Installing: /home/catherine-maglione/yolo_backup/install/nuturtlebot_msgs/include/nuturtlebot_msgs/nuturtlebot_msgs/msg/detail/wheel_commands__traits.hpp
[3.749s] -- Installing: /home/catherine-maglione/yolo_backup/install/nuturtlebot_msgs/include/nuturtlebot_msgs/nuturtlebot_msgs/msg/detail/sensor_data__struct.hpp
[3.749s] -- Installing: /home/catherine-maglione/yolo_backup/install/nuturtlebot_msgs/include/nuturtlebot_msgs/nuturtlebot_msgs/msg/detail/sensor_data__builder.hpp
[3.749s] -- Installing: /home/catherine-maglione/yolo_backup/install/nuturtlebot_msgs/include/nuturtlebot_msgs/nuturtlebot_msgs/msg/rosidl_generator_cpp__visibility_control.hpp
[3.749s] -- Installing: /home/catherine-maglione/yolo_backup/install/nuturtlebot_msgs/include/nuturtlebot_msgs/nuturtlebot_msgs/msg/wheel_commands.hpp
[3.749s] -- Installing: /home/catherine-maglione/yolo_backup/install/nuturtlebot_msgs/include/nuturtlebot_msgs/nuturtlebot_msgs/msg/sensor_data.hpp
[3.749s] -- Up-to-date: /home/catherine-maglione/yolo_backup/install/nuturtlebot_msgs/include/nuturtlebot_msgs/nuturtlebot_msgs
[3.749s] -- Up-to-date: /home/catherine-maglione/yolo_backup/install/nuturtlebot_msgs/include/nuturtlebot_msgs/nuturtlebot_msgs/msg
[3.749s] -- Up-to-date: /home/catherine-maglione/yolo_backup/install/nuturtlebot_msgs/include/nuturtlebot_msgs/nuturtlebot_msgs/msg/detail
[3.749s] -- Installing: /home/catherine-maglione/yolo_backup/install/nuturtlebot_msgs/include/nuturtlebot_msgs/nuturtlebot_msgs/msg/detail/dds_fastrtps
[3.749s] -- Installing: /home/catherine-maglione/yolo_backup/install/nuturtlebot_msgs/include/nuturtlebot_msgs/nuturtlebot_msgs/msg/detail/wheel_commands__rosidl_typesupport_fastrtps_cpp.hpp
[3.749s] -- Installing: /home/catherine-maglione/yolo_backup/install/nuturtlebot_msgs/include/nuturtlebot_msgs/nuturtlebot_msgs/msg/detail/sensor_data__rosidl_typesupport_fastrtps_cpp.hpp
[3.749s] -- Installing: /home/catherine-maglione/yolo_backup/install/nuturtlebot_msgs/include/nuturtlebot_msgs/nuturtlebot_msgs/msg/rosidl_typesupport_fastrtps_cpp__visibility_control.h
[3.749s] -- Installing: /home/catherine-maglione/yolo_backup/install/nuturtlebot_msgs/lib/libnuturtlebot_msgs__rosidl_typesupport_fastrtps_cpp.so
[3.749s] -- Set non-toolchain portion of runtime path of "/home/catherine-maglione/yolo_backup/install/nuturtlebot_msgs/lib/libnuturtlebot_msgs__rosidl_typesupport_fastrtps_cpp.so" to ""
[3.749s] -- Up-to-date: /home/catherine-maglione/yolo_backup/install/nuturtlebot_msgs/include/nuturtlebot_msgs/nuturtlebot_msgs
[3.749s] -- Up-to-date: /home/catherine-maglione/yolo_backup/install/nuturtlebot_msgs/include/nuturtlebot_msgs/nuturtlebot_msgs/msg
[3.750s] -- Up-to-date: /home/catherine-maglione/yolo_backup/install/nuturtlebot_msgs/include/nuturtlebot_msgs/nuturtlebot_msgs/msg/detail
[3.750s] -- Up-to-date: /home/catherine-maglione/yolo_backup/install/nuturtlebot_msgs/include/nuturtlebot_msgs/nuturtlebot_msgs/msg/detail/sensor_data__type_support.c
[3.750s] -- Up-to-date: /home/catherine-maglione/yolo_backup/install/nuturtlebot_msgs/include/nuturtlebot_msgs/nuturtlebot_msgs/msg/detail/wheel_commands__type_support.c
[3.750s] -- Installing: /home/catherine-maglione/yolo_backup/install/nuturtlebot_msgs/include/nuturtlebot_msgs/nuturtlebot_msgs/msg/detail/sensor_data__rosidl_typesupport_introspection_c.h
[3.750s] -- Installing: /home/catherine-maglione/yolo_backup/install/nuturtlebot_msgs/include/nuturtlebot_msgs/nuturtlebot_msgs/msg/detail/wheel_commands__rosidl_typesupport_introspection_c.h
[3.750s] -- Installing: /home/catherine-maglione/yolo_backup/install/nuturtlebot_msgs/include/nuturtlebot_msgs/nuturtlebot_msgs/msg/rosidl_typesupport_introspection_c__visibility_control.h
[3.750s] -- Installing: /home/catherine-maglione/yolo_backup/install/nuturtlebot_msgs/lib/libnuturtlebot_msgs__rosidl_typesupport_introspection_c.so
[3.750s] -- Set non-toolchain portion of runtime path of "/home/catherine-maglione/yolo_backup/install/nuturtlebot_msgs/lib/libnuturtlebot_msgs__rosidl_typesupport_introspection_c.so" to ""
[3.750s] -- Installing: /home/catherine-maglione/yolo_backup/install/nuturtlebot_msgs/lib/libnuturtlebot_msgs__rosidl_typesupport_c.so
[3.750s] -- Set non-toolchain portion of runtime path of "/home/catherine-maglione/yolo_backup/install/nuturtlebot_msgs/lib/libnuturtlebot_msgs__rosidl_typesupport_c.so" to ""
[3.750s] -- Up-to-date: /home/catherine-maglione/yolo_backup/install/nuturtlebot_msgs/include/nuturtlebot_msgs/nuturtlebot_msgs
[3.750s] -- Up-to-date: /home/catherine-maglione/yolo_backup/install/nuturtlebot_msgs/include/nuturtlebot_msgs/nuturtlebot_msgs/msg
[3.750s] -- Up-to-date: /home/catherine-maglione/yolo_backup/install/nuturtlebot_msgs/include/nuturtlebot_msgs/nuturtlebot_msgs/msg/detail
[3.750s] -- Installing: /home/catherine-maglione/yolo_backup/install/nuturtlebot_msgs/include/nuturtlebot_msgs/nuturtlebot_msgs/msg/detail/wheel_commands__type_support.cpp
[3.750s] -- Installing: /home/catherine-maglione/yolo_backup/install/nuturtlebot_msgs/include/nuturtlebot_msgs/nuturtlebot_msgs/msg/detail/sensor_data__rosidl_typesupport_introspection_cpp.hpp
[3.750s] -- Installing: /home/catherine-maglione/yolo_backup/install/nuturtlebot_msgs/include/nuturtlebot_msgs/nuturtlebot_msgs/msg/detail/wheel_commands__rosidl_typesupport_introspection_cpp.hpp
[3.750s] -- Installing: /home/catherine-maglione/yolo_backup/install/nuturtlebot_msgs/include/nuturtlebot_msgs/nuturtlebot_msgs/msg/detail/sensor_data__type_support.cpp
[3.750s] -- Installing: /home/catherine-maglione/yolo_backup/install/nuturtlebot_msgs/lib/libnuturtlebot_msgs__rosidl_typesupport_introspection_cpp.so
[3.750s] -- Set non-toolchain portion of runtime path of "/home/catherine-maglione/yolo_backup/install/nuturtlebot_msgs/lib/libnuturtlebot_msgs__rosidl_typesupport_introspection_cpp.so" to ""
[3.750s] -- Installing: /home/catherine-maglione/yolo_backup/install/nuturtlebot_msgs/lib/libnuturtlebot_msgs__rosidl_typesupport_cpp.so
[3.750s] -- Set non-toolchain portion of runtime path of "/home/catherine-maglione/yolo_backup/install/nuturtlebot_msgs/lib/libnuturtlebot_msgs__rosidl_typesupport_cpp.so" to ""
[3.750s] -- Installing: /home/catherine-maglione/yolo_backup/install/nuturtlebot_msgs/share/nuturtlebot_msgs/environment/pythonpath.sh
[3.750s] -- Installing: /home/catherine-maglione/yolo_backup/install/nuturtlebot_msgs/share/nuturtlebot_msgs/environment/pythonpath.dsv
[3.750s] -- Installing: /home/catherine-maglione/yolo_backup/install/nuturtlebot_msgs/lib/python3.12/site-packages/nuturtlebot_msgs-0.0.2-py3.12.egg-info
[3.750s] -- Installing: /home/catherine-maglione/yolo_backup/install/nuturtlebot_msgs/lib/python3.12/site-packages/nuturtlebot_msgs-0.0.2-py3.12.egg-info/SOURCES.txt
[3.750s] -- Installing: /home/catherine-maglione/yolo_backup/install/nuturtlebot_msgs/lib/python3.12/site-packages/nuturtlebot_msgs-0.0.2-py3.12.egg-info/dependency_links.txt
[3.750s] -- Installing: /home/catherine-maglione/yolo_backup/install/nuturtlebot_msgs/lib/python3.12/site-packages/nuturtlebot_msgs-0.0.2-py3.12.egg-info/PKG-INFO
[3.751s] -- Installing: /home/catherine-maglione/yolo_backup/install/nuturtlebot_msgs/lib/python3.12/site-packages/nuturtlebot_msgs-0.0.2-py3.12.egg-info/top_level.txt
[3.751s] -- Installing: /home/catherine-maglione/yolo_backup/install/nuturtlebot_msgs/lib/python3.12/site-packages/nuturtlebot_msgs
[3.751s] -- Installing: /home/catherine-maglione/yolo_backup/install/nuturtlebot_msgs/lib/python3.12/site-packages/nuturtlebot_msgs/_nuturtlebot_msgs_s.ep.rosidl_typesupport_c.c
[3.751s] -- Installing: /home/catherine-maglione/yolo_backup/install/nuturtlebot_msgs/lib/python3.12/site-packages/nuturtlebot_msgs/msg
[3.751s] -- Installing: /home/catherine-maglione/yolo_backup/install/nuturtlebot_msgs/lib/python3.12/site-packages/nuturtlebot_msgs/msg/_sensor_data.py
[3.751s] -- Installing: /home/catherine-maglione/yolo_backup/install/nuturtlebot_msgs/lib/python3.12/site-packages/nuturtlebot_msgs/msg/_wheel_commands_s.c
[3.751s] -- Installing: /home/catherine-maglione/yolo_backup/install/nuturtlebot_msgs/lib/python3.12/site-packages/nuturtlebot_msgs/msg/_wheel_commands.py
[3.751s] -- Installing: /home/catherine-maglione/yolo_backup/install/nuturtlebot_msgs/lib/python3.12/site-packages/nuturtlebot_msgs/msg/_sensor_data_s.c
[3.751s] -- Installing: /home/catherine-maglione/yolo_backup/install/nuturtlebot_msgs/lib/python3.12/site-packages/nuturtlebot_msgs/msg/__init__.py
[3.751s] -- Installing: /home/catherine-maglione/yolo_backup/install/nuturtlebot_msgs/lib/python3.12/site-packages/nuturtlebot_msgs/nuturtlebot_msgs_s__rosidl_typesupport_c.so
[3.751s] -- Installing: /home/catherine-maglione/yolo_backup/install/nuturtlebot_msgs/lib/python3.12/site-packages/nuturtlebot_msgs/nuturtlebot_msgs_s__rosidl_typesupport_introspection_c.so
[3.751s] -- Installing: /home/catherine-maglione/yolo_backup/install/nuturtlebot_msgs/lib/python3.12/site-packages/nuturtlebot_msgs/nuturtlebot_msgs_s__rosidl_typesupport_fastrtps_c.so
[3.751s] -- Installing: /home/catherine-maglione/yolo_backup/install/nuturtlebot_msgs/lib/python3.12/site-packages/nuturtlebot_msgs/_nuturtlebot_msgs_s.ep.rosidl_typesupport_introspection_c.c
[3.751s] -- Installing: /home/catherine-maglione/yolo_backup/install/nuturtlebot_msgs/lib/python3.12/site-packages/nuturtlebot_msgs/__init__.py
[3.751s] -- Installing: /home/catherine-maglione/yolo_backup/install/nuturtlebot_msgs/lib/python3.12/site-packages/nuturtlebot_msgs/_nuturtlebot_msgs_s.ep.rosidl_typesupport_fastrtps_c.c
[3.772s] Listing '/home/catherine-maglione/yolo_backup/install/nuturtlebot_msgs/lib/python3.12/site-packages/nuturtlebot_msgs'...
[3.772s] Compiling '/home/catherine-maglione/yolo_backup/install/nuturtlebot_msgs/lib/python3.12/site-packages/nuturtlebot_msgs/__init__.py'...
[3.772s] Listing '/home/catherine-maglione/yolo_backup/install/nuturtlebot_msgs/lib/python3.12/site-packages/nuturtlebot_msgs/msg'...
[3.772s] Compiling '/home/catherine-maglione/yolo_backup/install/nuturtlebot_msgs/lib/python3.12/site-packages/nuturtlebot_msgs/msg/__init__.py'...
[3.772s] Compiling '/home/catherine-maglione/yolo_backup/install/nuturtlebot_msgs/lib/python3.12/site-packages/nuturtlebot_msgs/msg/_sensor_data.py'...
[3.772s] Compiling '/home/catherine-maglione/yolo_backup/install/nuturtlebot_msgs/lib/python3.12/site-packages/nuturtlebot_msgs/msg/_wheel_commands.py'...
[3.775s] -- Installing: /home/catherine-maglione/yolo_backup/install/nuturtlebot_msgs/lib/python3.12/site-packages/nuturtlebot_msgs/nuturtlebot_msgs_s__rosidl_typesupport_fastrtps_c.so
[3.775s] -- Set non-toolchain portion of runtime path of "/home/catherine-maglione/yolo_backup/install/nuturtlebot_msgs/lib/python3.12/site-packages/nuturtlebot_msgs/nuturtlebot_msgs_s__rosidl_typesupport_fastrtps_c.so" to ""
[3.775s] -- Installing: /home/catherine-maglione/yolo_backup/install/nuturtlebot_msgs/lib/python3.12/site-packages/nuturtlebot_msgs/nuturtlebot_msgs_s__rosidl_typesupport_introspection_c.so
[3.775s] -- Set non-toolchain portion of runtime path of "/home/catherine-maglione/yolo_backup/install/nuturtlebot_msgs/lib/python3.12/site-packages/nuturtlebot_msgs/nuturtlebot_msgs_s__rosidl_typesupport_introspection_c.so" to ""
[3.775s] -- Installing: /home/catherine-maglione/yolo_backup/install/nuturtlebot_msgs/lib/python3.12/site-packages/nuturtlebot_msgs/nuturtlebot_msgs_s__rosidl_typesupport_c.so
[3.775s] -- Set non-toolchain portion of runtime path of "/home/catherine-maglione/yolo_backup/install/nuturtlebot_msgs/lib/python3.12/site-packages/nuturtlebot_msgs/nuturtlebot_msgs_s__rosidl_typesupport_c.so" to ""
[3.775s] -- Installing: /home/catherine-maglione/yolo_backup/install/nuturtlebot_msgs/lib/libnuturtlebot_msgs__rosidl_generator_py.so
[3.775s] -- Set non-toolchain portion of runtime path of "/home/catherine-maglione/yolo_backup/install/nuturtlebot_msgs/lib/libnuturtlebot_msgs__rosidl_generator_py.so" to ""
[3.775s] -- Installing: /home/catherine-maglione/yolo_backup/install/nuturtlebot_msgs/share/nuturtlebot_msgs/msg/SensorData.idl
[3.776s] -- Installing: /home/catherine-maglione/yolo_backup/install/nuturtlebot_msgs/share/nuturtlebot_msgs/msg/WheelCommands.idl
[3.776s] -- Installing: /home/catherine-maglione/yolo_backup/install/nuturtlebot_msgs/share/nuturtlebot_msgs/msg/SensorData.msg
[3.776s] -- Installing: /home/catherine-maglione/yolo_backup/install/nuturtlebot_msgs/share/nuturtlebot_msgs/msg/WheelCommands.msg
[3.776s] -- Installing: /home/catherine-maglione/yolo_backup/install/nuturtlebot_msgs/share/ament_index/resource_index/package_run_dependencies/nuturtlebot_msgs
[3.776s] -- Installing: /home/catherine-maglione/yolo_backup/install/nuturtlebot_msgs/share/ament_index/resource_index/parent_prefix_path/nuturtlebot_msgs
[3.776s] -- Installing: /home/catherine-maglione/yolo_backup/install/nuturtlebot_msgs/share/nuturtlebot_msgs/environment/ament_prefix_path.sh
[3.776s] -- Installing: /home/catherine-maglione/yolo_backup/install/nuturtlebot_msgs/share/nuturtlebot_msgs/environment/ament_prefix_path.dsv
[3.776s] -- Installing: /home/catherine-maglione/yolo_backup/install/nuturtlebot_msgs/share/nuturtlebot_msgs/environment/path.sh
[3.776s] -- Installing: /home/catherine-maglione/yolo_backup/install/nuturtlebot_msgs/share/nuturtlebot_msgs/environment/path.dsv
[3.776s] -- Installing: /home/catherine-maglione/yolo_backup/install/nuturtlebot_msgs/share/nuturtlebot_msgs/local_setup.bash
[3.776s] -- Installing: /home/catherine-maglione/yolo_backup/install/nuturtlebot_msgs/share/nuturtlebot_msgs/local_setup.sh
[3.776s] -- Installing: /home/catherine-maglione/yolo_backup/install/nuturtlebot_msgs/share/nuturtlebot_msgs/local_setup.zsh
[3.776s] -- Installing: /home/catherine-maglione/yolo_backup/install/nuturtlebot_msgs/share/nuturtlebot_msgs/local_setup.dsv
[3.776s] -- Installing: /home/catherine-maglione/yolo_backup/install/nuturtlebot_msgs/share/nuturtlebot_msgs/package.dsv
[3.776s] -- Installing: /home/catherine-maglione/yolo_backup/install/nuturtlebot_msgs/share/ament_index/resource_index/packages/nuturtlebot_msgs
[3.776s] -- Installing: /home/catherine-maglione/yolo_backup/install/nuturtlebot_msgs/share/nuturtlebot_msgs/cmake/export_nuturtlebot_msgs__rosidl_generator_cExport.cmake
[3.776s] -- Installing: /home/catherine-maglione/yolo_backup/install/nuturtlebot_msgs/share/nuturtlebot_msgs/cmake/export_nuturtlebot_msgs__rosidl_generator_cExport-noconfig.cmake
[3.776s] -- Installing: /home/catherine-maglione/yolo_backup/install/nuturtlebot_msgs/share/nuturtlebot_msgs/cmake/export_nuturtlebot_msgs__rosidl_typesupport_fastrtps_cExport.cmake
[3.776s] -- Installing: /home/catherine-maglione/yolo_backup/install/nuturtlebot_msgs/share/nuturtlebot_msgs/cmake/export_nuturtlebot_msgs__rosidl_typesupport_fastrtps_cExport-noconfig.cmake
[3.776s] -- Installing: /home/catherine-maglione/yolo_backup/install/nuturtlebot_msgs/share/nuturtlebot_msgs/cmake/export_nuturtlebot_msgs__rosidl_generator_cppExport.cmake
[3.777s] -- Installing: /home/catherine-maglione/yolo_backup/install/nuturtlebot_msgs/share/nuturtlebot_msgs/cmake/export_nuturtlebot_msgs__rosidl_typesupport_fastrtps_cppExport.cmake
[3.777s] -- Installing: /home/catherine-maglione/yolo_backup/install/nuturtlebot_msgs/share/nuturtlebot_msgs/cmake/export_nuturtlebot_msgs__rosidl_typesupport_fastrtps_cppExport-noconfig.cmake
[3.777s] -- Installing: /home/catherine-maglione/yolo_backup/install/nuturtlebot_msgs/share/nuturtlebot_msgs/cmake/nuturtlebot_msgs__rosidl_typesupport_introspection_cExport.cmake
[3.777s] -- Installing: /home/catherine-maglione/yolo_backup/install/nuturtlebot_msgs/share/nuturtlebot_msgs/cmake/nuturtlebot_msgs__rosidl_typesupport_introspection_cExport-noconfig.cmake
[3.777s] -- Installing: /home/catherine-maglione/yolo_backup/install/nuturtlebot_msgs/share/nuturtlebot_msgs/cmake/nuturtlebot_msgs__rosidl_typesupport_cExport.cmake
[3.777s] -- Installing: /home/catherine-maglione/yolo_backup/install/nuturtlebot_msgs/share/nuturtlebot_msgs/cmake/nuturtlebot_msgs__rosidl_typesupport_cExport-noconfig.cmake
[3.777s] -- Installing: /home/catherine-maglione/yolo_backup/install/nuturtlebot_msgs/share/nuturtlebot_msgs/cmake/nuturtlebot_msgs__rosidl_typesupport_introspection_cppExport.cmake
[3.777s] -- Installing: /home/catherine-maglione/yolo_backup/install/nuturtlebot_msgs/share/nuturtlebot_msgs/cmake/nuturtlebot_msgs__rosidl_typesupport_introspection_cppExport-noconfig.cmake
[3.777s] -- Installing: /home/catherine-maglione/yolo_backup/install/nuturtlebot_msgs/share/nuturtlebot_msgs/cmake/nuturtlebot_msgs__rosidl_typesupport_cppExport.cmake
[3.777s] -- Installing: /home/catherine-maglione/yolo_backup/install/nuturtlebot_msgs/share/nuturtlebot_msgs/cmake/nuturtlebot_msgs__rosidl_typesupport_cppExport-noconfig.cmake
[3.777s] -- Installing: /home/catherine-maglione/yolo_backup/install/nuturtlebot_msgs/share/nuturtlebot_msgs/cmake/export_nuturtlebot_msgs__rosidl_generator_pyExport.cmake
[3.777s] -- Installing: /home/catherine-maglione/yolo_backup/install/nuturtlebot_msgs/share/nuturtlebot_msgs/cmake/export_nuturtlebot_msgs__rosidl_generator_pyExport-noconfig.cmake
[3.777s] -- Installing: /home/catherine-maglione/yolo_backup/install/nuturtlebot_msgs/share/nuturtlebot_msgs/cmake/rosidl_cmake-extras.cmake
[3.777s] -- Installing: /home/catherine-maglione/yolo_backup/install/nuturtlebot_msgs/share/nuturtlebot_msgs/cmake/ament_cmake_export_dependencies-extras.cmake
[3.777s] -- Installing: /home/catherine-maglione/yolo_backup/install/nuturtlebot_msgs/share/nuturtlebot_msgs/cmake/ament_cmake_export_include_directories-extras.cmake
[3.777s] -- Installing: /home/catherine-maglione/yolo_backup/install/nuturtlebot_msgs/share/nuturtlebot_msgs/cmake/ament_cmake_export_libraries-extras.cmake
[3.777s] -- Installing: /home/catherine-maglione/yolo_backup/install/nuturtlebot_msgs/share/nuturtlebot_msgs/cmake/ament_cmake_export_targets-extras.cmake
[3.777s] -- Installing: /home/catherine-maglione/yolo_backup/install/nuturtlebot_msgs/share/nuturtlebot_msgs/cmake/rosidl_cmake_export_typesupport_targets-extras.cmake
[3.777s] -- Installing: /home/catherine-maglione/yolo_backup/install/nuturtlebot_msgs/share/nuturtlebot_msgs/cmake/rosidl_cmake_export_typesupport_libraries-extras.cmake
[3.777s] -- Installing: /home/catherine-maglione/yolo_backup/install/nuturtlebot_msgs/share/nuturtlebot_msgs/cmake/nuturtlebot_msgsConfig.cmake
[3.777s] -- Installing: /home/catherine-maglione/yolo_backup/install/nuturtlebot_msgs/share/nuturtlebot_msgs/cmake/nuturtlebot_msgsConfig-version.cmake
[3.778s] -- Installing: /home/catherine-maglione/yolo_backup/install/nuturtlebot_msgs/share/nuturtlebot_msgs/package.xml
[3.779s] Invoked command in '/home/catherine-maglione/yolo_backup/build/nuturtlebot_msgs' returned '0': CMAKE_PREFIX_PATH=${CMAKE_PREFIX_PATH}:/home/catherine-maglione/yolo_backup/install/me495_yolo:/home/catherine-maglione/yolo_home/src/me495_yolo/install/me495_yolo:/opt/ros/jazzy /usr/bin/cmake --install /home/catherine-maglione/yolo_backup/build/nuturtlebot_msgs
