[0.194s] Invoking command in '/home/catherine-maglione/yolo_backup/build/numsr_turtlebot': CMAKE_PREFIX_PATH=/home/catherine-maglione/yolo_backup/install/nuturtlebot_msgs:/home/catherine-maglione/yolo_backup/install/numsr_turtlebot:/opt/ros/jazzy/opt/gz_sim_vendor:/opt/ros/jazzy/opt/gz_sensors_vendor:/opt/ros/jazzy/opt/gz_physics_vendor:/opt/ros/jazzy/opt/sdformat_vendor:/opt/ros/jazzy/opt/gz_gui_vendor:/opt/ros/jazzy/opt/gz_transport_vendor:/opt/ros/jazzy/opt/gz_rendering_vendor:/opt/ros/jazzy/opt/gz_plugin_vendor:/opt/ros/jazzy/opt/gz_fuel_tools_vendor:/opt/ros/jazzy/opt/gz_msgs_vendor:/opt/ros/jazzy/opt/gz_common_vendor:/opt/ros/jazzy/opt/gz_math_vendor:/opt/ros/jazzy/opt/gz_utils_vendor:/opt/ros/jazzy/opt/gz_tools_vendor:/opt/ros/jazzy/opt/gz_ogre_next_vendor:/opt/ros/jazzy/opt/gz_dartsim_vendor:/opt/ros/jazzy/opt/gz_cmake_vendor:/home/catherine-maglione/yolo_backup/install/me495_yolo:/home/catherine-maglione/yolo_home/src/me495_yolo/install/me495_yolo:/opt/ros/jazzy PS1=\[\e]0;\u@\h: \w\a\]${debian_chroot:+($debian_chroot)}\[\033[1;34m\]\u\[\033[00m\]@\[\033[1;32m\]\h\[\033[00m\]:\[\033[1;33m\]\w\[\033[00m\] \[\033[1;36m\]$(parse_git_branch)\[\033[00m\]\$ PYTHONPATH=/home/catherine-maglione/yolo_backup/install/nuturtlebot_msgs/lib/python3.12/site-packages:/home/catherine-maglione/yolo_backup/install/me495_yolo/lib/python3.12/site-packages:/home/catherine-maglione/yolo_home/src/me495_yolo/install/me495_yolo/lib/python3.12/site-packages:/opt/ros/jazzy/lib/python3.12/site-packages /usr/bin/cmake /home/catherine-maglione/yolo_backup/src/numsr_turtlebot -DCMAKE_INSTALL_PREFIX=/home/catherine-maglione/yolo_backup/install/numsr_turtlebot
[0.244s] -- The C compiler identification is GNU 13.2.0
[0.289s] -- The CXX compiler identification is GNU 13.2.0
[0.304s] -- Detecting C compiler ABI info
[0.375s] -- Detecting C compiler ABI info - done
[0.382s] -- Check for working C compiler: /usr/bin/cc - skipped
[0.382s] -- Detecting C compile features
[0.382s] -- Detecting C compile features - done
[0.390s] -- Detecting CXX compiler ABI info
[0.472s] -- Detecting CXX compiler ABI info - done
[0.479s] -- Check for working CXX compiler: /usr/bin/c++ - skipped
[0.479s] -- Detecting CXX compile features
[0.480s] -- Detecting CXX compile features - done
[0.483s] -- Found ament_cmake: 2.5.2 (/opt/ros/jazzy/share/ament_cmake/cmake)
[0.614s] -- Found Python3: /usr/bin/python3 (found version "3.12.3") found components: Interpreter 
[0.724s] -- Found dynamixel_sdk: 3.7.40 (/opt/ros/jazzy/share/dynamixel_sdk/cmake)
[0.730s] -- Found turtlebot3_msgs: 2.2.1 (/opt/ros/jazzy/share/turtlebot3_msgs/cmake)
[0.779s] -- Found rosidl_generator_c: 4.6.3 (/opt/ros/jazzy/share/rosidl_generator_c/cmake)
[0.793s] -- Found rosidl_generator_cpp: 4.6.3 (/opt/ros/jazzy/share/rosidl_generator_cpp/cmake)
[0.809s] -- Using all available rosidl_typesupport_c: rosidl_typesupport_fastrtps_c;rosidl_typesupport_introspection_c
[0.827s] -- Using all available rosidl_typesupport_cpp: rosidl_typesupport_fastrtps_cpp;rosidl_typesupport_introspection_cpp
[0.935s] -- Found rclcpp: 28.1.3 (/opt/ros/jazzy/share/rclcpp/cmake)
[0.990s] -- Found rmw_implementation_cmake: 7.3.1 (/opt/ros/jazzy/share/rmw_implementation_cmake/cmake)
[0.994s] -- Found rmw_fastrtps_cpp: 8.4.1 (/opt/ros/jazzy/share/rmw_fastrtps_cpp/cmake)
[1.086s] -- Found OpenSSL: /usr/lib/x86_64-linux-gnu/libcrypto.so (found version "3.0.13")  
[1.108s] -- Found FastRTPS: /opt/ros/jazzy/include (Required is at least version "2.13") 
[1.128s] -- Using RMW implementation 'rmw_fastrtps_cpp' as default
[1.205s] -- Found nuturtlebot_msgs: 0.0.2 (/home/catherine-maglione/yolo_backup/install/nuturtlebot_msgs/share/nuturtlebot_msgs/cmake)
[1.220s] -- Found ament_lint_auto: 0.17.1 (/opt/ros/jazzy/share/ament_lint_auto/cmake)
[1.322s] -- Added test 'cppcheck' to perform static code analysis on C / C++ code
[1.322s] -- Configured cppcheck include dirs: /home/catherine-maglione/yolo_backup/src/numsr_turtlebot/include/
[1.322s] -- Configured cppcheck exclude dirs and/or files: 
[1.323s] -- Added test 'lint_cmake' to check CMake code style
[1.325s] -- Added test 'uncrustify' to check C / C++ code style
[1.326s] -- Configured uncrustify additional arguments: 
[1.326s] -- Added test 'xmllint' to check XML markup files
[1.328s] -- Configuring done (1.1s)
[1.337s] -- Generating done (0.0s)
[1.338s] -- Build files have been written to: /home/catherine-maglione/yolo_backup/build/numsr_turtlebot
[1.346s] Invoked command in '/home/catherine-maglione/yolo_backup/build/numsr_turtlebot' returned '0': CMAKE_PREFIX_PATH=/home/catherine-maglione/yolo_backup/install/nuturtlebot_msgs:/home/catherine-maglione/yolo_backup/install/numsr_turtlebot:/opt/ros/jazzy/opt/gz_sim_vendor:/opt/ros/jazzy/opt/gz_sensors_vendor:/opt/ros/jazzy/opt/gz_physics_vendor:/opt/ros/jazzy/opt/sdformat_vendor:/opt/ros/jazzy/opt/gz_gui_vendor:/opt/ros/jazzy/opt/gz_transport_vendor:/opt/ros/jazzy/opt/gz_rendering_vendor:/opt/ros/jazzy/opt/gz_plugin_vendor:/opt/ros/jazzy/opt/gz_fuel_tools_vendor:/opt/ros/jazzy/opt/gz_msgs_vendor:/opt/ros/jazzy/opt/gz_common_vendor:/opt/ros/jazzy/opt/gz_math_vendor:/opt/ros/jazzy/opt/gz_utils_vendor:/opt/ros/jazzy/opt/gz_tools_vendor:/opt/ros/jazzy/opt/gz_ogre_next_vendor:/opt/ros/jazzy/opt/gz_dartsim_vendor:/opt/ros/jazzy/opt/gz_cmake_vendor:/home/catherine-maglione/yolo_backup/install/me495_yolo:/home/catherine-maglione/yolo_home/src/me495_yolo/install/me495_yolo:/opt/ros/jazzy PS1=\[\e]0;\u@\h: \w\a\]${debian_chroot:+($debian_chroot)}\[\033[1;34m\]\u\[\033[00m\]@\[\033[1;32m\]\h\[\033[00m\]:\[\033[1;33m\]\w\[\033[00m\] \[\033[1;36m\]$(parse_git_branch)\[\033[00m\]\$ PYTHONPATH=/home/catherine-maglione/yolo_backup/install/nuturtlebot_msgs/lib/python3.12/site-packages:/home/catherine-maglione/yolo_backup/install/me495_yolo/lib/python3.12/site-packages:/home/catherine-maglione/yolo_home/src/me495_yolo/install/me495_yolo/lib/python3.12/site-packages:/opt/ros/jazzy/lib/python3.12/site-packages /usr/bin/cmake /home/catherine-maglione/yolo_backup/src/numsr_turtlebot -DCMAKE_INSTALL_PREFIX=/home/catherine-maglione/yolo_backup/install/numsr_turtlebot
[1.347s] Invoking command in '/home/catherine-maglione/yolo_backup/build/numsr_turtlebot': CMAKE_PREFIX_PATH=/home/catherine-maglione/yolo_backup/install/nuturtlebot_msgs:/home/catherine-maglione/yolo_backup/install/numsr_turtlebot:/opt/ros/jazzy/opt/gz_sim_vendor:/opt/ros/jazzy/opt/gz_sensors_vendor:/opt/ros/jazzy/opt/gz_physics_vendor:/opt/ros/jazzy/opt/sdformat_vendor:/opt/ros/jazzy/opt/gz_gui_vendor:/opt/ros/jazzy/opt/gz_transport_vendor:/opt/ros/jazzy/opt/gz_rendering_vendor:/opt/ros/jazzy/opt/gz_plugin_vendor:/opt/ros/jazzy/opt/gz_fuel_tools_vendor:/opt/ros/jazzy/opt/gz_msgs_vendor:/opt/ros/jazzy/opt/gz_common_vendor:/opt/ros/jazzy/opt/gz_math_vendor:/opt/ros/jazzy/opt/gz_utils_vendor:/opt/ros/jazzy/opt/gz_tools_vendor:/opt/ros/jazzy/opt/gz_ogre_next_vendor:/opt/ros/jazzy/opt/gz_dartsim_vendor:/opt/ros/jazzy/opt/gz_cmake_vendor:/home/catherine-maglione/yolo_backup/install/me495_yolo:/home/catherine-maglione/yolo_home/src/me495_yolo/install/me495_yolo:/opt/ros/jazzy PS1=\[\e]0;\u@\h: \w\a\]${debian_chroot:+($debian_chroot)}\[\033[1;34m\]\u\[\033[00m\]@\[\033[1;32m\]\h\[\033[00m\]:\[\033[1;33m\]\w\[\033[00m\] \[\033[1;36m\]$(parse_git_branch)\[\033[00m\]\$ PYTHONPATH=/home/catherine-maglione/yolo_backup/install/nuturtlebot_msgs/lib/python3.12/site-packages:/home/catherine-maglione/yolo_backup/install/me495_yolo/lib/python3.12/site-packages:/home/catherine-maglione/yolo_home/src/me495_yolo/install/me495_yolo/lib/python3.12/site-packages:/opt/ros/jazzy/lib/python3.12/site-packages /usr/bin/cmake --build /home/catherine-maglione/yolo_backup/build/numsr_turtlebot -- -j32 -l32
[1.395s] [ 33%] [32mBuilding CXX object CMakeFiles/numsr_turtlebot.dir/src/numsr_turtlebot.cpp.o[0m
[1.396s] [ 66%] [32mBuilding CXX object CMakeFiles/numsr_turtlebot.dir/src/dynamixel_sdk_wrapper.cpp.o[0m
[8.776s] [100%] [32m[1mLinking CXX executable numsr_turtlebot[0m
[8.966s] [100%] Built target numsr_turtlebot
[8.974s] Invoked command in '/home/catherine-maglione/yolo_backup/build/numsr_turtlebot' returned '0': CMAKE_PREFIX_PATH=/home/catherine-maglione/yolo_backup/install/nuturtlebot_msgs:/home/catherine-maglione/yolo_backup/install/numsr_turtlebot:/opt/ros/jazzy/opt/gz_sim_vendor:/opt/ros/jazzy/opt/gz_sensors_vendor:/opt/ros/jazzy/opt/gz_physics_vendor:/opt/ros/jazzy/opt/sdformat_vendor:/opt/ros/jazzy/opt/gz_gui_vendor:/opt/ros/jazzy/opt/gz_transport_vendor:/opt/ros/jazzy/opt/gz_rendering_vendor:/opt/ros/jazzy/opt/gz_plugin_vendor:/opt/ros/jazzy/opt/gz_fuel_tools_vendor:/opt/ros/jazzy/opt/gz_msgs_vendor:/opt/ros/jazzy/opt/gz_common_vendor:/opt/ros/jazzy/opt/gz_math_vendor:/opt/ros/jazzy/opt/gz_utils_vendor:/opt/ros/jazzy/opt/gz_tools_vendor:/opt/ros/jazzy/opt/gz_ogre_next_vendor:/opt/ros/jazzy/opt/gz_dartsim_vendor:/opt/ros/jazzy/opt/gz_cmake_vendor:/home/catherine-maglione/yolo_backup/install/me495_yolo:/home/catherine-maglione/yolo_home/src/me495_yolo/install/me495_yolo:/opt/ros/jazzy PS1=\[\e]0;\u@\h: \w\a\]${debian_chroot:+($debian_chroot)}\[\033[1;34m\]\u\[\033[00m\]@\[\033[1;32m\]\h\[\033[00m\]:\[\033[1;33m\]\w\[\033[00m\] \[\033[1;36m\]$(parse_git_branch)\[\033[00m\]\$ PYTHONPATH=/home/catherine-maglione/yolo_backup/install/nuturtlebot_msgs/lib/python3.12/site-packages:/home/catherine-maglione/yolo_backup/install/me495_yolo/lib/python3.12/site-packages:/home/catherine-maglione/yolo_home/src/me495_yolo/install/me495_yolo/lib/python3.12/site-packages:/opt/ros/jazzy/lib/python3.12/site-packages /usr/bin/cmake --build /home/catherine-maglione/yolo_backup/build/numsr_turtlebot -- -j32 -l32
[9.009s] Invoking command in '/home/catherine-maglione/yolo_backup/build/numsr_turtlebot': CMAKE_PREFIX_PATH=/home/catherine-maglione/yolo_backup/install/nuturtlebot_msgs:/home/catherine-maglione/yolo_backup/install/numsr_turtlebot:/opt/ros/jazzy/opt/gz_sim_vendor:/opt/ros/jazzy/opt/gz_sensors_vendor:/opt/ros/jazzy/opt/gz_physics_vendor:/opt/ros/jazzy/opt/sdformat_vendor:/opt/ros/jazzy/opt/gz_gui_vendor:/opt/ros/jazzy/opt/gz_transport_vendor:/opt/ros/jazzy/opt/gz_rendering_vendor:/opt/ros/jazzy/opt/gz_plugin_vendor:/opt/ros/jazzy/opt/gz_fuel_tools_vendor:/opt/ros/jazzy/opt/gz_msgs_vendor:/opt/ros/jazzy/opt/gz_common_vendor:/opt/ros/jazzy/opt/gz_math_vendor:/opt/ros/jazzy/opt/gz_utils_vendor:/opt/ros/jazzy/opt/gz_tools_vendor:/opt/ros/jazzy/opt/gz_ogre_next_vendor:/opt/ros/jazzy/opt/gz_dartsim_vendor:/opt/ros/jazzy/opt/gz_cmake_vendor:/home/catherine-maglione/yolo_backup/install/me495_yolo:/home/catherine-maglione/yolo_home/src/me495_yolo/install/me495_yolo:/opt/ros/jazzy PS1=\[\e]0;\u@\h: \w\a\]${debian_chroot:+($debian_chroot)}\[\033[1;34m\]\u\[\033[00m\]@\[\033[1;32m\]\h\[\033[00m\]:\[\033[1;33m\]\w\[\033[00m\] \[\033[1;36m\]$(parse_git_branch)\[\033[00m\]\$ PYTHONPATH=/home/catherine-maglione/yolo_backup/install/nuturtlebot_msgs/lib/python3.12/site-packages:/home/catherine-maglione/yolo_backup/install/me495_yolo/lib/python3.12/site-packages:/home/catherine-maglione/yolo_home/src/me495_yolo/install/me495_yolo/lib/python3.12/site-packages:/opt/ros/jazzy/lib/python3.12/site-packages /usr/bin/cmake --install /home/catherine-maglione/yolo_backup/build/numsr_turtlebot
[9.021s] -- Install configuration: ""
[9.022s] -- Installing: /home/catherine-maglione/yolo_backup/install/numsr_turtlebot/lib/numsr_turtlebot/numsr_turtlebot
[9.026s] -- Set non-toolchain portion of runtime path of "/home/catherine-maglione/yolo_backup/install/numsr_turtlebot/lib/numsr_turtlebot/numsr_turtlebot" to ""
[9.026s] -- Installing: /home/catherine-maglione/yolo_backup/install/numsr_turtlebot/share/ament_index/resource_index/package_run_dependencies/numsr_turtlebot
[9.027s] -- Installing: /home/catherine-maglione/yolo_backup/install/numsr_turtlebot/share/ament_index/resource_index/parent_prefix_path/numsr_turtlebot
[9.027s] -- Installing: /home/catherine-maglione/yolo_backup/install/numsr_turtlebot/share/numsr_turtlebot/environment/ament_prefix_path.sh
[9.027s] -- Installing: /home/catherine-maglione/yolo_backup/install/numsr_turtlebot/share/numsr_turtlebot/environment/ament_prefix_path.dsv
[9.027s] -- Installing: /home/catherine-maglione/yolo_backup/install/numsr_turtlebot/share/numsr_turtlebot/environment/path.sh
[9.027s] -- Installing: /home/catherine-maglione/yolo_backup/install/numsr_turtlebot/share/numsr_turtlebot/environment/path.dsv
[9.028s] -- Installing: /home/catherine-maglione/yolo_backup/install/numsr_turtlebot/share/numsr_turtlebot/local_setup.bash
[9.028s] -- Installing: /home/catherine-maglione/yolo_backup/install/numsr_turtlebot/share/numsr_turtlebot/local_setup.sh
[9.028s] -- Installing: /home/catherine-maglione/yolo_backup/install/numsr_turtlebot/share/numsr_turtlebot/local_setup.zsh
[9.028s] -- Installing: /home/catherine-maglione/yolo_backup/install/numsr_turtlebot/share/numsr_turtlebot/local_setup.dsv
[9.028s] -- Installing: /home/catherine-maglione/yolo_backup/install/numsr_turtlebot/share/numsr_turtlebot/package.dsv
[9.028s] -- Installing: /home/catherine-maglione/yolo_backup/install/numsr_turtlebot/share/ament_index/resource_index/packages/numsr_turtlebot
[9.028s] -- Installing: /home/catherine-maglione/yolo_backup/install/numsr_turtlebot/share/numsr_turtlebot/cmake/numsr_turtlebotConfig.cmake
[9.028s] -- Installing: /home/catherine-maglione/yolo_backup/install/numsr_turtlebot/share/numsr_turtlebot/cmake/numsr_turtlebotConfig-version.cmake
[9.029s] -- Installing: /home/catherine-maglione/yolo_backup/install/numsr_turtlebot/share/numsr_turtlebot/package.xml
[9.030s] Invoked command in '/home/catherine-maglione/yolo_backup/build/numsr_turtlebot' returned '0': CMAKE_PREFIX_PATH=/home/catherine-maglione/yolo_backup/install/nuturtlebot_msgs:/home/catherine-maglione/yolo_backup/install/numsr_turtlebot:/opt/ros/jazzy/opt/gz_sim_vendor:/opt/ros/jazzy/opt/gz_sensors_vendor:/opt/ros/jazzy/opt/gz_physics_vendor:/opt/ros/jazzy/opt/sdformat_vendor:/opt/ros/jazzy/opt/gz_gui_vendor:/opt/ros/jazzy/opt/gz_transport_vendor:/opt/ros/jazzy/opt/gz_rendering_vendor:/opt/ros/jazzy/opt/gz_plugin_vendor:/opt/ros/jazzy/opt/gz_fuel_tools_vendor:/opt/ros/jazzy/opt/gz_msgs_vendor:/opt/ros/jazzy/opt/gz_common_vendor:/opt/ros/jazzy/opt/gz_math_vendor:/opt/ros/jazzy/opt/gz_utils_vendor:/opt/ros/jazzy/opt/gz_tools_vendor:/opt/ros/jazzy/opt/gz_ogre_next_vendor:/opt/ros/jazzy/opt/gz_dartsim_vendor:/opt/ros/jazzy/opt/gz_cmake_vendor:/home/catherine-maglione/yolo_backup/install/me495_yolo:/home/catherine-maglione/yolo_home/src/me495_yolo/install/me495_yolo:/opt/ros/jazzy PS1=\[\e]0;\u@\h: \w\a\]${debian_chroot:+($debian_chroot)}\[\033[1;34m\]\u\[\033[00m\]@\[\033[1;32m\]\h\[\033[00m\]:\[\033[1;33m\]\w\[\033[00m\] \[\033[1;36m\]$(parse_git_branch)\[\033[00m\]\$ PYTHONPATH=/home/catherine-maglione/yolo_backup/install/nuturtlebot_msgs/lib/python3.12/site-packages:/home/catherine-maglione/yolo_backup/install/me495_yolo/lib/python3.12/site-packages:/home/catherine-maglione/yolo_home/src/me495_yolo/install/me495_yolo/lib/python3.12/site-packages:/opt/ros/jazzy/lib/python3.12/site-packages /usr/bin/cmake --install /home/catherine-maglione/yolo_backup/build/numsr_turtlebot
