[0.770s] Invoking command in '/home/catherine-maglione/yolo_backup/src/me495_yolo': AMENT_PREFIX_PATH=/home/catherine-maglione/yolo_backup/install/nuturtlebot_msgs:${AMENT_PREFIX_PATH} CMAKE_PREFIX_PATH=/home/catherine-maglione/yolo_backup/install/nuturtlebot_msgs:${CMAKE_PREFIX_PATH} LD_LIBRARY_PATH=/home/catherine-maglione/yolo_backup/install/nuturtlebot_msgs/lib:${LD_LIBRARY_PATH} PYTHONPATH=/home/catherine-maglione/yolo_backup/build/me495_yolo/prefix_override:/usr/lib/python3/dist-packages/colcon_core/task/python/colcon_distutils_commands:/home/catherine-maglione/yolo_backup/install/me495_yolo/lib/python3.12/site-packages:/home/catherine-maglione/yolo_backup/install/nuturtlebot_msgs/lib/python3.12/site-packages:${PYTHONPATH} /usr/bin/python3 -W ignore:setup.py install is deprecated setup.py egg_info --egg-base ../../build/me495_yolo build --build-base /home/catherine-maglione/yolo_backup/build/me495_yolo/build install --record /home/catherine-maglione/yolo_backup/build/me495_yolo/install.log --single-version-externally-managed install_data
[1.046s] running egg_info
[1.068s] writing ../../build/me495_yolo/me495_yolo.egg-info/PKG-INFO
[1.068s] writing dependency_links to ../../build/me495_yolo/me495_yolo.egg-info/dependency_links.txt
[1.069s] writing entry points to ../../build/me495_yolo/me495_yolo.egg-info/entry_points.txt
[1.069s] writing top-level names to ../../build/me495_yolo/me495_yolo.egg-info/top_level.txt
[1.114s] reading manifest file '../../build/me495_yolo/me495_yolo.egg-info/SOURCES.txt'
[1.115s] writing manifest file '../../build/me495_yolo/me495_yolo.egg-info/SOURCES.txt'
[1.115s] running build
[1.115s] running build_py
[1.115s] copying me495_yolo/square_mover.py -> /home/catherine-maglione/yolo_backup/build/me495_yolo/build/lib/me495_yolo
[1.116s] running install
[1.122s] running install_lib
[1.145s] copying /home/catherine-maglione/yolo_backup/build/me495_yolo/build/lib/me495_yolo/square_mover.py -> /home/catherine-maglione/yolo_backup/install/me495_yolo/lib/python3.12/site-packages/me495_yolo
[1.145s] byte-compiling /home/catherine-maglione/yolo_backup/install/me495_yolo/lib/python3.12/site-packages/me495_yolo/square_mover.py to square_mover.cpython-312.pyc
[1.147s] running install_data
[1.147s] running install_egg_info
[1.171s] removing '/home/catherine-maglione/yolo_backup/install/me495_yolo/lib/python3.12/site-packages/me495_yolo-0.0.0-py3.12.egg-info' (and everything under it)
[1.171s] Copying ../../build/me495_yolo/me495_yolo.egg-info to /home/catherine-maglione/yolo_backup/install/me495_yolo/lib/python3.12/site-packages/me495_yolo-0.0.0-py3.12.egg-info
[1.172s] running install_scripts
[1.312s] Installing apriltag_detector script to /home/catherine-maglione/yolo_backup/install/me495_yolo/lib/me495_yolo
[1.312s] Installing square_motion script to /home/catherine-maglione/yolo_backup/install/me495_yolo/lib/me495_yolo
[1.312s] Installing square_mover script to /home/catherine-maglione/yolo_backup/install/me495_yolo/lib/me495_yolo
[1.312s] Installing waypoint script to /home/catherine-maglione/yolo_backup/install/me495_yolo/lib/me495_yolo
[1.312s] Installing waypoint_follower script to /home/catherine-maglione/yolo_backup/install/me495_yolo/lib/me495_yolo
[1.312s] Installing yolo script to /home/catherine-maglione/yolo_backup/install/me495_yolo/lib/me495_yolo
[1.313s] writing list of installed files to '/home/catherine-maglione/yolo_backup/build/me495_yolo/install.log'
[1.337s] Invoked command in '/home/catherine-maglione/yolo_backup/src/me495_yolo' returned '0': AMENT_PREFIX_PATH=/home/catherine-maglione/yolo_backup/install/nuturtlebot_msgs:${AMENT_PREFIX_PATH} CMAKE_PREFIX_PATH=/home/catherine-maglione/yolo_backup/install/nuturtlebot_msgs:${CMAKE_PREFIX_PATH} LD_LIBRARY_PATH=/home/catherine-maglione/yolo_backup/install/nuturtlebot_msgs/lib:${LD_LIBRARY_PATH} PYTHONPATH=/home/catherine-maglione/yolo_backup/build/me495_yolo/prefix_override:/usr/lib/python3/dist-packages/colcon_core/task/python/colcon_distutils_commands:/home/catherine-maglione/yolo_backup/install/me495_yolo/lib/python3.12/site-packages:/home/catherine-maglione/yolo_backup/install/nuturtlebot_msgs/lib/python3.12/site-packages:${PYTHONPATH} /usr/bin/python3 -W ignore:setup.py install is deprecated setup.py egg_info --egg-base ../../build/me495_yolo build --build-base /home/catherine-maglione/yolo_backup/build/me495_yolo/build install --record /home/catherine-maglione/yolo_backup/build/me495_yolo/install.log --single-version-externally-managed install_data
