running egg_info
writing ../../build/me495_yolo/me495_yolo.egg-info/PKG-INFO
writing dependency_links to ../../build/me495_yolo/me495_yolo.egg-info/dependency_links.txt
writing entry points to ../../build/me495_yolo/me495_yolo.egg-info/entry_points.txt
writing top-level names to ../../build/me495_yolo/me495_yolo.egg-info/top_level.txt
reading manifest file '../../build/me495_yolo/me495_yolo.egg-info/SOURCES.txt'
writing manifest file '../../build/me495_yolo/me495_yolo.egg-info/SOURCES.txt'
running build
running build_py
running install
running install_lib
running install_data
running install_egg_info
removing '/home/catherine-maglione/yolo_backup/install/me495_yolo/lib/python3.12/site-packages/me495_yolo-0.0.0-py3.12.egg-info' (and everything under it)
Copying ../../build/me495_yolo/me495_yolo.egg-info to /home/catherine-maglione/yolo_backup/install/me495_yolo/lib/python3.12/site-packages/me495_yolo-0.0.0-py3.12.egg-info
running install_scripts
Installing apriltag_detector script to /home/catherine-maglione/yolo_backup/install/me495_yolo/lib/me495_yolo
Installing rotate_to_90 script to /home/catherine-maglione/yolo_backup/install/me495_yolo/lib/me495_yolo
Installing square_motion script to /home/catherine-maglione/yolo_backup/install/me495_yolo/lib/me495_yolo
Installing waypoint script to /home/catherine-maglione/yolo_backup/install/me495_yolo/lib/me495_yolo
Installing waypoint_follower script to /home/catherine-maglione/yolo_backup/install/me495_yolo/lib/me495_yolo
Installing yolo script to /home/catherine-maglione/yolo_backup/install/me495_yolo/lib/me495_yolo
writing list of installed files to '/home/catherine-maglione/yolo_backup/build/me495_yolo/install.log'
