[0.026s] Invoking command in '/home/catherine-maglione/yolo_backup/build/nuturtlebot_msgs': CMAKE_PREFIX_PATH=${CMAKE_PREFIX_PATH}:/home/catherine-maglione/yolo_backup/install/me495_yolo:/opt/ros/jazzy /usr/bin/cmake --build /home/catherine-maglione/yolo_backup/build/nuturtlebot_msgs -- -j32 -l32
[0.148s] [  2%] Built target nuturtlebot_msgs__rosidl_generator_type_description
[0.174s] [  2%] Built target ament_cmake_python_copy_nuturtlebot_msgs
[0.211s] [ 13%] Built target nuturtlebot_msgs__cpp
[0.212s] [ 22%] Built target nuturtlebot_msgs__rosidl_generator_c
[0.287s] [ 38%] Built target nuturtlebot_msgs__rosidl_typesupport_cpp
[0.288s] [ 40%] Built target nuturtlebot_msgs__rosidl_typesupport_introspection_c
[0.289s] [ 50%] Built target nuturtlebot_msgs__rosidl_typesupport_c
[0.295s] [ 59%] Built target nuturtlebot_msgs__rosidl_typesupport_introspection_cpp
[0.296s] [ 68%] Built target nuturtlebot_msgs__rosidl_typesupport_fastrtps_c
[0.299s] [ 77%] Built target nuturtlebot_msgs__rosidl_typesupport_fastrtps_cpp
[0.355s] [ 77%] Built target nuturtlebot_msgs
[0.416s] [ 79%] Built target nuturtlebot_msgs__py
[0.470s] [ 86%] Built target nuturtlebot_msgs__rosidl_generator_py
[0.541s] [ 90%] Built target nuturtlebot_msgs_s__rosidl_typesupport_fastrtps_c
[0.543s] [ 95%] Built target nuturtlebot_msgs_s__rosidl_typesupport_introspection_c
[0.548s] [100%] Built target nuturtlebot_msgs_s__rosidl_typesupport_c
[0.713s] running egg_info
[0.749s] writing nuturtlebot_msgs.egg-info/PKG-INFO
[0.749s] writing dependency_links to nuturtlebot_msgs.egg-info/dependency_links.txt
[0.750s] writing top-level names to nuturtlebot_msgs.egg-info/top_level.txt
[0.851s] reading manifest file 'nuturtlebot_msgs.egg-info/SOURCES.txt'
[0.852s] writing manifest file 'nuturtlebot_msgs.egg-info/SOURCES.txt'
[0.900s] [100%] Built target ament_cmake_python_build_nuturtlebot_msgs_egg
[0.928s] Invoked command in '/home/catherine-maglione/yolo_backup/build/nuturtlebot_msgs' returned '0': CMAKE_PREFIX_PATH=${CMAKE_PREFIX_PATH}:/home/catherine-maglione/yolo_backup/install/me495_yolo:/opt/ros/jazzy /usr/bin/cmake --build /home/catherine-maglione/yolo_backup/build/nuturtlebot_msgs -- -j32 -l32
[1.185s] Invoking command in '/home/catherine-maglione/yolo_backup/build/nuturtlebot_msgs': CMAKE_PREFIX_PATH=${CMAKE_PREFIX_PATH}:/home/catherine-maglione/yolo_backup/install/me495_yolo:/opt/ros/jazzy /usr/bin/cmake --install /home/catherine-maglione/yolo_backup/build/nuturtlebot_msgs
[1.207s] -- Install configuration: ""
[1.207s] -- Up-to-date: /home/catherine-maglione/yolo_backup/install/nuturtlebot_msgs/share/ament_index/resource_index/rosidl_interfaces/nuturtlebot_msgs
[1.207s] -- Up-to-date: /home/catherine-maglione/yolo_backup/install/nuturtlebot_msgs/share/nuturtlebot_msgs/msg/SensorData.json
[1.207s] -- Up-to-date: /home/catherine-maglione/yolo_backup/install/nuturtlebot_msgs/share/nuturtlebot_msgs/msg/WheelCommands.json
[1.209s] -- Up-to-date: /home/catherine-maglione/yolo_backup/install/nuturtlebot_msgs/include/nuturtlebot_msgs/nuturtlebot_msgs
[1.209s] -- Up-to-date: /home/catherine-maglione/yolo_backup/install/nuturtlebot_msgs/include/nuturtlebot_msgs/nuturtlebot_msgs/msg
[1.209s] -- Up-to-date: /home/catherine-maglione/yolo_backup/install/nuturtlebot_msgs/include/nuturtlebot_msgs/nuturtlebot_msgs/msg/rosidl_generator_c__visibility_control.h
[1.209s] -- Up-to-date: /home/catherine-maglione/yolo_backup/install/nuturtlebot_msgs/include/nuturtlebot_msgs/nuturtlebot_msgs/msg/detail
[1.210s] -- Up-to-date: /home/catherine-maglione/yolo_backup/install/nuturtlebot_msgs/include/nuturtlebot_msgs/nuturtlebot_msgs/msg/detail/sensor_data__type_support.c
[1.210s] -- Up-to-date: /home/catherine-maglione/yolo_backup/install/nuturtlebot_msgs/include/nuturtlebot_msgs/nuturtlebot_msgs/msg/detail/sensor_data__struct.h
[1.210s] -- Up-to-date: /home/catherine-maglione/yolo_backup/install/nuturtlebot_msgs/include/nuturtlebot_msgs/nuturtlebot_msgs/msg/detail/sensor_data__description.c
[1.210s] -- Up-to-date: /home/catherine-maglione/yolo_backup/install/nuturtlebot_msgs/include/nuturtlebot_msgs/nuturtlebot_msgs/msg/detail/wheel_commands__type_support.c
[1.210s] -- Up-to-date: /home/catherine-maglione/yolo_backup/install/nuturtlebot_msgs/include/nuturtlebot_msgs/nuturtlebot_msgs/msg/detail/sensor_data__functions.c
[1.211s] -- Up-to-date: /home/catherine-maglione/yolo_backup/install/nuturtlebot_msgs/include/nuturtlebot_msgs/nuturtlebot_msgs/msg/detail/wheel_commands__functions.h
[1.211s] -- Up-to-date: /home/catherine-maglione/yolo_backup/install/nuturtlebot_msgs/include/nuturtlebot_msgs/nuturtlebot_msgs/msg/detail/sensor_data__functions.h
[1.211s] -- Up-to-date: /home/catherine-maglione/yolo_backup/install/nuturtlebot_msgs/include/nuturtlebot_msgs/nuturtlebot_msgs/msg/detail/wheel_commands__description.c
[1.211s] -- Up-to-date: /home/catherine-maglione/yolo_backup/install/nuturtlebot_msgs/include/nuturtlebot_msgs/nuturtlebot_msgs/msg/detail/wheel_commands__struct.h
[1.211s] -- Up-to-date: /home/catherine-maglione/yolo_backup/install/nuturtlebot_msgs/include/nuturtlebot_msgs/nuturtlebot_msgs/msg/detail/sensor_data__type_support.h
[1.212s] -- Up-to-date: /home/catherine-maglione/yolo_backup/install/nuturtlebot_msgs/include/nuturtlebot_msgs/nuturtlebot_msgs/msg/detail/wheel_commands__type_support.h
[1.212s] -- Up-to-date: /home/catherine-maglione/yolo_backup/install/nuturtlebot_msgs/include/nuturtlebot_msgs/nuturtlebot_msgs/msg/detail/wheel_commands__functions.c
[1.212s] -- Up-to-date: /home/catherine-maglione/yolo_backup/install/nuturtlebot_msgs/include/nuturtlebot_msgs/nuturtlebot_msgs/msg/sensor_data.h
[1.212s] -- Up-to-date: /home/catherine-maglione/yolo_backup/install/nuturtlebot_msgs/include/nuturtlebot_msgs/nuturtlebot_msgs/msg/wheel_commands.h
[1.213s] -- Up-to-date: /home/catherine-maglione/yolo_backup/install/nuturtlebot_msgs/share/nuturtlebot_msgs/environment/library_path.sh
[1.213s] -- Up-to-date: /home/catherine-maglione/yolo_backup/install/nuturtlebot_msgs/share/nuturtlebot_msgs/environment/library_path.dsv
[1.213s] -- Up-to-date: /home/catherine-maglione/yolo_backup/install/nuturtlebot_msgs/lib/libnuturtlebot_msgs__rosidl_generator_c.so
[1.213s] -- Up-to-date: /home/catherine-maglione/yolo_backup/install/nuturtlebot_msgs/include/nuturtlebot_msgs/nuturtlebot_msgs
[1.213s] -- Up-to-date: /home/catherine-maglione/yolo_backup/install/nuturtlebot_msgs/include/nuturtlebot_msgs/nuturtlebot_msgs/msg
[1.213s] -- Up-to-date: /home/catherine-maglione/yolo_backup/install/nuturtlebot_msgs/include/nuturtlebot_msgs/nuturtlebot_msgs/msg/detail
[1.213s] -- Up-to-date: /home/catherine-maglione/yolo_backup/install/nuturtlebot_msgs/include/nuturtlebot_msgs/nuturtlebot_msgs/msg/detail/wheel_commands__rosidl_typesupport_fastrtps_c.h
[1.214s] -- Up-to-date: /home/catherine-maglione/yolo_backup/install/nuturtlebot_msgs/include/nuturtlebot_msgs/nuturtlebot_msgs/msg/detail/sensor_data__rosidl_typesupport_fastrtps_c.h
[1.214s] -- Up-to-date: /home/catherine-maglione/yolo_backup/install/nuturtlebot_msgs/include/nuturtlebot_msgs/nuturtlebot_msgs/msg/rosidl_typesupport_fastrtps_c__visibility_control.h
[1.214s] -- Up-to-date: /home/catherine-maglione/yolo_backup/install/nuturtlebot_msgs/lib/libnuturtlebot_msgs__rosidl_typesupport_fastrtps_c.so
[1.214s] -- Up-to-date: /home/catherine-maglione/yolo_backup/install/nuturtlebot_msgs/include/nuturtlebot_msgs/nuturtlebot_msgs
[1.215s] -- Up-to-date: /home/catherine-maglione/yolo_backup/install/nuturtlebot_msgs/include/nuturtlebot_msgs/nuturtlebot_msgs/msg
[1.215s] -- Up-to-date: /home/catherine-maglione/yolo_backup/install/nuturtlebot_msgs/include/nuturtlebot_msgs/nuturtlebot_msgs/msg/detail
[1.215s] -- Up-to-date: /home/catherine-maglione/yolo_backup/install/nuturtlebot_msgs/include/nuturtlebot_msgs/nuturtlebot_msgs/msg/detail/wheel_commands__type_support.hpp
[1.215s] -- Up-to-date: /home/catherine-maglione/yolo_backup/install/nuturtlebot_msgs/include/nuturtlebot_msgs/nuturtlebot_msgs/msg/detail/wheel_commands__builder.hpp
[1.215s] -- Up-to-date: /home/catherine-maglione/yolo_backup/install/nuturtlebot_msgs/include/nuturtlebot_msgs/nuturtlebot_msgs/msg/detail/sensor_data__traits.hpp
[1.217s] -- Up-to-date: /home/catherine-maglione/yolo_backup/install/nuturtlebot_msgs/include/nuturtlebot_msgs/nuturtlebot_msgs/msg/detail/sensor_data__type_support.hpp
[1.218s] -- Up-to-date: /home/catherine-maglione/yolo_backup/install/nuturtlebot_msgs/include/nuturtlebot_msgs/nuturtlebot_msgs/msg/detail/wheel_commands__struct.hpp
[1.218s] -- Up-to-date: /home/catherine-maglione/yolo_backup/install/nuturtlebot_msgs/include/nuturtlebot_msgs/nuturtlebot_msgs/msg/detail/wheel_commands__traits.hpp
[1.219s] -- Up-to-date: /home/catherine-maglione/yolo_backup/install/nuturtlebot_msgs/include/nuturtlebot_msgs/nuturtlebot_msgs/msg/detail/sensor_data__struct.hpp
[1.219s] -- Up-to-date: /home/catherine-maglione/yolo_backup/install/nuturtlebot_msgs/include/nuturtlebot_msgs/nuturtlebot_msgs/msg/detail/sensor_data__builder.hpp
[1.219s] -- Up-to-date: /home/catherine-maglione/yolo_backup/install/nuturtlebot_msgs/include/nuturtlebot_msgs/nuturtlebot_msgs/msg/rosidl_generator_cpp__visibility_control.hpp
[1.220s] -- Up-to-date: /home/catherine-maglione/yolo_backup/install/nuturtlebot_msgs/include/nuturtlebot_msgs/nuturtlebot_msgs/msg/wheel_commands.hpp
[1.220s] -- Up-to-date: /home/catherine-maglione/yolo_backup/install/nuturtlebot_msgs/include/nuturtlebot_msgs/nuturtlebot_msgs/msg/sensor_data.hpp
[1.220s] -- Up-to-date: /home/catherine-maglione/yolo_backup/install/nuturtlebot_msgs/include/nuturtlebot_msgs/nuturtlebot_msgs
[1.220s] -- Up-to-date: /home/catherine-maglione/yolo_backup/install/nuturtlebot_msgs/include/nuturtlebot_msgs/nuturtlebot_msgs/msg
[1.220s] -- Up-to-date: /home/catherine-maglione/yolo_backup/install/nuturtlebot_msgs/include/nuturtlebot_msgs/nuturtlebot_msgs/msg/detail
[1.220s] -- Up-to-date: /home/catherine-maglione/yolo_backup/install/nuturtlebot_msgs/include/nuturtlebot_msgs/nuturtlebot_msgs/msg/detail/dds_fastrtps
[1.220s] -- Up-to-date: /home/catherine-maglione/yolo_backup/install/nuturtlebot_msgs/include/nuturtlebot_msgs/nuturtlebot_msgs/msg/detail/wheel_commands__rosidl_typesupport_fastrtps_cpp.hpp
[1.221s] -- Up-to-date: /home/catherine-maglione/yolo_backup/install/nuturtlebot_msgs/include/nuturtlebot_msgs/nuturtlebot_msgs/msg/detail/sensor_data__rosidl_typesupport_fastrtps_cpp.hpp
[1.221s] -- Up-to-date: /home/catherine-maglione/yolo_backup/install/nuturtlebot_msgs/include/nuturtlebot_msgs/nuturtlebot_msgs/msg/rosidl_typesupport_fastrtps_cpp__visibility_control.h
[1.221s] -- Up-to-date: /home/catherine-maglione/yolo_backup/install/nuturtlebot_msgs/lib/libnuturtlebot_msgs__rosidl_typesupport_fastrtps_cpp.so
[1.221s] -- Up-to-date: /home/catherine-maglione/yolo_backup/install/nuturtlebot_msgs/include/nuturtlebot_msgs/nuturtlebot_msgs
[1.221s] -- Up-to-date: /home/catherine-maglione/yolo_backup/install/nuturtlebot_msgs/include/nuturtlebot_msgs/nuturtlebot_msgs/msg
[1.221s] -- Up-to-date: /home/catherine-maglione/yolo_backup/install/nuturtlebot_msgs/include/nuturtlebot_msgs/nuturtlebot_msgs/msg/detail
[1.221s] -- Up-to-date: /home/catherine-maglione/yolo_backup/install/nuturtlebot_msgs/include/nuturtlebot_msgs/nuturtlebot_msgs/msg/detail/sensor_data__type_support.c
[1.221s] -- Up-to-date: /home/catherine-maglione/yolo_backup/install/nuturtlebot_msgs/include/nuturtlebot_msgs/nuturtlebot_msgs/msg/detail/wheel_commands__type_support.c
[1.222s] -- Up-to-date: /home/catherine-maglione/yolo_backup/install/nuturtlebot_msgs/include/nuturtlebot_msgs/nuturtlebot_msgs/msg/detail/sensor_data__rosidl_typesupport_introspection_c.h
[1.222s] -- Up-to-date: /home/catherine-maglione/yolo_backup/install/nuturtlebot_msgs/include/nuturtlebot_msgs/nuturtlebot_msgs/msg/detail/wheel_commands__rosidl_typesupport_introspection_c.h
[1.222s] -- Up-to-date: /home/catherine-maglione/yolo_backup/install/nuturtlebot_msgs/include/nuturtlebot_msgs/nuturtlebot_msgs/msg/rosidl_typesupport_introspection_c__visibility_control.h
[1.222s] -- Up-to-date: /home/catherine-maglione/yolo_backup/install/nuturtlebot_msgs/lib/libnuturtlebot_msgs__rosidl_typesupport_introspection_c.so
[1.222s] -- Up-to-date: /home/catherine-maglione/yolo_backup/install/nuturtlebot_msgs/lib/libnuturtlebot_msgs__rosidl_typesupport_c.so
[1.222s] -- Up-to-date: /home/catherine-maglione/yolo_backup/install/nuturtlebot_msgs/include/nuturtlebot_msgs/nuturtlebot_msgs
[1.222s] -- Up-to-date: /home/catherine-maglione/yolo_backup/install/nuturtlebot_msgs/include/nuturtlebot_msgs/nuturtlebot_msgs/msg
[1.222s] -- Up-to-date: /home/catherine-maglione/yolo_backup/install/nuturtlebot_msgs/include/nuturtlebot_msgs/nuturtlebot_msgs/msg/detail
[1.222s] -- Up-to-date: /home/catherine-maglione/yolo_backup/install/nuturtlebot_msgs/include/nuturtlebot_msgs/nuturtlebot_msgs/msg/detail/wheel_commands__type_support.cpp
[1.222s] -- Up-to-date: /home/catherine-maglione/yolo_backup/install/nuturtlebot_msgs/include/nuturtlebot_msgs/nuturtlebot_msgs/msg/detail/sensor_data__rosidl_typesupport_introspection_cpp.hpp
[1.222s] -- Up-to-date: /home/catherine-maglione/yolo_backup/install/nuturtlebot_msgs/include/nuturtlebot_msgs/nuturtlebot_msgs/msg/detail/wheel_commands__rosidl_typesupport_introspection_cpp.hpp
[1.222s] -- Up-to-date: /home/catherine-maglione/yolo_backup/install/nuturtlebot_msgs/include/nuturtlebot_msgs/nuturtlebot_msgs/msg/detail/sensor_data__type_support.cpp
[1.223s] -- Up-to-date: /home/catherine-maglione/yolo_backup/install/nuturtlebot_msgs/lib/libnuturtlebot_msgs__rosidl_typesupport_introspection_cpp.so
[1.223s] -- Up-to-date: /home/catherine-maglione/yolo_backup/install/nuturtlebot_msgs/lib/libnuturtlebot_msgs__rosidl_typesupport_cpp.so
[1.223s] -- Up-to-date: /home/catherine-maglione/yolo_backup/install/nuturtlebot_msgs/share/nuturtlebot_msgs/environment/pythonpath.sh
[1.224s] -- Up-to-date: /home/catherine-maglione/yolo_backup/install/nuturtlebot_msgs/share/nuturtlebot_msgs/environment/pythonpath.dsv
[1.224s] -- Up-to-date: /home/catherine-maglione/yolo_backup/install/nuturtlebot_msgs/lib/python3.12/site-packages/nuturtlebot_msgs-0.0.2-py3.12.egg-info
[1.224s] -- Installing: /home/catherine-maglione/yolo_backup/install/nuturtlebot_msgs/lib/python3.12/site-packages/nuturtlebot_msgs-0.0.2-py3.12.egg-info/SOURCES.txt
[1.224s] -- Installing: /home/catherine-maglione/yolo_backup/install/nuturtlebot_msgs/lib/python3.12/site-packages/nuturtlebot_msgs-0.0.2-py3.12.egg-info/dependency_links.txt
[1.224s] -- Installing: /home/catherine-maglione/yolo_backup/install/nuturtlebot_msgs/lib/python3.12/site-packages/nuturtlebot_msgs-0.0.2-py3.12.egg-info/PKG-INFO
[1.224s] -- Installing: /home/catherine-maglione/yolo_backup/install/nuturtlebot_msgs/lib/python3.12/site-packages/nuturtlebot_msgs-0.0.2-py3.12.egg-info/top_level.txt
[1.224s] -- Up-to-date: /home/catherine-maglione/yolo_backup/install/nuturtlebot_msgs/lib/python3.12/site-packages/nuturtlebot_msgs
[1.225s] -- Up-to-date: /home/catherine-maglione/yolo_backup/install/nuturtlebot_msgs/lib/python3.12/site-packages/nuturtlebot_msgs/_nuturtlebot_msgs_s.ep.rosidl_typesupport_c.c
[1.225s] -- Up-to-date: /home/catherine-maglione/yolo_backup/install/nuturtlebot_msgs/lib/python3.12/site-packages/nuturtlebot_msgs/msg
[1.225s] -- Up-to-date: /home/catherine-maglione/yolo_backup/install/nuturtlebot_msgs/lib/python3.12/site-packages/nuturtlebot_msgs/msg/_sensor_data.py
[1.226s] -- Up-to-date: /home/catherine-maglione/yolo_backup/install/nuturtlebot_msgs/lib/python3.12/site-packages/nuturtlebot_msgs/msg/_wheel_commands_s.c
[1.226s] -- Up-to-date: /home/catherine-maglione/yolo_backup/install/nuturtlebot_msgs/lib/python3.12/site-packages/nuturtlebot_msgs/msg/_wheel_commands.py
[1.226s] -- Up-to-date: /home/catherine-maglione/yolo_backup/install/nuturtlebot_msgs/lib/python3.12/site-packages/nuturtlebot_msgs/msg/_sensor_data_s.c
[1.226s] -- Up-to-date: /home/catherine-maglione/yolo_backup/install/nuturtlebot_msgs/lib/python3.12/site-packages/nuturtlebot_msgs/msg/__init__.py
[1.227s] -- Up-to-date: /home/catherine-maglione/yolo_backup/install/nuturtlebot_msgs/lib/python3.12/site-packages/nuturtlebot_msgs/nuturtlebot_msgs_s__rosidl_typesupport_c.so
[1.227s] -- Up-to-date: /home/catherine-maglione/yolo_backup/install/nuturtlebot_msgs/lib/python3.12/site-packages/nuturtlebot_msgs/nuturtlebot_msgs_s__rosidl_typesupport_introspection_c.so
[1.227s] -- Up-to-date: /home/catherine-maglione/yolo_backup/install/nuturtlebot_msgs/lib/python3.12/site-packages/nuturtlebot_msgs/nuturtlebot_msgs_s__rosidl_typesupport_fastrtps_c.so
[1.227s] -- Up-to-date: /home/catherine-maglione/yolo_backup/install/nuturtlebot_msgs/lib/python3.12/site-packages/nuturtlebot_msgs/_nuturtlebot_msgs_s.ep.rosidl_typesupport_introspection_c.c
[1.227s] -- Up-to-date: /home/catherine-maglione/yolo_backup/install/nuturtlebot_msgs/lib/python3.12/site-packages/nuturtlebot_msgs/__init__.py
[1.227s] -- Up-to-date: /home/catherine-maglione/yolo_backup/install/nuturtlebot_msgs/lib/python3.12/site-packages/nuturtlebot_msgs/_nuturtlebot_msgs_s.ep.rosidl_typesupport_fastrtps_c.c
[1.289s] Listing '/home/catherine-maglione/yolo_backup/install/nuturtlebot_msgs/lib/python3.12/site-packages/nuturtlebot_msgs'...
[1.289s] Listing '/home/catherine-maglione/yolo_backup/install/nuturtlebot_msgs/lib/python3.12/site-packages/nuturtlebot_msgs/msg'...
[1.295s] -- Up-to-date: /home/catherine-maglione/yolo_backup/install/nuturtlebot_msgs/lib/python3.12/site-packages/nuturtlebot_msgs/nuturtlebot_msgs_s__rosidl_typesupport_fastrtps_c.so
[1.295s] -- Up-to-date: /home/catherine-maglione/yolo_backup/install/nuturtlebot_msgs/lib/python3.12/site-packages/nuturtlebot_msgs/nuturtlebot_msgs_s__rosidl_typesupport_introspection_c.so
[1.296s] -- Up-to-date: /home/catherine-maglione/yolo_backup/install/nuturtlebot_msgs/lib/python3.12/site-packages/nuturtlebot_msgs/nuturtlebot_msgs_s__rosidl_typesupport_c.so
[1.296s] -- Up-to-date: /home/catherine-maglione/yolo_backup/install/nuturtlebot_msgs/lib/libnuturtlebot_msgs__rosidl_generator_py.so
[1.296s] -- Up-to-date: /home/catherine-maglione/yolo_backup/install/nuturtlebot_msgs/share/nuturtlebot_msgs/msg/SensorData.idl
[1.296s] -- Up-to-date: /home/catherine-maglione/yolo_backup/install/nuturtlebot_msgs/share/nuturtlebot_msgs/msg/WheelCommands.idl
[1.296s] -- Up-to-date: /home/catherine-maglione/yolo_backup/install/nuturtlebot_msgs/share/nuturtlebot_msgs/msg/SensorData.msg
[1.297s] -- Up-to-date: /home/catherine-maglione/yolo_backup/install/nuturtlebot_msgs/share/nuturtlebot_msgs/msg/WheelCommands.msg
[1.297s] -- Up-to-date: /home/catherine-maglione/yolo_backup/install/nuturtlebot_msgs/share/ament_index/resource_index/package_run_dependencies/nuturtlebot_msgs
[1.297s] -- Up-to-date: /home/catherine-maglione/yolo_backup/install/nuturtlebot_msgs/share/ament_index/resource_index/parent_prefix_path/nuturtlebot_msgs
[1.297s] -- Up-to-date: /home/catherine-maglione/yolo_backup/install/nuturtlebot_msgs/share/nuturtlebot_msgs/environment/ament_prefix_path.sh
[1.297s] -- Up-to-date: /home/catherine-maglione/yolo_backup/install/nuturtlebot_msgs/share/nuturtlebot_msgs/environment/ament_prefix_path.dsv
[1.297s] -- Up-to-date: /home/catherine-maglione/yolo_backup/install/nuturtlebot_msgs/share/nuturtlebot_msgs/environment/path.sh
[1.297s] -- Up-to-date: /home/catherine-maglione/yolo_backup/install/nuturtlebot_msgs/share/nuturtlebot_msgs/environment/path.dsv
[1.297s] -- Up-to-date: /home/catherine-maglione/yolo_backup/install/nuturtlebot_msgs/share/nuturtlebot_msgs/local_setup.bash
[1.298s] -- Up-to-date: /home/catherine-maglione/yolo_backup/install/nuturtlebot_msgs/share/nuturtlebot_msgs/local_setup.sh
[1.298s] -- Up-to-date: /home/catherine-maglione/yolo_backup/install/nuturtlebot_msgs/share/nuturtlebot_msgs/local_setup.zsh
[1.299s] -- Up-to-date: /home/catherine-maglione/yolo_backup/install/nuturtlebot_msgs/share/nuturtlebot_msgs/local_setup.dsv
[1.299s] -- Installing: /home/catherine-maglione/yolo_backup/install/nuturtlebot_msgs/share/nuturtlebot_msgs/package.dsv
[1.299s] -- Up-to-date: /home/catherine-maglione/yolo_backup/install/nuturtlebot_msgs/share/ament_index/resource_index/packages/nuturtlebot_msgs
[1.300s] -- Up-to-date: /home/catherine-maglione/yolo_backup/install/nuturtlebot_msgs/share/nuturtlebot_msgs/cmake/export_nuturtlebot_msgs__rosidl_generator_cExport.cmake
[1.301s] -- Up-to-date: /home/catherine-maglione/yolo_backup/install/nuturtlebot_msgs/share/nuturtlebot_msgs/cmake/export_nuturtlebot_msgs__rosidl_generator_cExport-noconfig.cmake
[1.301s] -- Up-to-date: /home/catherine-maglione/yolo_backup/install/nuturtlebot_msgs/share/nuturtlebot_msgs/cmake/export_nuturtlebot_msgs__rosidl_typesupport_fastrtps_cExport.cmake
[1.302s] -- Up-to-date: /home/catherine-maglione/yolo_backup/install/nuturtlebot_msgs/share/nuturtlebot_msgs/cmake/export_nuturtlebot_msgs__rosidl_typesupport_fastrtps_cExport-noconfig.cmake
[1.302s] -- Up-to-date: /home/catherine-maglione/yolo_backup/install/nuturtlebot_msgs/share/nuturtlebot_msgs/cmake/export_nuturtlebot_msgs__rosidl_generator_cppExport.cmake
[1.302s] -- Up-to-date: /home/catherine-maglione/yolo_backup/install/nuturtlebot_msgs/share/nuturtlebot_msgs/cmake/export_nuturtlebot_msgs__rosidl_typesupport_fastrtps_cppExport.cmake
[1.303s] -- Up-to-date: /home/catherine-maglione/yolo_backup/install/nuturtlebot_msgs/share/nuturtlebot_msgs/cmake/export_nuturtlebot_msgs__rosidl_typesupport_fastrtps_cppExport-noconfig.cmake
[1.303s] -- Up-to-date: /home/catherine-maglione/yolo_backup/install/nuturtlebot_msgs/share/nuturtlebot_msgs/cmake/nuturtlebot_msgs__rosidl_typesupport_introspection_cExport.cmake
[1.303s] -- Up-to-date: /home/catherine-maglione/yolo_backup/install/nuturtlebot_msgs/share/nuturtlebot_msgs/cmake/nuturtlebot_msgs__rosidl_typesupport_introspection_cExport-noconfig.cmake
[1.303s] -- Up-to-date: /home/catherine-maglione/yolo_backup/install/nuturtlebot_msgs/share/nuturtlebot_msgs/cmake/nuturtlebot_msgs__rosidl_typesupport_cExport.cmake
[1.303s] -- Up-to-date: /home/catherine-maglione/yolo_backup/install/nuturtlebot_msgs/share/nuturtlebot_msgs/cmake/nuturtlebot_msgs__rosidl_typesupport_cExport-noconfig.cmake
[1.303s] -- Up-to-date: /home/catherine-maglione/yolo_backup/install/nuturtlebot_msgs/share/nuturtlebot_msgs/cmake/nuturtlebot_msgs__rosidl_typesupport_introspection_cppExport.cmake
[1.304s] -- Up-to-date: /home/catherine-maglione/yolo_backup/install/nuturtlebot_msgs/share/nuturtlebot_msgs/cmake/nuturtlebot_msgs__rosidl_typesupport_introspection_cppExport-noconfig.cmake
[1.304s] -- Up-to-date: /home/catherine-maglione/yolo_backup/install/nuturtlebot_msgs/share/nuturtlebot_msgs/cmake/nuturtlebot_msgs__rosidl_typesupport_cppExport.cmake
[1.304s] -- Up-to-date: /home/catherine-maglione/yolo_backup/install/nuturtlebot_msgs/share/nuturtlebot_msgs/cmake/nuturtlebot_msgs__rosidl_typesupport_cppExport-noconfig.cmake
[1.304s] -- Up-to-date: /home/catherine-maglione/yolo_backup/install/nuturtlebot_msgs/share/nuturtlebot_msgs/cmake/export_nuturtlebot_msgs__rosidl_generator_pyExport.cmake
[1.304s] -- Up-to-date: /home/catherine-maglione/yolo_backup/install/nuturtlebot_msgs/share/nuturtlebot_msgs/cmake/export_nuturtlebot_msgs__rosidl_generator_pyExport-noconfig.cmake
[1.305s] -- Up-to-date: /home/catherine-maglione/yolo_backup/install/nuturtlebot_msgs/share/nuturtlebot_msgs/cmake/rosidl_cmake-extras.cmake
[1.308s] -- Up-to-date: /home/catherine-maglione/yolo_backup/install/nuturtlebot_msgs/share/nuturtlebot_msgs/cmake/ament_cmake_export_dependencies-extras.cmake
[1.309s] -- Up-to-date: /home/catherine-maglione/yolo_backup/install/nuturtlebot_msgs/share/nuturtlebot_msgs/cmake/ament_cmake_export_include_directories-extras.cmake
[1.310s] -- Up-to-date: /home/catherine-maglione/yolo_backup/install/nuturtlebot_msgs/share/nuturtlebot_msgs/cmake/ament_cmake_export_libraries-extras.cmake
[1.310s] -- Up-to-date: /home/catherine-maglione/yolo_backup/install/nuturtlebot_msgs/share/nuturtlebot_msgs/cmake/ament_cmake_export_targets-extras.cmake
[1.310s] -- Up-to-date: /home/catherine-maglione/yolo_backup/install/nuturtlebot_msgs/share/nuturtlebot_msgs/cmake/rosidl_cmake_export_typesupport_targets-extras.cmake
[1.310s] -- Up-to-date: /home/catherine-maglione/yolo_backup/install/nuturtlebot_msgs/share/nuturtlebot_msgs/cmake/rosidl_cmake_export_typesupport_libraries-extras.cmake
[1.310s] -- Up-to-date: /home/catherine-maglione/yolo_backup/install/nuturtlebot_msgs/share/nuturtlebot_msgs/cmake/nuturtlebot_msgsConfig.cmake
[1.311s] -- Up-to-date: /home/catherine-maglione/yolo_backup/install/nuturtlebot_msgs/share/nuturtlebot_msgs/cmake/nuturtlebot_msgsConfig-version.cmake
[1.311s] -- Up-to-date: /home/catherine-maglione/yolo_backup/install/nuturtlebot_msgs/share/nuturtlebot_msgs/package.xml
[1.311s] Invoked command in '/home/catherine-maglione/yolo_backup/build/nuturtlebot_msgs' returned '0': CMAKE_PREFIX_PATH=${CMAKE_PREFIX_PATH}:/home/catherine-maglione/yolo_backup/install/me495_yolo:/opt/ros/jazzy /usr/bin/cmake --install /home/catherine-maglione/yolo_backup/build/nuturtlebot_msgs
